[ 2018-02-20T09:07:46+08:00 ] 127.0.0.1 /
INFO: [ app_init ] --START--
INFO: Run Behavior\BuildLiteBehavior [ RunTime:0.000026s ]
INFO: [ app_init ] --END-- [ RunTime:0.014313s ]
INFO: [ app_begin ] --START--
INFO: Run Behavior\ReadHtmlCacheBehavior [ RunTime:0.015837s ]
INFO: [ app_begin ] --END-- [ RunTime:0.015919s ]
INFO: [ view_parse ] --START--
INFO: Run Behavior\ParseTemplateBehavior [ RunTime:0.001465s ]
INFO: [ view_parse ] --END-- [ RunTime:0.001547s ]
INFO: [ view_filter ] --START--
INFO: Run Behavior\WriteHtmlCacheBehavior [ RunTime:0.011368s ]
INFO: [ view_filter ] --END-- [ RunTime:0.011428s ]
INFO: [ app_end ] --START--
INFO: Run Behavior\ShowPageTraceBehavior [ RunTime:0.017753s ]
INFO: [ app_end ] --END-- [ RunTime:0.017844s ]

[ 2018-02-20T09:07:50+08:00 ] 127.0.0.1 /admin.php
INFO: [ app_init ] --START--
INFO: Run Behavior\BuildLiteBehavior [ RunTime:0.000012s ]
INFO: [ app_init ] --END-- [ RunTime:0.000461s ]
INFO: [ app_begin ] --START--
INFO: Run Behavior\ReadHtmlCacheBehavior [ RunTime:0.000550s ]
INFO: [ app_begin ] --END-- [ RunTime:0.000594s ]
INFO: [ view_parse ] --START--
INFO: [ template_filter ] --START--
INFO: Run Behavior\ContentReplaceBehavior [ RunTime:0.000044s ]
INFO: [ template_filter ] --END-- [ RunTime:0.000115s ]
INFO: Run Behavior\ParseTemplateBehavior [ RunTime:0.066714s ]
INFO: [ view_parse ] --END-- [ RunTime:0.066787s ]
INFO: [ view_filter ] --START--
INFO: Run Behavior\WriteHtmlCacheBehavior [ RunTime:0.000841s ]
INFO: [ view_filter ] --END-- [ RunTime:0.000890s ]

[ 2018-02-20T09:07:53+08:00 ] 127.0.0.1 /admin.php/Login/index.html
INFO: [ app_init ] --START--
INFO: Run Behavior\BuildLiteBehavior [ RunTime:0.000013s ]
INFO: [ app_init ] --END-- [ RunTime:0.000633s ]
INFO: [ app_begin ] --START--
INFO: Run Behavior\ReadHtmlCacheBehavior [ RunTime:0.000819s ]
INFO: [ app_begin ] --END-- [ RunTime:0.000880s ]
SQL: SHOW COLUMNS FROM `sp_admin` [ RunTime:0.004397s ]
INFO: [ view_parse ] --START--
INFO: [ template_filter ] --START--
INFO: Run Behavior\ContentReplaceBehavior [ RunTime:0.000069s ]
INFO: [ template_filter ] --END-- [ RunTime:0.000138s ]
INFO: Run Behavior\ParseTemplateBehavior [ RunTime:0.037304s ]
INFO: [ view_parse ] --END-- [ RunTime:0.037401s ]
INFO: [ view_filter ] --START--
INFO: Run Behavior\WriteHtmlCacheBehavior [ RunTime:0.000833s ]
INFO: [ view_filter ] --END-- [ RunTime:0.000886s ]
INFO: [ app_end ] --START--
INFO: Run Behavior\ShowPageTraceBehavior [ RunTime:0.001193s ]
INFO: [ app_end ] --END-- [ RunTime:0.001248s ]

[ 2018-02-20T09:08:01+08:00 ] 127.0.0.1 /admin.php/Login/index.html
INFO: [ app_init ] --START--
INFO: Run Behavior\BuildLiteBehavior [ RunTime:0.000015s ]
INFO: [ app_init ] --END-- [ RunTime:0.001118s ]
INFO: [ app_begin ] --START--
INFO: Run Behavior\ReadHtmlCacheBehavior [ RunTime:0.000712s ]
INFO: [ app_begin ] --END-- [ RunTime:0.000759s ]
SQL: SHOW COLUMNS FROM `sp_admin` [ RunTime:0.002264s ]
SQL: SELECT * FROM `sp_admin` WHERE ( username='nurdun' and password=md5('123456') ) LIMIT 1   [ RunTime:0.002244s ]
INFO: [ view_parse ] --START--
INFO: [ template_filter ] --START--
INFO: Run Behavior\ContentReplaceBehavior [ RunTime:0.000078s ]
INFO: [ template_filter ] --END-- [ RunTime:0.000198s ]
INFO: Run Behavior\ParseTemplateBehavior [ RunTime:0.024159s ]
INFO: [ view_parse ] --END-- [ RunTime:0.024270s ]
INFO: [ view_filter ] --START--
INFO: Run Behavior\WriteHtmlCacheBehavior [ RunTime:0.001174s ]
INFO: [ view_filter ] --END-- [ RunTime:0.001264s ]
INFO: [ app_end ] --START--
INFO: Run Behavior\ShowPageTraceBehavior [ RunTime:0.002246s ]
INFO: [ app_end ] --END-- [ RunTime:0.002341s ]

[ 2018-02-20T09:08:02+08:00 ] 127.0.0.1 /admin.php/Index/index.html
INFO: [ app_init ] --START--
INFO: Run Behavior\BuildLiteBehavior [ RunTime:0.000014s ]
INFO: [ app_init ] --END-- [ RunTime:0.000622s ]
INFO: [ app_begin ] --START--
INFO: Run Behavior\ReadHtmlCacheBehavior [ RunTime:0.000710s ]
INFO: [ app_begin ] --END-- [ RunTime:0.000765s ]
INFO: [ view_parse ] --START--
INFO: [ template_filter ] --START--
INFO: Run Behavior\ContentReplaceBehavior [ RunTime:0.000268s ]
INFO: [ template_filter ] --END-- [ RunTime:0.000376s ]
INFO: Run Behavior\ParseTemplateBehavior [ RunTime:0.127211s ]
INFO: [ view_parse ] --END-- [ RunTime:0.127313s ]
INFO: [ view_filter ] --START--
INFO: Run Behavior\WriteHtmlCacheBehavior [ RunTime:0.000974s ]
INFO: [ view_filter ] --END-- [ RunTime:0.001063s ]
INFO: [ app_end ] --START--
INFO: Run Behavior\ShowPageTraceBehavior [ RunTime:0.002104s ]
INFO: [ app_end ] --END-- [ RunTime:0.002221s ]

[ 2018-02-20T09:08:07+08:00 ] 127.0.0.1 /admin.php/goods/goodsadd
INFO: [ app_init ] --START--
INFO: Run Behavior\BuildLiteBehavior [ RunTime:0.000012s ]
INFO: [ app_init ] --END-- [ RunTime:0.000491s ]
INFO: [ app_begin ] --START--
INFO: Run Behavior\ReadHtmlCacheBehavior [ RunTime:0.000562s ]
INFO: [ app_begin ] --END-- [ RunTime:0.000601s ]
NOTIC: [2] Declaration of Admin\Model\GoodsModel::_after_insert(&$data, $option) should be compatible with Think\Model::_after_insert($data, $options) E:\myServer\www\nisashop\application\Admin\Model\GoodsModel.class.php 第 6 行.
SQL: SHOW COLUMNS FROM `sp_goods` [ RunTime:0.005607s ]
SQL: SHOW COLUMNS FROM `sp_category` [ RunTime:0.002023s ]
SQL: SELECT * FROM `sp_category`  [ RunTime:0.000614s ]
SQL: SHOW COLUMNS FROM `sp_brand` [ RunTime:0.001940s ]
SQL: SELECT * FROM `sp_brand`  [ RunTime:0.002422s ]
SQL: SHOW COLUMNS FROM `sp_viplevel` [ RunTime:0.001887s ]
SQL: SELECT * FROM `sp_viplevel`  [ RunTime:0.001043s ]
SQL: SHOW COLUMNS FROM `sp_type` [ RunTime:0.003188s ]
SQL: SELECT * FROM `sp_type`  [ RunTime:0.001313s ]
INFO: [ view_parse ] --START--
INFO: [ template_filter ] --START--
INFO: Run Behavior\ContentReplaceBehavior [ RunTime:0.000589s ]
INFO: [ template_filter ] --END-- [ RunTime:0.000695s ]
INFO: Run Behavior\ParseTemplateBehavior [ RunTime:0.049486s ]
INFO: [ view_parse ] --END-- [ RunTime:0.049608s ]
INFO: [ view_filter ] --START--
INFO: Run Behavior\WriteHtmlCacheBehavior [ RunTime:0.001123s ]
INFO: [ view_filter ] --END-- [ RunTime:0.001214s ]
INFO: [ app_end ] --START--
INFO: Run Behavior\ShowPageTraceBehavior [ RunTime:0.002627s ]
INFO: [ app_end ] --END-- [ RunTime:0.002784s ]

[ 2018-02-20T09:08:11+08:00 ] 127.0.0.1 /admin.php/Goods/ajaxgetattr/typeid/2
INFO: [ app_init ] --START--
INFO: Run Behavior\BuildLiteBehavior [ RunTime:0.000010s ]
INFO: [ app_init ] --END-- [ RunTime:0.000485s ]
INFO: [ app_begin ] --START--
INFO: Run Behavior\ReadHtmlCacheBehavior [ RunTime:0.000558s ]
INFO: [ app_begin ] --END-- [ RunTime:0.000590s ]
SQL: SHOW COLUMNS FROM `sp_attr` [ RunTime:0.004037s ]
SQL: SELECT * FROM `sp_attr` WHERE ( `type_id` = 2 )  [ RunTime:0.001508s ]
INFO: [ app_end ] --START--
INFO: Run Behavior\ShowPageTraceBehavior [ RunTime:0.002168s ]
INFO: [ app_end ] --END-- [ RunTime:0.002265s ]

[ 2018-02-20T09:08:23+08:00 ] 127.0.0.1 /admin.php/Goods/ajaxgetattr/typeid/4
INFO: [ app_init ] --START--
INFO: Run Behavior\BuildLiteBehavior [ RunTime:0.000012s ]
INFO: [ app_init ] --END-- [ RunTime:0.000504s ]
INFO: [ app_begin ] --START--
INFO: Run Behavior\ReadHtmlCacheBehavior [ RunTime:0.001600s ]
INFO: [ app_begin ] --END-- [ RunTime:0.001685s ]
SQL: SHOW COLUMNS FROM `sp_attr` [ RunTime:0.002721s ]
SQL: SELECT * FROM `sp_attr` WHERE ( `type_id` = 4 )  [ RunTime:0.059794s ]
INFO: [ app_end ] --START--
INFO: Run Behavior\ShowPageTraceBehavior [ RunTime:0.002789s ]
INFO: [ app_end ] --END-- [ RunTime:0.002886s ]

[ 2018-02-20T09:08:26+08:00 ] 127.0.0.1 /admin.php/Goods/ajaxgetattr/typeid/2
INFO: [ app_init ] --START--
INFO: Run Behavior\BuildLiteBehavior [ RunTime:0.000013s ]
INFO: [ app_init ] --END-- [ RunTime:0.000538s ]
INFO: [ app_begin ] --START--
INFO: Run Behavior\ReadHtmlCacheBehavior [ RunTime:0.000561s ]
INFO: [ app_begin ] --END-- [ RunTime:0.000608s ]
SQL: SHOW COLUMNS FROM `sp_attr` [ RunTime:0.001669s ]
SQL: SELECT * FROM `sp_attr` WHERE ( `type_id` = 2 )  [ RunTime:0.000792s ]
INFO: [ app_end ] --START--
INFO: Run Behavior\ShowPageTraceBehavior [ RunTime:0.000988s ]
INFO: [ app_end ] --END-- [ RunTime:0.001078s ]

[ 2018-02-20T09:09:31+08:00 ] 127.0.0.1 /admin.php/goods/goodsadd
INFO: [ app_init ] --START--
INFO: Run Behavior\BuildLiteBehavior [ RunTime:0.000010s ]
INFO: [ app_init ] --END-- [ RunTime:0.000503s ]
INFO: [ app_begin ] --START--
INFO: Run Behavior\ReadHtmlCacheBehavior [ RunTime:0.000560s ]
INFO: [ app_begin ] --END-- [ RunTime:0.000597s ]
NOTIC: [2] Declaration of Admin\Model\GoodsModel::_after_insert(&$data, $option) should be compatible with Think\Model::_after_insert($data, $options) E:\myServer\www\nisashop\application\Admin\Model\GoodsModel.class.php 第 6 行.
SQL: SHOW COLUMNS FROM `sp_goods` [ RunTime:0.003796s ]
SQL: SHOW COLUMNS FROM `sp_category` [ RunTime:0.000565s ]
SQL: SELECT * FROM `sp_category`  [ RunTime:0.001000s ]
SQL: SHOW COLUMNS FROM `sp_brand` [ RunTime:0.001858s ]
SQL: SELECT * FROM `sp_brand`  [ RunTime:0.001026s ]
SQL: SHOW COLUMNS FROM `sp_viplevel` [ RunTime:0.001154s ]
SQL: SELECT * FROM `sp_viplevel`  [ RunTime:0.000270s ]
SQL: SHOW COLUMNS FROM `sp_type` [ RunTime:0.001416s ]
SQL: SELECT * FROM `sp_type`  [ RunTime:0.000580s ]
INFO: [ view_parse ] --START--
INFO: [ template_filter ] --START--
INFO: Run Behavior\ContentReplaceBehavior [ RunTime:0.000196s ]
INFO: [ template_filter ] --END-- [ RunTime:0.000233s ]
INFO: Run Behavior\ParseTemplateBehavior [ RunTime:0.009798s ]
INFO: [ view_parse ] --END-- [ RunTime:0.009863s ]
INFO: [ view_filter ] --START--
INFO: Run Behavior\WriteHtmlCacheBehavior [ RunTime:0.000425s ]
INFO: [ view_filter ] --END-- [ RunTime:0.000473s ]
INFO: [ app_end ] --START--
INFO: Run Behavior\ShowPageTraceBehavior [ RunTime:0.000948s ]
INFO: [ app_end ] --END-- [ RunTime:0.001011s ]

[ 2018-02-20T09:09:34+08:00 ] 127.0.0.1 /admin.php/Goods/ajaxgetattr/typeid/2
INFO: [ app_init ] --START--
INFO: Run Behavior\BuildLiteBehavior [ RunTime:0.000010s ]
INFO: [ app_init ] --END-- [ RunTime:0.000489s ]
INFO: [ app_begin ] --START--
INFO: Run Behavior\ReadHtmlCacheBehavior [ RunTime:0.000555s ]
INFO: [ app_begin ] --END-- [ RunTime:0.000588s ]
SQL: SHOW COLUMNS FROM `sp_attr` [ RunTime:0.001721s ]
SQL: SELECT * FROM `sp_attr` WHERE ( `type_id` = 2 )  [ RunTime:0.000933s ]
INFO: [ app_end ] --START--
INFO: Run Behavior\ShowPageTraceBehavior [ RunTime:0.000864s ]
INFO: [ app_end ] --END-- [ RunTime:0.000898s ]

[ 2018-02-20T09:11:02+08:00 ] 127.0.0.1 /admin.php/goods/goodsadd
INFO: [ app_init ] --START--
INFO: Run Behavior\BuildLiteBehavior [ RunTime:0.000012s ]
INFO: [ app_init ] --END-- [ RunTime:0.000820s ]
INFO: [ app_begin ] --START--
INFO: Run Behavior\ReadHtmlCacheBehavior [ RunTime:0.000686s ]
INFO: [ app_begin ] --END-- [ RunTime:0.000778s ]
NOTIC: [2] Declaration of Admin\Model\GoodsModel::_after_insert(&$data, $option) should be compatible with Think\Model::_after_insert($data, $options) E:\myServer\www\nisashop\application\Admin\Model\GoodsModel.class.php 第 6 行.
SQL: SHOW COLUMNS FROM `sp_goods` [ RunTime:0.002071s ]
SQL: SHOW COLUMNS FROM `sp_category` [ RunTime:0.001841s ]
SQL: SELECT * FROM `sp_category`  [ RunTime:0.000245s ]
SQL: SHOW COLUMNS FROM `sp_brand` [ RunTime:0.000937s ]
SQL: SELECT * FROM `sp_brand`  [ RunTime:0.000506s ]
SQL: SHOW COLUMNS FROM `sp_viplevel` [ RunTime:0.000964s ]
SQL: SELECT * FROM `sp_viplevel`  [ RunTime:0.001082s ]
SQL: SHOW COLUMNS FROM `sp_type` [ RunTime:0.001298s ]
SQL: SELECT * FROM `sp_type`  [ RunTime:0.000788s ]
INFO: [ view_parse ] --START--
INFO: [ template_filter ] --START--
INFO: Run Behavior\ContentReplaceBehavior [ RunTime:0.000214s ]
INFO: [ template_filter ] --END-- [ RunTime:0.000253s ]
INFO: Run Behavior\ParseTemplateBehavior [ RunTime:0.014972s ]
INFO: [ view_parse ] --END-- [ RunTime:0.015028s ]
INFO: [ view_filter ] --START--
INFO: Run Behavior\WriteHtmlCacheBehavior [ RunTime:0.000596s ]
INFO: [ view_filter ] --END-- [ RunTime:0.000643s ]
INFO: [ app_end ] --START--
INFO: Run Behavior\ShowPageTraceBehavior [ RunTime:0.000973s ]
INFO: [ app_end ] --END-- [ RunTime:0.001049s ]

[ 2018-02-20T09:11:07+08:00 ] 127.0.0.1 /admin.php/Goods/ajaxgetattr/typeid/2
INFO: [ app_init ] --START--
INFO: Run Behavior\BuildLiteBehavior [ RunTime:0.000011s ]
INFO: [ app_init ] --END-- [ RunTime:0.000505s ]
INFO: [ app_begin ] --START--
INFO: Run Behavior\ReadHtmlCacheBehavior [ RunTime:0.000556s ]
INFO: [ app_begin ] --END-- [ RunTime:0.000589s ]
SQL: SHOW COLUMNS FROM `sp_attr` [ RunTime:0.001287s ]
SQL: SELECT * FROM `sp_attr` WHERE ( `type_id` = 2 )  [ RunTime:0.000686s ]
INFO: [ app_end ] --START--
INFO: Run Behavior\ShowPageTraceBehavior [ RunTime:0.000828s ]
INFO: [ app_end ] --END-- [ RunTime:0.000867s ]

[ 2018-02-20T09:11:10+08:00 ] 127.0.0.1 /admin.php/goods/goodsadd
INFO: [ app_init ] --START--
INFO: Run Behavior\BuildLiteBehavior [ RunTime:0.000010s ]
INFO: [ app_init ] --END-- [ RunTime:0.000482s ]
INFO: [ app_begin ] --START--
INFO: Run Behavior\ReadHtmlCacheBehavior [ RunTime:0.000555s ]
INFO: [ app_begin ] --END-- [ RunTime:0.000591s ]
NOTIC: [2] Declaration of Admin\Model\GoodsModel::_after_insert(&$data, $option) should be compatible with Think\Model::_after_insert($data, $options) E:\myServer\www\nisashop\application\Admin\Model\GoodsModel.class.php 第 6 行.
SQL: SHOW COLUMNS FROM `sp_goods` [ RunTime:0.001567s ]
SQL: SHOW COLUMNS FROM `sp_category` [ RunTime:0.001996s ]
SQL: SELECT * FROM `sp_category`  [ RunTime:0.000894s ]
SQL: SHOW COLUMNS FROM `sp_brand` [ RunTime:0.000623s ]
SQL: SELECT * FROM `sp_brand`  [ RunTime:0.000337s ]
SQL: SHOW COLUMNS FROM `sp_viplevel` [ RunTime:0.000781s ]
SQL: SELECT * FROM `sp_viplevel`  [ RunTime:0.000513s ]
SQL: SHOW COLUMNS FROM `sp_type` [ RunTime:0.001004s ]
SQL: SELECT * FROM `sp_type`  [ RunTime:0.000551s ]
INFO: [ view_parse ] --START--
INFO: [ template_filter ] --START--
INFO: Run Behavior\ContentReplaceBehavior [ RunTime:0.000197s ]
INFO: [ template_filter ] --END-- [ RunTime:0.000232s ]
INFO: Run Behavior\ParseTemplateBehavior [ RunTime:0.010427s ]
INFO: [ view_parse ] --END-- [ RunTime:0.010468s ]
INFO: [ view_filter ] --START--
INFO: Run Behavior\WriteHtmlCacheBehavior [ RunTime:0.000522s ]
INFO: [ view_filter ] --END-- [ RunTime:0.000553s ]
INFO: [ app_end ] --START--
INFO: Run Behavior\ShowPageTraceBehavior [ RunTime:0.000822s ]
INFO: [ app_end ] --END-- [ RunTime:0.000888s ]

[ 2018-02-20T09:14:14+08:00 ] 127.0.0.1 /admin.php/goods/goodsadd
INFO: [ app_init ] --START--
INFO: Run Behavior\BuildLiteBehavior [ RunTime:0.000019s ]
INFO: [ app_init ] --END-- [ RunTime:0.000946s ]
INFO: [ app_begin ] --START--
INFO: Run Behavior\ReadHtmlCacheBehavior [ RunTime:0.001385s ]
INFO: [ app_begin ] --END-- [ RunTime:0.001439s ]
NOTIC: [2] Declaration of Admin\Model\GoodsModel::_after_insert(&$data, $option) should be compatible with Think\Model::_after_insert($data, $options) E:\myServer\www\nisashop\application\Admin\Model\GoodsModel.class.php 第 6 行.
SQL: SHOW COLUMNS FROM `sp_goods` [ RunTime:0.091575s ]
SQL: SHOW COLUMNS FROM `sp_category` [ RunTime:0.001341s ]
SQL: SELECT * FROM `sp_category`  [ RunTime:0.000265s ]
SQL: SHOW COLUMNS FROM `sp_brand` [ RunTime:0.001516s ]
SQL: SELECT * FROM `sp_brand`  [ RunTime:0.000756s ]
SQL: SHOW COLUMNS FROM `sp_viplevel` [ RunTime:0.002657s ]
SQL: SELECT * FROM `sp_viplevel`  [ RunTime:0.000554s ]
SQL: SHOW COLUMNS FROM `sp_type` [ RunTime:0.001217s ]
SQL: SELECT * FROM `sp_type`  [ RunTime:0.000431s ]
INFO: [ view_parse ] --START--
INFO: [ template_filter ] --START--
INFO: Run Behavior\ContentReplaceBehavior [ RunTime:0.000198s ]
INFO: [ template_filter ] --END-- [ RunTime:0.000238s ]
INFO: Run Behavior\ParseTemplateBehavior [ RunTime:0.012784s ]
INFO: [ view_parse ] --END-- [ RunTime:0.012836s ]
INFO: [ view_filter ] --START--
INFO: Run Behavior\WriteHtmlCacheBehavior [ RunTime:0.001096s ]
INFO: [ view_filter ] --END-- [ RunTime:0.001223s ]
INFO: [ app_end ] --START--
INFO: Run Behavior\ShowPageTraceBehavior [ RunTime:0.000940s ]
INFO: [ app_end ] --END-- [ RunTime:0.001006s ]

[ 2018-02-20T09:14:18+08:00 ] 127.0.0.1 /admin.php/Goods/ajaxgetattr/typeid/2
INFO: [ app_init ] --START--
INFO: Run Behavior\BuildLiteBehavior [ RunTime:0.000011s ]
INFO: [ app_init ] --END-- [ RunTime:0.000490s ]
INFO: [ app_begin ] --START--
INFO: Run Behavior\ReadHtmlCacheBehavior [ RunTime:0.000558s ]
INFO: [ app_begin ] --END-- [ RunTime:0.000591s ]
SQL: SHOW COLUMNS FROM `sp_attr` [ RunTime:0.001240s ]
SQL: SELECT * FROM `sp_attr` WHERE ( `type_id` = 2 )  [ RunTime:0.001263s ]
INFO: [ app_end ] --START--
INFO: Run Behavior\ShowPageTraceBehavior [ RunTime:0.000849s ]
INFO: [ app_end ] --END-- [ RunTime:0.000882s ]

[ 2018-02-20T09:14:19+08:00 ] 127.0.0.1 /admin.php/goods/goodsadd
INFO: [ app_init ] --START--
INFO: Run Behavior\BuildLiteBehavior [ RunTime:0.000011s ]
INFO: [ app_init ] --END-- [ RunTime:0.000740s ]
INFO: [ app_begin ] --START--
INFO: Run Behavior\ReadHtmlCacheBehavior [ RunTime:0.000587s ]
INFO: [ app_begin ] --END-- [ RunTime:0.000626s ]
NOTIC: [2] Declaration of Admin\Model\GoodsModel::_after_insert(&$data, $option) should be compatible with Think\Model::_after_insert($data, $options) E:\myServer\www\nisashop\application\Admin\Model\GoodsModel.class.php 第 6 行.
SQL: SHOW COLUMNS FROM `sp_goods` [ RunTime:0.000622s ]
SQL: SHOW COLUMNS FROM `sp_category` [ RunTime:0.000506s ]
SQL: SELECT * FROM `sp_category`  [ RunTime:0.001054s ]
SQL: SHOW COLUMNS FROM `sp_brand` [ RunTime:0.000584s ]
SQL: SELECT * FROM `sp_brand`  [ RunTime:0.000254s ]
SQL: SHOW COLUMNS FROM `sp_viplevel` [ RunTime:0.000504s ]
SQL: SELECT * FROM `sp_viplevel`  [ RunTime:0.000236s ]
SQL: SHOW COLUMNS FROM `sp_type` [ RunTime:0.000462s ]
SQL: SELECT * FROM `sp_type`  [ RunTime:0.000238s ]
INFO: [ view_parse ] --START--
INFO: [ template_filter ] --START--
INFO: Run Behavior\ContentReplaceBehavior [ RunTime:0.000197s ]
INFO: [ template_filter ] --END-- [ RunTime:0.000237s ]
INFO: Run Behavior\ParseTemplateBehavior [ RunTime:0.010943s ]
INFO: [ view_parse ] --END-- [ RunTime:0.010983s ]
INFO: [ view_filter ] --START--
INFO: Run Behavior\WriteHtmlCacheBehavior [ RunTime:0.000513s ]
INFO: [ view_filter ] --END-- [ RunTime:0.000543s ]
INFO: [ app_end ] --START--
INFO: Run Behavior\ShowPageTraceBehavior [ RunTime:0.000790s ]
INFO: [ app_end ] --END-- [ RunTime:0.000838s ]

[ 2018-02-20T09:14:23+08:00 ] 127.0.0.1 /admin.php/Goods/ajaxgetattr/typeid/2
INFO: [ app_init ] --START--
INFO: Run Behavior\BuildLiteBehavior [ RunTime:0.000010s ]
INFO: [ app_init ] --END-- [ RunTime:0.000472s ]
INFO: [ app_begin ] --START--
INFO: Run Behavior\ReadHtmlCacheBehavior [ RunTime:0.000782s ]
INFO: [ app_begin ] --END-- [ RunTime:0.000891s ]
SQL: SHOW COLUMNS FROM `sp_attr` [ RunTime:0.000558s ]
SQL: SELECT * FROM `sp_attr` WHERE ( `type_id` = 2 )  [ RunTime:0.000297s ]
INFO: [ app_end ] --START--
INFO: Run Behavior\ShowPageTraceBehavior [ RunTime:0.000832s ]
INFO: [ app_end ] --END-- [ RunTime:0.000866s ]

[ 2018-02-20T09:24:07+08:00 ] 127.0.0.1 /admin.php/goods/goodsadd
INFO: [ app_init ] --START--
INFO: Run Behavior\BuildLiteBehavior [ RunTime:0.000010s ]
INFO: [ app_init ] --END-- [ RunTime:0.000529s ]
INFO: [ app_begin ] --START--
INFO: Run Behavior\ReadHtmlCacheBehavior [ RunTime:0.000654s ]
INFO: [ app_begin ] --END-- [ RunTime:0.000691s ]
NOTIC: [2] Declaration of Admin\Model\GoodsModel::_after_insert(&$data, $option) should be compatible with Think\Model::_after_insert($data, $options) E:\myServer\www\nisashop\application\Admin\Model\GoodsModel.class.php 第 6 行.
SQL: SHOW COLUMNS FROM `sp_goods` [ RunTime:0.003375s ]
SQL: SHOW COLUMNS FROM `sp_category` [ RunTime:0.000873s ]
SQL: SELECT * FROM `sp_category`  [ RunTime:0.000259s ]
SQL: SHOW COLUMNS FROM `sp_brand` [ RunTime:0.001050s ]
SQL: SELECT * FROM `sp_brand`  [ RunTime:0.000247s ]
SQL: SHOW COLUMNS FROM `sp_viplevel` [ RunTime:0.001024s ]
SQL: SELECT * FROM `sp_viplevel`  [ RunTime:0.000442s ]
SQL: SHOW COLUMNS FROM `sp_type` [ RunTime:0.001125s ]
SQL: SELECT * FROM `sp_type`  [ RunTime:0.000716s ]
INFO: [ view_parse ] --START--
INFO: [ template_filter ] --START--
INFO: Run Behavior\ContentReplaceBehavior [ RunTime:0.000199s ]
INFO: [ template_filter ] --END-- [ RunTime:0.000236s ]
INFO: Run Behavior\ParseTemplateBehavior [ RunTime:0.010383s ]
INFO: [ view_parse ] --END-- [ RunTime:0.010426s ]
INFO: [ view_filter ] --START--
INFO: Run Behavior\WriteHtmlCacheBehavior [ RunTime:0.000525s ]
INFO: [ view_filter ] --END-- [ RunTime:0.000556s ]
INFO: [ app_end ] --START--
INFO: Run Behavior\ShowPageTraceBehavior [ RunTime:0.000813s ]
INFO: [ app_end ] --END-- [ RunTime:0.000861s ]

[ 2018-02-20T09:24:09+08:00 ] 127.0.0.1 /admin.php/Goods/ajaxgetattr/typeid/2
INFO: [ app_init ] --START--
INFO: Run Behavior\BuildLiteBehavior [ RunTime:0.000020s ]
INFO: [ app_init ] --END-- [ RunTime:0.000782s ]
INFO: [ app_begin ] --START--
INFO: Run Behavior\ReadHtmlCacheBehavior [ RunTime:0.000875s ]
INFO: [ app_begin ] --END-- [ RunTime:0.000924s ]
SQL: SHOW COLUMNS FROM `sp_attr` [ RunTime:0.001189s ]
SQL: SELECT * FROM `sp_attr` WHERE ( `type_id` = 2 )  [ RunTime:0.000860s ]
INFO: [ app_end ] --START--
INFO: Run Behavior\ShowPageTraceBehavior [ RunTime:0.000828s ]
INFO: [ app_end ] --END-- [ RunTime:0.000863s ]

[ 2018-02-20T09:30:05+08:00 ] 127.0.0.1 /admin.php/goods/goodsadd
INFO: [ app_init ] --START--
INFO: Run Behavior\BuildLiteBehavior [ RunTime:0.000011s ]
INFO: [ app_init ] --END-- [ RunTime:0.000780s ]
INFO: [ app_begin ] --START--
INFO: Run Behavior\ReadHtmlCacheBehavior [ RunTime:0.001585s ]
INFO: [ app_begin ] --END-- [ RunTime:0.001649s ]
NOTIC: [2] Declaration of Admin\Model\GoodsModel::_after_insert(&$data, $option) should be compatible with Think\Model::_after_insert($data, $options) E:\myServer\www\nisashop\application\Admin\Model\GoodsModel.class.php 第 6 行.
SQL: SHOW COLUMNS FROM `sp_goods` [ RunTime:0.001887s ]
SQL: SHOW COLUMNS FROM `sp_category` [ RunTime:0.001121s ]
SQL: SELECT * FROM `sp_category`  [ RunTime:0.000237s ]
SQL: SHOW COLUMNS FROM `sp_brand` [ RunTime:0.000717s ]
SQL: SELECT * FROM `sp_brand`  [ RunTime:0.000234s ]
SQL: SHOW COLUMNS FROM `sp_viplevel` [ RunTime:0.000486s ]
SQL: SELECT * FROM `sp_viplevel`  [ RunTime:0.000227s ]
SQL: SHOW COLUMNS FROM `sp_type` [ RunTime:0.000693s ]
SQL: SELECT * FROM `sp_type`  [ RunTime:0.000431s ]
INFO: [ view_parse ] --START--
INFO: [ template_filter ] --START--
INFO: Run Behavior\ContentReplaceBehavior [ RunTime:0.000199s ]
INFO: [ template_filter ] --END-- [ RunTime:0.000237s ]
INFO: Run Behavior\ParseTemplateBehavior [ RunTime:0.013020s ]
INFO: [ view_parse ] --END-- [ RunTime:0.013062s ]
INFO: [ view_filter ] --START--
INFO: Run Behavior\WriteHtmlCacheBehavior [ RunTime:0.000467s ]
INFO: [ view_filter ] --END-- [ RunTime:0.000498s ]
INFO: [ app_end ] --START--
INFO: Run Behavior\ShowPageTraceBehavior [ RunTime:0.000900s ]
INFO: [ app_end ] --END-- [ RunTime:0.000952s ]

[ 2018-02-20T09:30:08+08:00 ] 127.0.0.1 /admin.php/Goods/ajaxgetattr/typeid/3
INFO: [ app_init ] --START--
INFO: Run Behavior\BuildLiteBehavior [ RunTime:0.000011s ]
INFO: [ app_init ] --END-- [ RunTime:0.000487s ]
INFO: [ app_begin ] --START--
INFO: Run Behavior\ReadHtmlCacheBehavior [ RunTime:0.000555s ]
INFO: [ app_begin ] --END-- [ RunTime:0.000586s ]
SQL: SHOW COLUMNS FROM `sp_attr` [ RunTime:0.001292s ]
SQL: SELECT * FROM `sp_attr` WHERE ( `type_id` = 3 )  [ RunTime:0.001578s ]
INFO: [ app_end ] --START--
INFO: Run Behavior\ShowPageTraceBehavior [ RunTime:0.000842s ]
INFO: [ app_end ] --END-- [ RunTime:0.000875s ]

[ 2018-02-20T09:30:26+08:00 ] 127.0.0.1 /admin.php/Goods/ajaxgetattr/typeid/4
INFO: [ app_init ] --START--
INFO: Run Behavior\BuildLiteBehavior [ RunTime:0.000011s ]
INFO: [ app_init ] --END-- [ RunTime:0.000486s ]
INFO: [ app_begin ] --START--
INFO: Run Behavior\ReadHtmlCacheBehavior [ RunTime:0.000564s ]
INFO: [ app_begin ] --END-- [ RunTime:0.000597s ]
SQL: SHOW COLUMNS FROM `sp_attr` [ RunTime:0.000661s ]
SQL: SELECT * FROM `sp_attr` WHERE ( `type_id` = 4 )  [ RunTime:0.000344s ]
INFO: [ app_end ] --START--
INFO: Run Behavior\ShowPageTraceBehavior [ RunTime:0.000837s ]
INFO: [ app_end ] --END-- [ RunTime:0.000873s ]

[ 2018-02-20T09:32:04+08:00 ] 127.0.0.1 /admin.php/Goods/ajaxgetattr/typeid/3
INFO: [ app_init ] --START--
INFO: Run Behavior\BuildLiteBehavior [ RunTime:0.000012s ]
INFO: [ app_init ] --END-- [ RunTime:0.000490s ]
INFO: [ app_begin ] --START--
INFO: Run Behavior\ReadHtmlCacheBehavior [ RunTime:0.000568s ]
INFO: [ app_begin ] --END-- [ RunTime:0.000600s ]
SQL: SHOW COLUMNS FROM `sp_attr` [ RunTime:0.000563s ]
SQL: SELECT * FROM `sp_attr` WHERE ( `type_id` = 3 )  [ RunTime:0.000311s ]
INFO: [ app_end ] --START--
INFO: Run Behavior\ShowPageTraceBehavior [ RunTime:0.000830s ]
INFO: [ app_end ] --END-- [ RunTime:0.000864s ]

[ 2018-02-20T09:32:06+08:00 ] 127.0.0.1 /admin.php/Goods/ajaxgetattr/typeid/4
INFO: [ app_init ] --START--
INFO: Run Behavior\BuildLiteBehavior [ RunTime:0.000011s ]
INFO: [ app_init ] --END-- [ RunTime:0.000518s ]
INFO: [ app_begin ] --START--
INFO: Run Behavior\ReadHtmlCacheBehavior [ RunTime:0.000573s ]
INFO: [ app_begin ] --END-- [ RunTime:0.000607s ]
SQL: SHOW COLUMNS FROM `sp_attr` [ RunTime:0.000569s ]
SQL: SELECT * FROM `sp_attr` WHERE ( `type_id` = 4 )  [ RunTime:0.000314s ]
INFO: [ app_end ] --START--
INFO: Run Behavior\ShowPageTraceBehavior [ RunTime:0.000826s ]
INFO: [ app_end ] --END-- [ RunTime:0.000860s ]

[ 2018-02-20T09:32:08+08:00 ] 127.0.0.1 /admin.php/Goods/ajaxgetattr/typeid/2
INFO: [ app_init ] --START--
INFO: Run Behavior\BuildLiteBehavior [ RunTime:0.000011s ]
INFO: [ app_init ] --END-- [ RunTime:0.000492s ]
INFO: [ app_begin ] --START--
INFO: Run Behavior\ReadHtmlCacheBehavior [ RunTime:0.000556s ]
INFO: [ app_begin ] --END-- [ RunTime:0.000587s ]
SQL: SHOW COLUMNS FROM `sp_attr` [ RunTime:0.165419s ]
SQL: SELECT * FROM `sp_attr` WHERE ( `type_id` = 2 )  [ RunTime:0.000670s ]
INFO: [ app_end ] --START--
INFO: Run Behavior\ShowPageTraceBehavior [ RunTime:0.001386s ]
INFO: [ app_end ] --END-- [ RunTime:0.001488s ]

[ 2018-02-20T09:38:52+08:00 ] 127.0.0.1 /admin.php/goods/goodsadd
INFO: [ app_init ] --START--
INFO: Run Behavior\BuildLiteBehavior [ RunTime:0.000013s ]
INFO: [ app_init ] --END-- [ RunTime:0.000547s ]
INFO: [ app_begin ] --START--
INFO: Run Behavior\ReadHtmlCacheBehavior [ RunTime:0.000657s ]
INFO: [ app_begin ] --END-- [ RunTime:0.000695s ]
NOTIC: [2] Declaration of Admin\Model\GoodsModel::_after_insert(&$data, $option) should be compatible with Think\Model::_after_insert($data, $options) E:\myServer\www\nisashop\application\Admin\Model\GoodsModel.class.php 第 6 行.
SQL: SHOW COLUMNS FROM `sp_goods` [ RunTime:0.001409s ]
SQL: SHOW COLUMNS FROM `sp_category` [ RunTime:0.000978s ]
SQL: SELECT * FROM `sp_category`  [ RunTime:0.000638s ]
SQL: SHOW COLUMNS FROM `sp_brand` [ RunTime:0.001024s ]
SQL: SELECT * FROM `sp_brand`  [ RunTime:0.000851s ]
SQL: SHOW COLUMNS FROM `sp_viplevel` [ RunTime:0.001113s ]
SQL: SELECT * FROM `sp_viplevel`  [ RunTime:0.000518s ]
SQL: SHOW COLUMNS FROM `sp_type` [ RunTime:0.001105s ]
SQL: SELECT * FROM `sp_type`  [ RunTime:0.000595s ]
INFO: [ view_parse ] --START--
INFO: [ template_filter ] --START--
INFO: Run Behavior\ContentReplaceBehavior [ RunTime:0.000202s ]
INFO: [ template_filter ] --END-- [ RunTime:0.000241s ]
INFO: Run Behavior\ParseTemplateBehavior [ RunTime:0.011099s ]
INFO: [ view_parse ] --END-- [ RunTime:0.011145s ]
INFO: [ view_filter ] --START--
INFO: Run Behavior\WriteHtmlCacheBehavior [ RunTime:0.000532s ]
INFO: [ view_filter ] --END-- [ RunTime:0.000563s ]
INFO: [ app_end ] --START--
INFO: Run Behavior\ShowPageTraceBehavior [ RunTime:0.001313s ]
INFO: [ app_end ] --END-- [ RunTime:0.001541s ]

[ 2018-02-20T09:38:56+08:00 ] 127.0.0.1 /admin.php/Goods/ajaxgetattr/typeid/2
INFO: [ app_init ] --START--
INFO: Run Behavior\BuildLiteBehavior [ RunTime:0.000011s ]
INFO: [ app_init ] --END-- [ RunTime:0.000486s ]
INFO: [ app_begin ] --START--
INFO: Run Behavior\ReadHtmlCacheBehavior [ RunTime:0.000554s ]
INFO: [ app_begin ] --END-- [ RunTime:0.000586s ]
SQL: SHOW COLUMNS FROM `sp_attr` [ RunTime:0.000622s ]
SQL: SELECT * FROM `sp_attr` WHERE ( `type_id` = 2 )  [ RunTime:0.000316s ]
INFO: [ app_end ] --START--
INFO: Run Behavior\ShowPageTraceBehavior [ RunTime:0.000824s ]
INFO: [ app_end ] --END-- [ RunTime:0.000859s ]

[ 2018-02-20T09:39:51+08:00 ] 127.0.0.1 /admin.php/attr/attrlist/typeid/1
INFO: [ app_init ] --START--
INFO: Run Behavior\BuildLiteBehavior [ RunTime:0.000010s ]
INFO: [ app_init ] --END-- [ RunTime:0.000512s ]
INFO: [ app_begin ] --START--
INFO: Run Behavior\ReadHtmlCacheBehavior [ RunTime:0.001108s ]
INFO: [ app_begin ] --END-- [ RunTime:0.001202s ]
SQL: SHOW COLUMNS FROM `sp_attr` [ RunTime:0.001734s ]
SQL: SELECT COUNT(*) AS tp_count FROM `sp_attr` WHERE ( `type_id` = 1 ) LIMIT 1   [ RunTime:0.082069s ]
NOTIC: [8] Undefined offset: 0 E:\myServer\www\nisashop\library\ThinkPHP\Library\Think\Model.class.php 第 207 行.
SQL: SELECT * FROM `sp_attr` WHERE ( `type_id` = 1 ) LIMIT 0,5   [ RunTime:0.001064s ]
SQL: SHOW COLUMNS FROM `sp_type` [ RunTime:0.001959s ]
SQL: SELECT * FROM `sp_type`  [ RunTime:0.001034s ]
INFO: [ view_parse ] --START--
INFO: [ template_filter ] --START--
INFO: Run Behavior\ContentReplaceBehavior [ RunTime:0.000396s ]
INFO: [ template_filter ] --END-- [ RunTime:0.000500s ]
INFO: Run Behavior\ParseTemplateBehavior [ RunTime:0.039858s ]
INFO: [ view_parse ] --END-- [ RunTime:0.040005s ]
INFO: [ view_filter ] --START--
INFO: Run Behavior\WriteHtmlCacheBehavior [ RunTime:0.001348s ]
INFO: [ view_filter ] --END-- [ RunTime:0.001438s ]
INFO: [ app_end ] --START--
INFO: Run Behavior\ShowPageTraceBehavior [ RunTime:0.003801s ]
INFO: [ app_end ] --END-- [ RunTime:0.003979s ]

[ 2018-02-20T09:39:58+08:00 ] 127.0.0.1 /admin.php/Attr/attrlist/typeid/3
INFO: [ app_init ] --START--
INFO: Run Behavior\BuildLiteBehavior [ RunTime:0.000010s ]
INFO: [ app_init ] --END-- [ RunTime:0.000491s ]
INFO: [ app_begin ] --START--
INFO: Run Behavior\ReadHtmlCacheBehavior [ RunTime:0.000553s ]
INFO: [ app_begin ] --END-- [ RunTime:0.000588s ]
SQL: SHOW COLUMNS FROM `sp_attr` [ RunTime:0.000813s ]
SQL: SELECT COUNT(*) AS tp_count FROM `sp_attr` WHERE ( `type_id` = 3 ) LIMIT 1   [ RunTime:0.000306s ]
NOTIC: [8] Undefined offset: 0 E:\myServer\www\nisashop\library\ThinkPHP\Library\Think\Model.class.php 第 207 行.
SQL: SELECT * FROM `sp_attr` WHERE ( `type_id` = 3 ) LIMIT 0,5   [ RunTime:0.023204s ]
SQL: SHOW COLUMNS FROM `sp_type` [ RunTime:0.002346s ]
SQL: SELECT * FROM `sp_type`  [ RunTime:0.000682s ]
INFO: [ view_parse ] --START--
INFO: [ template_filter ] --START--
INFO: Run Behavior\ContentReplaceBehavior [ RunTime:0.000390s ]
INFO: [ template_filter ] --END-- [ RunTime:0.000495s ]
INFO: Run Behavior\ParseTemplateBehavior [ RunTime:0.029006s ]
INFO: [ view_parse ] --END-- [ RunTime:0.029154s ]
INFO: [ view_filter ] --START--
INFO: Run Behavior\WriteHtmlCacheBehavior [ RunTime:0.001716s ]
INFO: [ view_filter ] --END-- [ RunTime:0.001818s ]
INFO: [ app_end ] --START--
INFO: Run Behavior\ShowPageTraceBehavior [ RunTime:0.003762s ]
INFO: [ app_end ] --END-- [ RunTime:0.003892s ]

[ 2018-02-20T09:39:59+08:00 ] 127.0.0.1 /admin.php/Attr/attrlist/typeid/2
INFO: [ app_init ] --START--
INFO: Run Behavior\BuildLiteBehavior [ RunTime:0.000016s ]
INFO: [ app_init ] --END-- [ RunTime:0.000744s ]
INFO: [ app_begin ] --START--
INFO: Run Behavior\ReadHtmlCacheBehavior [ RunTime:0.000541s ]
INFO: [ app_begin ] --END-- [ RunTime:0.000579s ]
SQL: SHOW COLUMNS FROM `sp_attr` [ RunTime:0.000578s ]
SQL: SELECT COUNT(*) AS tp_count FROM `sp_attr` WHERE ( `type_id` = 2 ) LIMIT 1   [ RunTime:0.000514s ]
NOTIC: [8] Undefined offset: 0 E:\myServer\www\nisashop\library\ThinkPHP\Library\Think\Model.class.php 第 207 行.
SQL: SELECT * FROM `sp_attr` WHERE ( `type_id` = 2 ) LIMIT 0,5   [ RunTime:0.000726s ]
SQL: SHOW COLUMNS FROM `sp_type` [ RunTime:0.000545s ]
SQL: SELECT * FROM `sp_type`  [ RunTime:0.000228s ]
INFO: [ view_parse ] --START--
INFO: [ template_filter ] --START--
INFO: Run Behavior\ContentReplaceBehavior [ RunTime:0.000135s ]
INFO: [ template_filter ] --END-- [ RunTime:0.000180s ]
INFO: Run Behavior\ParseTemplateBehavior [ RunTime:0.009515s ]
INFO: [ view_parse ] --END-- [ RunTime:0.009553s ]
INFO: [ view_filter ] --START--
INFO: Run Behavior\WriteHtmlCacheBehavior [ RunTime:0.000516s ]
INFO: [ view_filter ] --END-- [ RunTime:0.000546s ]
INFO: [ app_end ] --START--
INFO: Run Behavior\ShowPageTraceBehavior [ RunTime:0.000719s ]
INFO: [ app_end ] --END-- [ RunTime:0.000761s ]

[ 2018-02-20T09:40:04+08:00 ] 127.0.0.1 /admin.php/Attr/attredit/id/1/typeid/2
INFO: [ app_init ] --START--
INFO: Run Behavior\BuildLiteBehavior [ RunTime:0.000036s ]
INFO: [ app_init ] --END-- [ RunTime:0.000544s ]
INFO: [ app_begin ] --START--
INFO: Run Behavior\ReadHtmlCacheBehavior [ RunTime:0.000550s ]
INFO: [ app_begin ] --END-- [ RunTime:0.000606s ]
SQL: SHOW COLUMNS FROM `sp_attr` [ RunTime:0.000576s ]
SQL: SELECT * FROM `sp_attr` WHERE ( `id` = 1 ) LIMIT 1   [ RunTime:0.000283s ]
SQL: SHOW COLUMNS FROM `sp_type` [ RunTime:0.000837s ]
SQL: SELECT * FROM `sp_type`  [ RunTime:0.000556s ]
INFO: [ view_parse ] --START--
INFO: [ template_filter ] --START--
INFO: Run Behavior\ContentReplaceBehavior [ RunTime:0.000293s ]
INFO: [ template_filter ] --END-- [ RunTime:0.000373s ]
INFO: Run Behavior\ParseTemplateBehavior [ RunTime:0.092098s ]
INFO: [ view_parse ] --END-- [ RunTime:0.092178s ]
INFO: [ view_filter ] --START--
INFO: Run Behavior\WriteHtmlCacheBehavior [ RunTime:0.001165s ]
INFO: [ view_filter ] --END-- [ RunTime:0.001238s ]
INFO: [ app_end ] --START--
INFO: Run Behavior\ShowPageTraceBehavior [ RunTime:0.001664s ]
INFO: [ app_end ] --END-- [ RunTime:0.001764s ]

[ 2018-02-20T09:40:12+08:00 ] 127.0.0.1 /admin.php/Attr/attredit/id/1/typeid/2
INFO: [ app_init ] --START--
INFO: Run Behavior\BuildLiteBehavior [ RunTime:0.000027s ]
INFO: [ app_init ] --END-- [ RunTime:0.001246s ]
INFO: [ app_begin ] --START--
INFO: Run Behavior\ReadHtmlCacheBehavior [ RunTime:0.001492s ]
INFO: [ app_begin ] --END-- [ RunTime:0.001610s ]
SQL: SHOW COLUMNS FROM `sp_attr` [ RunTime:0.000877s ]
SQL: SELECT * FROM `sp_attr` WHERE ( `attr_name` = '尺码' ) AND ( `id` <> '1' ) LIMIT 1   [ RunTime:0.037595s ]
SQL: UPDATE `sp_attr` SET `attr_name`='尺码',`attr_type`='1',`attr_value`='',`type_id`=2 WHERE ( `id` = 1 ) [ RunTime:0.172996s ]
INFO: [ view_parse ] --START--
INFO: [ template_filter ] --START--
INFO: Run Behavior\ContentReplaceBehavior [ RunTime:0.000076s ]
INFO: [ template_filter ] --END-- [ RunTime:0.000181s ]
INFO: Run Behavior\ParseTemplateBehavior [ RunTime:0.016588s ]
INFO: [ view_parse ] --END-- [ RunTime:0.016697s ]
INFO: [ view_filter ] --START--
INFO: Run Behavior\WriteHtmlCacheBehavior [ RunTime:0.001318s ]
INFO: [ view_filter ] --END-- [ RunTime:0.001409s ]
INFO: [ app_end ] --START--
INFO: Run Behavior\ShowPageTraceBehavior [ RunTime:0.002076s ]
INFO: [ app_end ] --END-- [ RunTime:0.002191s ]

[ 2018-02-20T09:40:14+08:00 ] 127.0.0.1 /admin.php/Attr/attrlist/typeid/2.html
INFO: [ app_init ] --START--
INFO: Run Behavior\BuildLiteBehavior [ RunTime:0.000014s ]
INFO: [ app_init ] --END-- [ RunTime:0.000651s ]
INFO: [ app_begin ] --START--
INFO: Run Behavior\ReadHtmlCacheBehavior [ RunTime:0.000853s ]
INFO: [ app_begin ] --END-- [ RunTime:0.000914s ]
SQL: SHOW COLUMNS FROM `sp_attr` [ RunTime:0.000763s ]
SQL: SELECT COUNT(*) AS tp_count FROM `sp_attr` WHERE ( `type_id` = 2 ) LIMIT 1   [ RunTime:0.001020s ]
NOTIC: [8] Undefined offset: 0 E:\myServer\www\nisashop\library\ThinkPHP\Library\Think\Model.class.php 第 207 行.
SQL: SELECT * FROM `sp_attr` WHERE ( `type_id` = 2 ) LIMIT 0,5   [ RunTime:0.000515s ]
SQL: SHOW COLUMNS FROM `sp_type` [ RunTime:0.001228s ]
SQL: SELECT * FROM `sp_type`  [ RunTime:0.000506s ]
INFO: [ view_parse ] --START--
INFO: [ template_filter ] --START--
INFO: Run Behavior\ContentReplaceBehavior [ RunTime:0.000132s ]
INFO: [ template_filter ] --END-- [ RunTime:0.000168s ]
INFO: Run Behavior\ParseTemplateBehavior [ RunTime:0.009560s ]
INFO: [ view_parse ] --END-- [ RunTime:0.009598s ]
INFO: [ view_filter ] --START--
INFO: Run Behavior\WriteHtmlCacheBehavior [ RunTime:0.000511s ]
INFO: [ view_filter ] --END-- [ RunTime:0.000541s ]
INFO: [ app_end ] --START--
INFO: Run Behavior\ShowPageTraceBehavior [ RunTime:0.000757s ]
INFO: [ app_end ] --END-- [ RunTime:0.000812s ]

[ 2018-02-20T09:40:19+08:00 ] 127.0.0.1 /admin.php/goods/goodsadd
INFO: [ app_init ] --START--
INFO: Run Behavior\BuildLiteBehavior [ RunTime:0.000012s ]
INFO: [ app_init ] --END-- [ RunTime:0.000511s ]
INFO: [ app_begin ] --START--
INFO: Run Behavior\ReadHtmlCacheBehavior [ RunTime:0.000559s ]
INFO: [ app_begin ] --END-- [ RunTime:0.000595s ]
NOTIC: [2] Declaration of Admin\Model\GoodsModel::_after_insert(&$data, $option) should be compatible with Think\Model::_after_insert($data, $options) E:\myServer\www\nisashop\application\Admin\Model\GoodsModel.class.php 第 6 行.
SQL: SHOW COLUMNS FROM `sp_goods` [ RunTime:0.000784s ]
SQL: SHOW COLUMNS FROM `sp_category` [ RunTime:0.000536s ]
SQL: SELECT * FROM `sp_category`  [ RunTime:0.000237s ]
SQL: SHOW COLUMNS FROM `sp_brand` [ RunTime:0.000791s ]
SQL: SELECT * FROM `sp_brand`  [ RunTime:0.000279s ]
SQL: SHOW COLUMNS FROM `sp_viplevel` [ RunTime:0.000519s ]
SQL: SELECT * FROM `sp_viplevel`  [ RunTime:0.000238s ]
SQL: SHOW COLUMNS FROM `sp_type` [ RunTime:0.000570s ]
SQL: SELECT * FROM `sp_type`  [ RunTime:0.000238s ]
INFO: [ view_parse ] --START--
INFO: [ template_filter ] --START--
INFO: Run Behavior\ContentReplaceBehavior [ RunTime:0.000198s ]
INFO: [ template_filter ] --END-- [ RunTime:0.000237s ]
INFO: Run Behavior\ParseTemplateBehavior [ RunTime:0.010936s ]
INFO: [ view_parse ] --END-- [ RunTime:0.010977s ]
INFO: [ view_filter ] --START--
INFO: Run Behavior\WriteHtmlCacheBehavior [ RunTime:0.000457s ]
INFO: [ view_filter ] --END-- [ RunTime:0.000485s ]
INFO: [ app_end ] --START--
INFO: Run Behavior\ShowPageTraceBehavior [ RunTime:0.000783s ]
INFO: [ app_end ] --END-- [ RunTime:0.000837s ]

[ 2018-02-20T09:40:22+08:00 ] 127.0.0.1 /admin.php/Goods/ajaxgetattr/typeid/2
INFO: [ app_init ] --START--
INFO: Run Behavior\BuildLiteBehavior [ RunTime:0.000011s ]
INFO: [ app_init ] --END-- [ RunTime:0.000488s ]
INFO: [ app_begin ] --START--
INFO: Run Behavior\ReadHtmlCacheBehavior [ RunTime:0.000552s ]
INFO: [ app_begin ] --END-- [ RunTime:0.000585s ]
SQL: SHOW COLUMNS FROM `sp_attr` [ RunTime:0.000569s ]
SQL: SELECT * FROM `sp_attr` WHERE ( `type_id` = 2 )  [ RunTime:0.000331s ]
INFO: [ app_end ] --START--
INFO: Run Behavior\ShowPageTraceBehavior [ RunTime:0.000945s ]
INFO: [ app_end ] --END-- [ RunTime:0.000988s ]

[ 2018-02-20T09:40:33+08:00 ] 127.0.0.1 /admin.php/goods/goodsadd
INFO: [ app_init ] --START--
INFO: Run Behavior\BuildLiteBehavior [ RunTime:0.000010s ]
INFO: [ app_init ] --END-- [ RunTime:0.000490s ]
INFO: [ app_begin ] --START--
INFO: Run Behavior\ReadHtmlCacheBehavior [ RunTime:0.000562s ]
INFO: [ app_begin ] --END-- [ RunTime:0.000598s ]
NOTIC: [2] Declaration of Admin\Model\GoodsModel::_after_insert(&$data, $option) should be compatible with Think\Model::_after_insert($data, $options) E:\myServer\www\nisashop\application\Admin\Model\GoodsModel.class.php 第 6 行.
SQL: SHOW COLUMNS FROM `sp_goods` [ RunTime:0.000625s ]
SQL: SHOW COLUMNS FROM `sp_category` [ RunTime:0.000498s ]
SQL: SELECT * FROM `sp_category`  [ RunTime:0.000244s ]
SQL: SHOW COLUMNS FROM `sp_brand` [ RunTime:0.000511s ]
SQL: SELECT * FROM `sp_brand`  [ RunTime:0.000246s ]
SQL: SHOW COLUMNS FROM `sp_viplevel` [ RunTime:0.000489s ]
SQL: SELECT * FROM `sp_viplevel`  [ RunTime:0.000223s ]
SQL: SHOW COLUMNS FROM `sp_type` [ RunTime:0.000477s ]
SQL: SELECT * FROM `sp_type`  [ RunTime:0.000219s ]
INFO: [ view_parse ] --START--
INFO: [ template_filter ] --START--
INFO: Run Behavior\ContentReplaceBehavior [ RunTime:0.000197s ]
INFO: [ template_filter ] --END-- [ RunTime:0.000234s ]
INFO: Run Behavior\ParseTemplateBehavior [ RunTime:0.011147s ]
INFO: [ view_parse ] --END-- [ RunTime:0.011198s ]
INFO: [ view_filter ] --START--
INFO: Run Behavior\WriteHtmlCacheBehavior [ RunTime:0.000542s ]
INFO: [ view_filter ] --END-- [ RunTime:0.000573s ]
INFO: [ app_end ] --START--
INFO: Run Behavior\ShowPageTraceBehavior [ RunTime:0.000930s ]
INFO: [ app_end ] --END-- [ RunTime:0.000996s ]

[ 2018-02-20T09:40:33+08:00 ] 127.0.0.1 /admin.php/goods/goodsadd
INFO: [ app_init ] --START--
INFO: Run Behavior\BuildLiteBehavior [ RunTime:0.000011s ]
INFO: [ app_init ] --END-- [ RunTime:0.000447s ]
INFO: [ app_begin ] --START--
INFO: Run Behavior\ReadHtmlCacheBehavior [ RunTime:0.000509s ]
INFO: [ app_begin ] --END-- [ RunTime:0.000554s ]
NOTIC: [2] Declaration of Admin\Model\GoodsModel::_after_insert(&$data, $option) should be compatible with Think\Model::_after_insert($data, $options) E:\myServer\www\nisashop\application\Admin\Model\GoodsModel.class.php 第 6 行.
SQL: SHOW COLUMNS FROM `sp_goods` [ RunTime:0.000623s ]
SQL: SHOW COLUMNS FROM `sp_category` [ RunTime:0.000514s ]
SQL: SELECT * FROM `sp_category`  [ RunTime:0.000242s ]
SQL: SHOW COLUMNS FROM `sp_brand` [ RunTime:0.000585s ]
SQL: SELECT * FROM `sp_brand`  [ RunTime:0.000297s ]
SQL: SHOW COLUMNS FROM `sp_viplevel` [ RunTime:0.000848s ]
SQL: SELECT * FROM `sp_viplevel`  [ RunTime:0.000280s ]
SQL: SHOW COLUMNS FROM `sp_type` [ RunTime:0.000508s ]
SQL: SELECT * FROM `sp_type`  [ RunTime:0.000221s ]
INFO: [ view_parse ] --START--
INFO: [ template_filter ] --START--
INFO: Run Behavior\ContentReplaceBehavior [ RunTime:0.000196s ]
INFO: [ template_filter ] --END-- [ RunTime:0.000233s ]
INFO: Run Behavior\ParseTemplateBehavior [ RunTime:0.010603s ]
INFO: [ view_parse ] --END-- [ RunTime:0.010662s ]
INFO: [ view_filter ] --START--
INFO: Run Behavior\WriteHtmlCacheBehavior [ RunTime:0.001066s ]
INFO: [ view_filter ] --END-- [ RunTime:0.001122s ]
INFO: [ app_end ] --START--
INFO: Run Behavior\ShowPageTraceBehavior [ RunTime:0.001067s ]
INFO: [ app_end ] --END-- [ RunTime:0.001140s ]

[ 2018-02-20T09:41:06+08:00 ] 127.0.0.1 /admin.php/Goods/ajaxgetattr/typeid/2
INFO: [ app_init ] --START--
INFO: Run Behavior\BuildLiteBehavior [ RunTime:0.000010s ]
INFO: [ app_init ] --END-- [ RunTime:0.000534s ]
INFO: [ app_begin ] --START--
INFO: Run Behavior\ReadHtmlCacheBehavior [ RunTime:0.000751s ]
INFO: [ app_begin ] --END-- [ RunTime:0.000793s ]
SQL: SHOW COLUMNS FROM `sp_attr` [ RunTime:0.000559s ]
SQL: SELECT * FROM `sp_attr` WHERE ( `type_id` = 2 )  [ RunTime:0.000841s ]
INFO: [ app_end ] --START--
INFO: Run Behavior\ShowPageTraceBehavior [ RunTime:0.000846s ]
INFO: [ app_end ] --END-- [ RunTime:0.000880s ]

[ 2018-02-20T09:50:22+08:00 ] 127.0.0.1 /admin.php/goods/goodsadd
INFO: [ app_init ] --START--
INFO: Run Behavior\BuildLiteBehavior [ RunTime:0.000011s ]
INFO: [ app_init ] --END-- [ RunTime:0.000527s ]
INFO: [ app_begin ] --START--
INFO: Run Behavior\ReadHtmlCacheBehavior [ RunTime:0.000626s ]
INFO: [ app_begin ] --END-- [ RunTime:0.000664s ]
NOTIC: [2] Declaration of Admin\Model\GoodsModel::_after_insert(&$data, $option) should be compatible with Think\Model::_after_insert($data, $options) E:\myServer\www\nisashop\application\Admin\Model\GoodsModel.class.php 第 6 行.
SQL: SHOW COLUMNS FROM `sp_goods` [ RunTime:0.002188s ]
SQL: SHOW COLUMNS FROM `sp_category` [ RunTime:0.001431s ]
SQL: SELECT * FROM `sp_category`  [ RunTime:0.000285s ]
SQL: SHOW COLUMNS FROM `sp_brand` [ RunTime:0.001068s ]
SQL: SELECT * FROM `sp_brand`  [ RunTime:0.000280s ]
SQL: SHOW COLUMNS FROM `sp_viplevel` [ RunTime:0.000516s ]
SQL: SELECT * FROM `sp_viplevel`  [ RunTime:0.000876s ]
SQL: SHOW COLUMNS FROM `sp_type` [ RunTime:0.000761s ]
SQL: SELECT * FROM `sp_type`  [ RunTime:0.000601s ]
INFO: [ view_parse ] --START--
INFO: [ template_filter ] --START--
INFO: Run Behavior\ContentReplaceBehavior [ RunTime:0.000197s ]
INFO: [ template_filter ] --END-- [ RunTime:0.000235s ]
INFO: Run Behavior\ParseTemplateBehavior [ RunTime:0.010858s ]
INFO: [ view_parse ] --END-- [ RunTime:0.010902s ]
INFO: [ view_filter ] --START--
INFO: Run Behavior\WriteHtmlCacheBehavior [ RunTime:0.000528s ]
INFO: [ view_filter ] --END-- [ RunTime:0.000558s ]
INFO: [ app_end ] --START--
INFO: Run Behavior\ShowPageTraceBehavior [ RunTime:0.000986s ]
INFO: [ app_end ] --END-- [ RunTime:0.001046s ]

[ 2018-02-20T09:50:24+08:00 ] 127.0.0.1 /admin.php/Goods/ajaxgetattr/typeid/2
INFO: [ app_init ] --START--
INFO: Run Behavior\BuildLiteBehavior [ RunTime:0.000011s ]
INFO: [ app_init ] --END-- [ RunTime:0.000405s ]
INFO: [ app_begin ] --START--
INFO: Run Behavior\ReadHtmlCacheBehavior [ RunTime:0.000565s ]
INFO: [ app_begin ] --END-- [ RunTime:0.000598s ]
SQL: SHOW COLUMNS FROM `sp_attr` [ RunTime:0.000569s ]
SQL: SELECT * FROM `sp_attr` WHERE ( `type_id` = 2 )  [ RunTime:0.000795s ]
INFO: [ app_end ] --START--
INFO: Run Behavior\ShowPageTraceBehavior [ RunTime:0.000846s ]
INFO: [ app_end ] --END-- [ RunTime:0.000881s ]

[ 2018-02-20T09:50:51+08:00 ] 127.0.0.1 /admin.php/goods/goodsadd
INFO: [ app_init ] --START--
INFO: Run Behavior\BuildLiteBehavior [ RunTime:0.000011s ]
INFO: [ app_init ] --END-- [ RunTime:0.000493s ]
INFO: [ app_begin ] --START--
INFO: Run Behavior\ReadHtmlCacheBehavior [ RunTime:0.000566s ]
INFO: [ app_begin ] --END-- [ RunTime:0.000612s ]
NOTIC: [2] Declaration of Admin\Model\GoodsModel::_after_insert(&$data, $option) should be compatible with Think\Model::_after_insert($data, $options) E:\myServer\www\nisashop\application\Admin\Model\GoodsModel.class.php 第 6 行.
SQL: SHOW COLUMNS FROM `sp_goods` [ RunTime:0.000605s ]

