[ 2018-02-18T00:18:37+08:00 ] 127.0.0.1 /admin.php/goods/goodsadd
INFO: [ app_init ] --START--
INFO: Run Behavior\BuildLiteBehavior [ RunTime:0.000011s ]
INFO: [ app_init ] --END-- [ RunTime:0.000531s ]
INFO: [ app_begin ] --START--
INFO: Run Behavior\ReadHtmlCacheBehavior [ RunTime:0.000658s ]
INFO: [ app_begin ] --END-- [ RunTime:0.000694s ]
NOTIC: [2] Declaration of Admin\Model\GoodsModel::_after_insert(&$data, $option) should be compatible with Think\Model::_after_insert($data, $options) E:\myServer\www\nisashop\application\Admin\Model\GoodsModel.class.php 第 6 行.
SQL: SHOW COLUMNS FROM `sp_goods` [ RunTime:0.003920s ]
SQL: SHOW COLUMNS FROM `sp_category` [ RunTime:0.003467s ]
SQL: SELECT * FROM `sp_category`  [ RunTime:0.000630s ]
SQL: SHOW COLUMNS FROM `sp_brand` [ RunTime:0.004210s ]
SQL: SELECT * FROM `sp_brand`  [ RunTime:0.000708s ]
SQL: SHOW COLUMNS FROM `sp_viplevel` [ RunTime:0.003501s ]
SQL: SELECT * FROM `sp_viplevel`  [ RunTime:0.000664s ]
SQL: SHOW COLUMNS FROM `sp_type` [ RunTime:0.001243s ]
SQL: SELECT * FROM `sp_type`  [ RunTime:0.000675s ]
INFO: [ view_parse ] --START--
INFO: [ template_filter ] --START--
INFO: Run Behavior\ContentReplaceBehavior [ RunTime:0.000270s ]
INFO: [ template_filter ] --END-- [ RunTime:0.000328s ]
INFO: Run Behavior\ParseTemplateBehavior [ RunTime:0.025770s ]
INFO: [ view_parse ] --END-- [ RunTime:0.025859s ]
INFO: [ view_filter ] --START--
INFO: Run Behavior\WriteHtmlCacheBehavior [ RunTime:0.000658s ]
INFO: [ view_filter ] --END-- [ RunTime:0.000703s ]
INFO: [ app_end ] --START--
INFO: Run Behavior\ShowPageTraceBehavior [ RunTime:0.001926s ]
INFO: [ app_end ] --END-- [ RunTime:0.002024s ]

[ 2018-02-18T00:18:39+08:00 ] 127.0.0.1 /admin.php/Goods/ajaxgetattr/typeid/3
INFO: [ app_init ] --START--
INFO: Run Behavior\BuildLiteBehavior [ RunTime:0.000011s ]
INFO: [ app_init ] --END-- [ RunTime:0.000508s ]
INFO: [ app_begin ] --START--
INFO: Run Behavior\ReadHtmlCacheBehavior [ RunTime:0.000591s ]
INFO: [ app_begin ] --END-- [ RunTime:0.000628s ]
SQL: SHOW COLUMNS FROM `sp_attr` [ RunTime:0.000704s ]
SQL: SELECT * FROM `sp_attr` WHERE ( `type_id` = 3 )  [ RunTime:0.000511s ]
INFO: [ app_end ] --START--
INFO: Run Behavior\ShowPageTraceBehavior [ RunTime:0.000926s ]
INFO: [ app_end ] --END-- [ RunTime:0.000972s ]

[ 2018-02-18T00:18:41+08:00 ] 127.0.0.1 /admin.php/Goods/ajaxgetattr/typeid/4
INFO: [ app_init ] --START--
INFO: Run Behavior\BuildLiteBehavior [ RunTime:0.000011s ]
INFO: [ app_init ] --END-- [ RunTime:0.000486s ]
INFO: [ app_begin ] --START--
INFO: Run Behavior\ReadHtmlCacheBehavior [ RunTime:0.000732s ]
INFO: [ app_begin ] --END-- [ RunTime:0.000772s ]
SQL: SHOW COLUMNS FROM `sp_attr` [ RunTime:0.089669s ]
SQL: SELECT * FROM `sp_attr` WHERE ( `type_id` = 4 )  [ RunTime:0.000686s ]
INFO: [ app_end ] --START--
INFO: Run Behavior\ShowPageTraceBehavior [ RunTime:0.001761s ]
INFO: [ app_end ] --END-- [ RunTime:0.001843s ]

[ 2018-02-18T00:18:43+08:00 ] 127.0.0.1 /admin.php/Goods/ajaxgetattr/typeid/3
INFO: [ app_init ] --START--
INFO: Run Behavior\BuildLiteBehavior [ RunTime:0.000010s ]
INFO: [ app_init ] --END-- [ RunTime:0.000459s ]
INFO: [ app_begin ] --START--
INFO: Run Behavior\ReadHtmlCacheBehavior [ RunTime:0.000560s ]
INFO: [ app_begin ] --END-- [ RunTime:0.000593s ]
SQL: SHOW COLUMNS FROM `sp_attr` [ RunTime:0.000626s ]
SQL: SELECT * FROM `sp_attr` WHERE ( `type_id` = 3 )  [ RunTime:0.000316s ]
INFO: [ app_end ] --START--
INFO: Run Behavior\ShowPageTraceBehavior [ RunTime:0.000854s ]
INFO: [ app_end ] --END-- [ RunTime:0.000896s ]

[ 2018-02-18T00:18:59+08:00 ] 127.0.0.1 /admin.php/attr/attrlist/typeid/1
INFO: [ app_init ] --START--
INFO: Run Behavior\BuildLiteBehavior [ RunTime:0.000010s ]
INFO: [ app_init ] --END-- [ RunTime:0.000542s ]
INFO: [ app_begin ] --START--
INFO: Run Behavior\ReadHtmlCacheBehavior [ RunTime:0.000655s ]
INFO: [ app_begin ] --END-- [ RunTime:0.000693s ]
SQL: SHOW COLUMNS FROM `sp_attr` [ RunTime:0.000575s ]
SQL: SELECT COUNT(*) AS tp_count FROM `sp_attr` WHERE ( `type_id` = 1 ) LIMIT 1   [ RunTime:0.000295s ]
NOTIC: [8] Undefined offset: 0 E:\myServer\www\nisashop\library\ThinkPHP\Library\Think\Model.class.php 第 207 行.
SQL: SELECT * FROM `sp_attr` WHERE ( `type_id` = 1 ) LIMIT 0,5   [ RunTime:0.000303s ]
SQL: SHOW COLUMNS FROM `sp_type` [ RunTime:0.000721s ]
SQL: SELECT * FROM `sp_type`  [ RunTime:0.000846s ]
INFO: [ view_parse ] --START--
INFO: [ template_filter ] --START--
INFO: Run Behavior\ContentReplaceBehavior [ RunTime:0.000133s ]
INFO: [ template_filter ] --END-- [ RunTime:0.000174s ]
INFO: Run Behavior\ParseTemplateBehavior [ RunTime:0.009113s ]
INFO: [ view_parse ] --END-- [ RunTime:0.009152s ]
INFO: [ view_filter ] --START--
INFO: Run Behavior\WriteHtmlCacheBehavior [ RunTime:0.000509s ]
INFO: [ view_filter ] --END-- [ RunTime:0.000540s ]
INFO: [ app_end ] --START--
INFO: Run Behavior\ShowPageTraceBehavior [ RunTime:0.000776s ]
INFO: [ app_end ] --END-- [ RunTime:0.000831s ]

[ 2018-02-18T00:19:05+08:00 ] 127.0.0.1 /admin.php/Attr/attrlist/typeid/4
INFO: [ app_init ] --START--
INFO: Run Behavior\BuildLiteBehavior [ RunTime:0.000077s ]
INFO: [ app_init ] --END-- [ RunTime:0.001068s ]
INFO: [ app_begin ] --START--
INFO: Run Behavior\ReadHtmlCacheBehavior [ RunTime:0.000698s ]
INFO: [ app_begin ] --END-- [ RunTime:0.000761s ]
SQL: SHOW COLUMNS FROM `sp_attr` [ RunTime:0.000572s ]
SQL: SELECT COUNT(*) AS tp_count FROM `sp_attr` WHERE ( `type_id` = 4 ) LIMIT 1   [ RunTime:0.000294s ]
NOTIC: [8] Undefined offset: 0 E:\myServer\www\nisashop\library\ThinkPHP\Library\Think\Model.class.php 第 207 行.
SQL: SELECT * FROM `sp_attr` WHERE ( `type_id` = 4 ) LIMIT 0,5   [ RunTime:0.000474s ]
SQL: SHOW COLUMNS FROM `sp_type` [ RunTime:0.000518s ]
SQL: SELECT * FROM `sp_type`  [ RunTime:0.000206s ]
INFO: [ view_parse ] --START--
INFO: [ template_filter ] --START--
INFO: Run Behavior\ContentReplaceBehavior [ RunTime:0.000135s ]
INFO: [ template_filter ] --END-- [ RunTime:0.000169s ]
INFO: Run Behavior\ParseTemplateBehavior [ RunTime:0.008604s ]
INFO: [ view_parse ] --END-- [ RunTime:0.008642s ]
INFO: [ view_filter ] --START--
INFO: Run Behavior\WriteHtmlCacheBehavior [ RunTime:0.000436s ]
INFO: [ view_filter ] --END-- [ RunTime:0.000465s ]
INFO: [ app_end ] --START--
INFO: Run Behavior\ShowPageTraceBehavior [ RunTime:0.000754s ]
INFO: [ app_end ] --END-- [ RunTime:0.000806s ]

[ 2018-02-18T00:19:07+08:00 ] 127.0.0.1 /admin.php/Attr/attrlist/typeid/3
INFO: [ app_init ] --START--
INFO: Run Behavior\BuildLiteBehavior [ RunTime:0.000014s ]
INFO: [ app_init ] --END-- [ RunTime:0.000806s ]
INFO: [ app_begin ] --START--
INFO: Run Behavior\ReadHtmlCacheBehavior [ RunTime:0.000807s ]
INFO: [ app_begin ] --END-- [ RunTime:0.000861s ]
SQL: SHOW COLUMNS FROM `sp_attr` [ RunTime:0.000556s ]
SQL: SELECT COUNT(*) AS tp_count FROM `sp_attr` WHERE ( `type_id` = 3 ) LIMIT 1   [ RunTime:0.000275s ]
NOTIC: [8] Undefined offset: 0 E:\myServer\www\nisashop\library\ThinkPHP\Library\Think\Model.class.php 第 207 行.
SQL: SELECT * FROM `sp_attr` WHERE ( `type_id` = 3 ) LIMIT 0,5   [ RunTime:0.000314s ]
SQL: SHOW COLUMNS FROM `sp_type` [ RunTime:0.000502s ]
SQL: SELECT * FROM `sp_type`  [ RunTime:0.000197s ]
INFO: [ view_parse ] --START--
INFO: [ template_filter ] --START--
INFO: Run Behavior\ContentReplaceBehavior [ RunTime:0.000132s ]
INFO: [ template_filter ] --END-- [ RunTime:0.000172s ]
INFO: Run Behavior\ParseTemplateBehavior [ RunTime:0.009369s ]
INFO: [ view_parse ] --END-- [ RunTime:0.009468s ]
INFO: [ view_filter ] --START--
INFO: Run Behavior\WriteHtmlCacheBehavior [ RunTime:0.000829s ]
INFO: [ view_filter ] --END-- [ RunTime:0.000862s ]
INFO: [ app_end ] --START--
INFO: Run Behavior\ShowPageTraceBehavior [ RunTime:0.000773s ]
INFO: [ app_end ] --END-- [ RunTime:0.000828s ]

[ 2018-02-18T00:19:09+08:00 ] 127.0.0.1 /admin.php/Attr/attrlist/typeid/2
INFO: [ app_init ] --START--
INFO: Run Behavior\BuildLiteBehavior [ RunTime:0.000011s ]
INFO: [ app_init ] --END-- [ RunTime:0.000502s ]
INFO: [ app_begin ] --START--
INFO: Run Behavior\ReadHtmlCacheBehavior [ RunTime:0.000528s ]
INFO: [ app_begin ] --END-- [ RunTime:0.000565s ]
SQL: SHOW COLUMNS FROM `sp_attr` [ RunTime:0.000729s ]
SQL: SELECT COUNT(*) AS tp_count FROM `sp_attr` WHERE ( `type_id` = 2 ) LIMIT 1   [ RunTime:0.000314s ]
NOTIC: [8] Undefined offset: 0 E:\myServer\www\nisashop\library\ThinkPHP\Library\Think\Model.class.php 第 207 行.
SQL: SELECT * FROM `sp_attr` WHERE ( `type_id` = 2 ) LIMIT 0,5   [ RunTime:0.000346s ]
SQL: SHOW COLUMNS FROM `sp_type` [ RunTime:0.000532s ]
SQL: SELECT * FROM `sp_type`  [ RunTime:0.000235s ]
INFO: [ view_parse ] --START--
INFO: [ template_filter ] --START--
INFO: Run Behavior\ContentReplaceBehavior [ RunTime:0.000133s ]
INFO: [ template_filter ] --END-- [ RunTime:0.000177s ]
INFO: Run Behavior\ParseTemplateBehavior [ RunTime:0.009126s ]
INFO: [ view_parse ] --END-- [ RunTime:0.009172s ]
INFO: [ view_filter ] --START--
INFO: Run Behavior\WriteHtmlCacheBehavior [ RunTime:0.000448s ]
INFO: [ view_filter ] --END-- [ RunTime:0.000478s ]
INFO: [ app_end ] --START--
INFO: Run Behavior\ShowPageTraceBehavior [ RunTime:0.001634s ]
INFO: [ app_end ] --END-- [ RunTime:0.001853s ]

[ 2018-02-18T00:19:12+08:00 ] 127.0.0.1 /admin.php/Attr/attredit/id/1/typeid/2
INFO: [ app_init ] --START--
INFO: Run Behavior\BuildLiteBehavior [ RunTime:0.000011s ]
INFO: [ app_init ] --END-- [ RunTime:0.000485s ]
INFO: [ app_begin ] --START--
INFO: Run Behavior\ReadHtmlCacheBehavior [ RunTime:0.000559s ]
INFO: [ app_begin ] --END-- [ RunTime:0.000597s ]
SQL: SHOW COLUMNS FROM `sp_attr` [ RunTime:0.000564s ]
SQL: SELECT * FROM `sp_attr` WHERE ( `id` = 1 ) LIMIT 1   [ RunTime:0.000310s ]
SQL: SHOW COLUMNS FROM `sp_type` [ RunTime:0.001196s ]
SQL: SELECT * FROM `sp_type`  [ RunTime:0.000626s ]
INFO: [ view_parse ] --START--
INFO: [ template_filter ] --START--
INFO: Run Behavior\ContentReplaceBehavior [ RunTime:0.000367s ]
INFO: [ template_filter ] --END-- [ RunTime:0.000471s ]
INFO: Run Behavior\ParseTemplateBehavior [ RunTime:0.089887s ]
INFO: [ view_parse ] --END-- [ RunTime:0.090010s ]
INFO: [ view_filter ] --START--
INFO: Run Behavior\WriteHtmlCacheBehavior [ RunTime:0.001850s ]
INFO: [ view_filter ] --END-- [ RunTime:0.001955s ]
INFO: [ app_end ] --START--
INFO: Run Behavior\ShowPageTraceBehavior [ RunTime:0.003004s ]
INFO: [ app_end ] --END-- [ RunTime:0.003189s ]

[ 2018-02-18T00:19:22+08:00 ] 127.0.0.1 /admin.php/Attr/attredit/id/1/typeid/2
INFO: [ app_init ] --START--
INFO: Run Behavior\BuildLiteBehavior [ RunTime:0.000011s ]
INFO: [ app_init ] --END-- [ RunTime:0.000501s ]
INFO: [ app_begin ] --START--
INFO: Run Behavior\ReadHtmlCacheBehavior [ RunTime:0.000568s ]
INFO: [ app_begin ] --END-- [ RunTime:0.000608s ]
SQL: SHOW COLUMNS FROM `sp_attr` [ RunTime:0.001300s ]
SQL: SELECT * FROM `sp_attr` WHERE ( `attr_name` = '尺码' ) AND ( `id` <> '1' ) LIMIT 1   [ RunTime:0.100754s ]
SQL: UPDATE `sp_attr` SET `attr_name`='尺码',`attr_type`='1',`attr_value`='30,31,32,33,34',`type_id`=2 WHERE ( `id` = 1 ) [ RunTime:0.085159s ]
INFO: [ view_parse ] --START--
INFO: [ template_filter ] --START--
INFO: Run Behavior\ContentReplaceBehavior [ RunTime:0.000075s ]
INFO: [ template_filter ] --END-- [ RunTime:0.000186s ]
INFO: Run Behavior\ParseTemplateBehavior [ RunTime:0.016379s ]
INFO: [ view_parse ] --END-- [ RunTime:0.016493s ]
INFO: [ view_filter ] --START--
INFO: Run Behavior\WriteHtmlCacheBehavior [ RunTime:0.001359s ]
INFO: [ view_filter ] --END-- [ RunTime:0.001455s ]
INFO: [ app_end ] --START--
INFO: Run Behavior\ShowPageTraceBehavior [ RunTime:0.001983s ]
INFO: [ app_end ] --END-- [ RunTime:0.002076s ]

[ 2018-02-18T00:19:23+08:00 ] 127.0.0.1 /admin.php/Attr/attrlist/typeid/2.html
INFO: [ app_init ] --START--
INFO: Run Behavior\BuildLiteBehavior [ RunTime:0.000016s ]
INFO: [ app_init ] --END-- [ RunTime:0.000804s ]
INFO: [ app_begin ] --START--
INFO: Run Behavior\ReadHtmlCacheBehavior [ RunTime:0.000906s ]
INFO: [ app_begin ] --END-- [ RunTime:0.000970s ]
SQL: SHOW COLUMNS FROM `sp_attr` [ RunTime:0.000567s ]
SQL: SELECT COUNT(*) AS tp_count FROM `sp_attr` WHERE ( `type_id` = 2 ) LIMIT 1   [ RunTime:0.000289s ]
NOTIC: [8] Undefined offset: 0 E:\myServer\www\nisashop\library\ThinkPHP\Library\Think\Model.class.php 第 207 行.
SQL: SELECT * FROM `sp_attr` WHERE ( `type_id` = 2 ) LIMIT 0,5   [ RunTime:0.000345s ]
SQL: SHOW COLUMNS FROM `sp_type` [ RunTime:0.000498s ]
SQL: SELECT * FROM `sp_type`  [ RunTime:0.000225s ]
INFO: [ view_parse ] --START--
INFO: [ template_filter ] --START--
INFO: Run Behavior\ContentReplaceBehavior [ RunTime:0.000135s ]
INFO: [ template_filter ] --END-- [ RunTime:0.000176s ]
INFO: Run Behavior\ParseTemplateBehavior [ RunTime:0.008877s ]
INFO: [ view_parse ] --END-- [ RunTime:0.008917s ]
INFO: [ view_filter ] --START--
INFO: Run Behavior\WriteHtmlCacheBehavior [ RunTime:0.000435s ]
INFO: [ view_filter ] --END-- [ RunTime:0.000463s ]
INFO: [ app_end ] --START--
INFO: Run Behavior\ShowPageTraceBehavior [ RunTime:0.000759s ]
INFO: [ app_end ] --END-- [ RunTime:0.000815s ]

[ 2018-02-18T00:19:26+08:00 ] 127.0.0.1 /admin.php/Attr/attredit/id/2/typeid/2
INFO: [ app_init ] --START--
INFO: Run Behavior\BuildLiteBehavior [ RunTime:0.000026s ]
INFO: [ app_init ] --END-- [ RunTime:0.000592s ]
INFO: [ app_begin ] --START--
INFO: Run Behavior\ReadHtmlCacheBehavior [ RunTime:0.000582s ]
INFO: [ app_begin ] --END-- [ RunTime:0.000623s ]
SQL: SHOW COLUMNS FROM `sp_attr` [ RunTime:0.000593s ]
SQL: SELECT * FROM `sp_attr` WHERE ( `id` = 2 ) LIMIT 1   [ RunTime:0.000330s ]
SQL: SHOW COLUMNS FROM `sp_type` [ RunTime:0.000733s ]
SQL: SELECT * FROM `sp_type`  [ RunTime:0.000777s ]
INFO: [ view_parse ] --START--
INFO: [ template_filter ] --START--
INFO: Run Behavior\ContentReplaceBehavior [ RunTime:0.000133s ]
INFO: [ template_filter ] --END-- [ RunTime:0.000168s ]
INFO: Run Behavior\ParseTemplateBehavior [ RunTime:0.008340s ]
INFO: [ view_parse ] --END-- [ RunTime:0.008382s ]
INFO: [ view_filter ] --START--
INFO: Run Behavior\WriteHtmlCacheBehavior [ RunTime:0.000445s ]
INFO: [ view_filter ] --END-- [ RunTime:0.000474s ]
INFO: [ app_end ] --START--
INFO: Run Behavior\ShowPageTraceBehavior [ RunTime:0.000994s ]
INFO: [ app_end ] --END-- [ RunTime:0.001052s ]

[ 2018-02-18T00:19:39+08:00 ] 127.0.0.1 /admin.php/Attr/attredit/id/2/typeid/2
INFO: [ app_init ] --START--
INFO: Run Behavior\BuildLiteBehavior [ RunTime:0.000011s ]
INFO: [ app_init ] --END-- [ RunTime:0.000510s ]
INFO: [ app_begin ] --START--
INFO: Run Behavior\ReadHtmlCacheBehavior [ RunTime:0.000523s ]
INFO: [ app_begin ] --END-- [ RunTime:0.000563s ]
SQL: SHOW COLUMNS FROM `sp_attr` [ RunTime:0.000546s ]
SQL: SELECT * FROM `sp_attr` WHERE ( `attr_name` = '颜色' ) AND ( `id` <> '2' ) LIMIT 1   [ RunTime:0.000333s ]
SQL: UPDATE `sp_attr` SET `attr_name`='颜色',`attr_type`='1',`attr_value`='红色,黑色',`type_id`=2 WHERE ( `id` = 2 ) [ RunTime:0.091690s ]
INFO: [ view_parse ] --START--
INFO: [ template_filter ] --START--
INFO: Run Behavior\ContentReplaceBehavior [ RunTime:0.000075s ]
INFO: [ template_filter ] --END-- [ RunTime:0.000174s ]
INFO: Run Behavior\ParseTemplateBehavior [ RunTime:0.015311s ]
INFO: [ view_parse ] --END-- [ RunTime:0.015421s ]
INFO: [ view_filter ] --START--
INFO: Run Behavior\WriteHtmlCacheBehavior [ RunTime:0.001370s ]
INFO: [ view_filter ] --END-- [ RunTime:0.001468s ]
INFO: [ app_end ] --START--
INFO: Run Behavior\ShowPageTraceBehavior [ RunTime:0.002657s ]
INFO: [ app_end ] --END-- [ RunTime:0.002763s ]

[ 2018-02-18T00:19:40+08:00 ] 127.0.0.1 /admin.php/Attr/attrlist/typeid/2.html
INFO: [ app_init ] --START--
INFO: Run Behavior\BuildLiteBehavior [ RunTime:0.000015s ]
INFO: [ app_init ] --END-- [ RunTime:0.000682s ]
INFO: [ app_begin ] --START--
INFO: Run Behavior\ReadHtmlCacheBehavior [ RunTime:0.000767s ]
INFO: [ app_begin ] --END-- [ RunTime:0.000831s ]
SQL: SHOW COLUMNS FROM `sp_attr` [ RunTime:0.000568s ]
SQL: SELECT COUNT(*) AS tp_count FROM `sp_attr` WHERE ( `type_id` = 2 ) LIMIT 1   [ RunTime:0.000296s ]
NOTIC: [8] Undefined offset: 0 E:\myServer\www\nisashop\library\ThinkPHP\Library\Think\Model.class.php 第 207 行.
SQL: SELECT * FROM `sp_attr` WHERE ( `type_id` = 2 ) LIMIT 0,5   [ RunTime:0.000327s ]
SQL: SHOW COLUMNS FROM `sp_type` [ RunTime:0.000496s ]
SQL: SELECT * FROM `sp_type`  [ RunTime:0.000224s ]
INFO: [ view_parse ] --START--
INFO: [ template_filter ] --START--
INFO: Run Behavior\ContentReplaceBehavior [ RunTime:0.000132s ]
INFO: [ template_filter ] --END-- [ RunTime:0.000169s ]
INFO: Run Behavior\ParseTemplateBehavior [ RunTime:0.009191s ]
INFO: [ view_parse ] --END-- [ RunTime:0.009252s ]
INFO: [ view_filter ] --START--
INFO: Run Behavior\WriteHtmlCacheBehavior [ RunTime:0.000707s ]
INFO: [ view_filter ] --END-- [ RunTime:0.000746s ]
INFO: [ app_end ] --START--
INFO: Run Behavior\ShowPageTraceBehavior [ RunTime:0.001027s ]
INFO: [ app_end ] --END-- [ RunTime:0.001211s ]

[ 2018-02-18T00:19:44+08:00 ] 127.0.0.1 /admin.php/goods/goodsadd
INFO: [ app_init ] --START--
INFO: Run Behavior\BuildLiteBehavior [ RunTime:0.000012s ]
INFO: [ app_init ] --END-- [ RunTime:0.000519s ]
INFO: [ app_begin ] --START--
INFO: Run Behavior\ReadHtmlCacheBehavior [ RunTime:0.000707s ]
INFO: [ app_begin ] --END-- [ RunTime:0.000752s ]
NOTIC: [2] Declaration of Admin\Model\GoodsModel::_after_insert(&$data, $option) should be compatible with Think\Model::_after_insert($data, $options) E:\myServer\www\nisashop\application\Admin\Model\GoodsModel.class.php 第 6 行.
SQL: SHOW COLUMNS FROM `sp_goods` [ RunTime:0.000633s ]
SQL: SHOW COLUMNS FROM `sp_category` [ RunTime:0.000869s ]
SQL: SELECT * FROM `sp_category`  [ RunTime:0.000306s ]
SQL: SHOW COLUMNS FROM `sp_brand` [ RunTime:0.000573s ]
SQL: SELECT * FROM `sp_brand`  [ RunTime:0.000258s ]
SQL: SHOW COLUMNS FROM `sp_viplevel` [ RunTime:0.000693s ]
SQL: SELECT * FROM `sp_viplevel`  [ RunTime:0.000266s ]
SQL: SHOW COLUMNS FROM `sp_type` [ RunTime:0.000492s ]
SQL: SELECT * FROM `sp_type`  [ RunTime:0.000223s ]
INFO: [ view_parse ] --START--
INFO: [ template_filter ] --START--
INFO: Run Behavior\ContentReplaceBehavior [ RunTime:0.000190s ]
INFO: [ template_filter ] --END-- [ RunTime:0.000231s ]
INFO: Run Behavior\ParseTemplateBehavior [ RunTime:0.010104s ]
INFO: [ view_parse ] --END-- [ RunTime:0.010145s ]
INFO: [ view_filter ] --START--
INFO: Run Behavior\WriteHtmlCacheBehavior [ RunTime:0.000523s ]
INFO: [ view_filter ] --END-- [ RunTime:0.000553s ]
INFO: [ app_end ] --START--
INFO: Run Behavior\ShowPageTraceBehavior [ RunTime:0.000803s ]
INFO: [ app_end ] --END-- [ RunTime:0.000858s ]

[ 2018-02-18T00:19:47+08:00 ] 127.0.0.1 /admin.php/Goods/ajaxgetattr/typeid/2
INFO: [ app_init ] --START--
INFO: Run Behavior\BuildLiteBehavior [ RunTime:0.000011s ]
INFO: [ app_init ] --END-- [ RunTime:0.000504s ]
INFO: [ app_begin ] --START--
INFO: Run Behavior\ReadHtmlCacheBehavior [ RunTime:0.000562s ]
INFO: [ app_begin ] --END-- [ RunTime:0.000595s ]
SQL: SHOW COLUMNS FROM `sp_attr` [ RunTime:0.000556s ]
SQL: SELECT * FROM `sp_attr` WHERE ( `type_id` = 2 )  [ RunTime:0.000304s ]
INFO: [ app_end ] --START--
INFO: Run Behavior\ShowPageTraceBehavior [ RunTime:0.000829s ]
INFO: [ app_end ] --END-- [ RunTime:0.000864s ]

[ 2018-02-18T00:25:09+08:00 ] 127.0.0.1 /admin.php/goods/goodsadd
INFO: [ app_init ] --START--
INFO: Run Behavior\BuildLiteBehavior [ RunTime:0.000024s ]
INFO: [ app_init ] --END-- [ RunTime:0.000826s ]
INFO: [ app_begin ] --START--
INFO: Run Behavior\ReadHtmlCacheBehavior [ RunTime:0.000842s ]
INFO: [ app_begin ] --END-- [ RunTime:0.000894s ]
NOTIC: [2] Declaration of Admin\Model\GoodsModel::_after_insert(&$data, $option) should be compatible with Think\Model::_after_insert($data, $options) E:\myServer\www\nisashop\application\Admin\Model\GoodsModel.class.php 第 6 行.
SQL: SHOW COLUMNS FROM `sp_goods` [ RunTime:0.000661s ]
SQL: SHOW COLUMNS FROM `sp_category` [ RunTime:0.000589s ]
SQL: SELECT * FROM `sp_category`  [ RunTime:0.000291s ]
SQL: SHOW COLUMNS FROM `sp_brand` [ RunTime:0.000834s ]
SQL: SELECT * FROM `sp_brand`  [ RunTime:0.000654s ]
SQL: SHOW COLUMNS FROM `sp_viplevel` [ RunTime:0.000663s ]
SQL: SELECT * FROM `sp_viplevel`  [ RunTime:0.000358s ]
SQL: SHOW COLUMNS FROM `sp_type` [ RunTime:0.000577s ]
SQL: SELECT * FROM `sp_type`  [ RunTime:0.000231s ]
INFO: [ view_parse ] --START--
INFO: [ template_filter ] --START--
INFO: Run Behavior\ContentReplaceBehavior [ RunTime:0.000198s ]
INFO: [ template_filter ] --END-- [ RunTime:0.000234s ]
INFO: Run Behavior\ParseTemplateBehavior [ RunTime:0.010485s ]
INFO: [ view_parse ] --END-- [ RunTime:0.010532s ]
INFO: [ view_filter ] --START--
INFO: Run Behavior\WriteHtmlCacheBehavior [ RunTime:0.000552s ]
INFO: [ view_filter ] --END-- [ RunTime:0.000591s ]
INFO: [ app_end ] --START--
INFO: Run Behavior\ShowPageTraceBehavior [ RunTime:0.001329s ]
INFO: [ app_end ] --END-- [ RunTime:0.001408s ]

[ 2018-02-18T00:25:12+08:00 ] 127.0.0.1 /admin.php/Goods/ajaxgetattr/typeid/2
INFO: [ app_init ] --START--
INFO: Run Behavior\BuildLiteBehavior [ RunTime:0.000049s ]
INFO: [ app_init ] --END-- [ RunTime:0.000726s ]
INFO: [ app_begin ] --START--
INFO: Run Behavior\ReadHtmlCacheBehavior [ RunTime:0.000595s ]
INFO: [ app_begin ] --END-- [ RunTime:0.000635s ]
SQL: SHOW COLUMNS FROM `sp_attr` [ RunTime:0.000605s ]
SQL: SELECT * FROM `sp_attr` WHERE ( `type_id` = 2 )  [ RunTime:0.000314s ]
INFO: [ app_end ] --START--
INFO: Run Behavior\ShowPageTraceBehavior [ RunTime:0.000858s ]
INFO: [ app_end ] --END-- [ RunTime:0.000894s ]

[ 2018-02-18T00:25:17+08:00 ] 127.0.0.1 /admin.php/Goods/ajaxgetattr/typeid/3
INFO: [ app_init ] --START--
INFO: Run Behavior\BuildLiteBehavior [ RunTime:0.000012s ]
INFO: [ app_init ] --END-- [ RunTime:0.000547s ]
INFO: [ app_begin ] --START--
INFO: Run Behavior\ReadHtmlCacheBehavior [ RunTime:0.000569s ]
INFO: [ app_begin ] --END-- [ RunTime:0.000604s ]
SQL: SHOW COLUMNS FROM `sp_attr` [ RunTime:0.000590s ]
SQL: SELECT * FROM `sp_attr` WHERE ( `type_id` = 3 )  [ RunTime:0.000305s ]
INFO: [ app_end ] --START--
INFO: Run Behavior\ShowPageTraceBehavior [ RunTime:0.000805s ]
INFO: [ app_end ] --END-- [ RunTime:0.000841s ]

[ 2018-02-18T00:25:24+08:00 ] 127.0.0.1 /admin.php/Goods/ajaxgetattr/typeid/4
INFO: [ app_init ] --START--
INFO: Run Behavior\BuildLiteBehavior [ RunTime:0.000011s ]
INFO: [ app_init ] --END-- [ RunTime:0.000500s ]
INFO: [ app_begin ] --START--
INFO: Run Behavior\ReadHtmlCacheBehavior [ RunTime:0.000938s ]
INFO: [ app_begin ] --END-- [ RunTime:0.001000s ]
SQL: SHOW COLUMNS FROM `sp_attr` [ RunTime:0.000568s ]
SQL: SELECT * FROM `sp_attr` WHERE ( `type_id` = 4 )  [ RunTime:0.000299s ]
INFO: [ app_end ] --START--
INFO: Run Behavior\ShowPageTraceBehavior [ RunTime:0.000843s ]
INFO: [ app_end ] --END-- [ RunTime:0.000878s ]

[ 2018-02-18T00:26:37+08:00 ] 127.0.0.1 /admin.php/attr/attradd
INFO: [ app_init ] --START--
INFO: Run Behavior\BuildLiteBehavior [ RunTime:0.000012s ]
INFO: [ app_init ] --END-- [ RunTime:0.000762s ]
INFO: [ app_begin ] --START--
INFO: Run Behavior\ReadHtmlCacheBehavior [ RunTime:0.000567s ]
INFO: [ app_begin ] --END-- [ RunTime:0.000606s ]
SQL: SHOW COLUMNS FROM `sp_attr` [ RunTime:0.000560s ]
SQL: SHOW COLUMNS FROM `sp_type` [ RunTime:0.000516s ]
SQL: SELECT * FROM `sp_type`  [ RunTime:0.000266s ]
INFO: [ view_parse ] --START--
INFO: [ template_filter ] --START--
INFO: Run Behavior\ContentReplaceBehavior [ RunTime:0.000132s ]
INFO: [ template_filter ] --END-- [ RunTime:0.000170s ]
INFO: Run Behavior\ParseTemplateBehavior [ RunTime:0.009037s ]
INFO: [ view_parse ] --END-- [ RunTime:0.009085s ]
INFO: [ view_filter ] --START--
INFO: Run Behavior\WriteHtmlCacheBehavior [ RunTime:0.000548s ]
INFO: [ view_filter ] --END-- [ RunTime:0.000580s ]
INFO: [ app_end ] --START--
INFO: Run Behavior\ShowPageTraceBehavior [ RunTime:0.000752s ]
INFO: [ app_end ] --END-- [ RunTime:0.000807s ]

[ 2018-02-18T00:26:43+08:00 ] 127.0.0.1 /admin.php/attr/attrlist/typeid/1
INFO: [ app_init ] --START--
INFO: Run Behavior\BuildLiteBehavior [ RunTime:0.000023s ]
INFO: [ app_init ] --END-- [ RunTime:0.000502s ]
INFO: [ app_begin ] --START--
INFO: Run Behavior\ReadHtmlCacheBehavior [ RunTime:0.000563s ]
INFO: [ app_begin ] --END-- [ RunTime:0.000601s ]
SQL: SHOW COLUMNS FROM `sp_attr` [ RunTime:0.000549s ]
SQL: SELECT COUNT(*) AS tp_count FROM `sp_attr` WHERE ( `type_id` = 1 ) LIMIT 1   [ RunTime:0.000326s ]
NOTIC: [8] Undefined offset: 0 E:\myServer\www\nisashop\library\ThinkPHP\Library\Think\Model.class.php 第 207 行.
SQL: SELECT * FROM `sp_attr` WHERE ( `type_id` = 1 ) LIMIT 0,5   [ RunTime:0.000311s ]
SQL: SHOW COLUMNS FROM `sp_type` [ RunTime:0.000585s ]
SQL: SELECT * FROM `sp_type`  [ RunTime:0.000265s ]
INFO: [ view_parse ] --START--
INFO: [ template_filter ] --START--
INFO: Run Behavior\ContentReplaceBehavior [ RunTime:0.000131s ]
INFO: [ template_filter ] --END-- [ RunTime:0.000169s ]
INFO: Run Behavior\ParseTemplateBehavior [ RunTime:0.009025s ]
INFO: [ view_parse ] --END-- [ RunTime:0.009066s ]
INFO: [ view_filter ] --START--
INFO: Run Behavior\WriteHtmlCacheBehavior [ RunTime:0.000526s ]
INFO: [ view_filter ] --END-- [ RunTime:0.000565s ]
INFO: [ app_end ] --START--
INFO: Run Behavior\ShowPageTraceBehavior [ RunTime:0.001137s ]
INFO: [ app_end ] --END-- [ RunTime:0.001199s ]

[ 2018-02-18T00:26:45+08:00 ] 127.0.0.1 /admin.php/Attr/attrlist/typeid/3
INFO: [ app_init ] --START--
INFO: Run Behavior\BuildLiteBehavior [ RunTime:0.000011s ]
INFO: [ app_init ] --END-- [ RunTime:0.000483s ]
INFO: [ app_begin ] --START--
INFO: Run Behavior\ReadHtmlCacheBehavior [ RunTime:0.000551s ]
INFO: [ app_begin ] --END-- [ RunTime:0.000587s ]
SQL: SHOW COLUMNS FROM `sp_attr` [ RunTime:0.000562s ]
SQL: SELECT COUNT(*) AS tp_count FROM `sp_attr` WHERE ( `type_id` = 3 ) LIMIT 1   [ RunTime:0.000293s ]
NOTIC: [8] Undefined offset: 0 E:\myServer\www\nisashop\library\ThinkPHP\Library\Think\Model.class.php 第 207 行.
SQL: SELECT * FROM `sp_attr` WHERE ( `type_id` = 3 ) LIMIT 0,5   [ RunTime:0.000336s ]
SQL: SHOW COLUMNS FROM `sp_type` [ RunTime:0.000550s ]
SQL: SELECT * FROM `sp_type`  [ RunTime:0.000311s ]
INFO: [ view_parse ] --START--
INFO: [ template_filter ] --START--
INFO: Run Behavior\ContentReplaceBehavior [ RunTime:0.000133s ]
INFO: [ template_filter ] --END-- [ RunTime:0.000173s ]
INFO: Run Behavior\ParseTemplateBehavior [ RunTime:0.010412s ]
INFO: [ view_parse ] --END-- [ RunTime:0.010457s ]
INFO: [ view_filter ] --START--
INFO: Run Behavior\WriteHtmlCacheBehavior [ RunTime:0.000511s ]
INFO: [ view_filter ] --END-- [ RunTime:0.000543s ]
INFO: [ app_end ] --START--
INFO: Run Behavior\ShowPageTraceBehavior [ RunTime:0.000740s ]
INFO: [ app_end ] --END-- [ RunTime:0.000787s ]

[ 2018-02-18T00:26:47+08:00 ] 127.0.0.1 /admin.php/Attr/attredit/id/8/typeid/3
INFO: [ app_init ] --START--
INFO: Run Behavior\BuildLiteBehavior [ RunTime:0.000011s ]
INFO: [ app_init ] --END-- [ RunTime:0.000482s ]
INFO: [ app_begin ] --START--
INFO: Run Behavior\ReadHtmlCacheBehavior [ RunTime:0.000556s ]
INFO: [ app_begin ] --END-- [ RunTime:0.000592s ]
SQL: SHOW COLUMNS FROM `sp_attr` [ RunTime:0.000578s ]
SQL: SELECT * FROM `sp_attr` WHERE ( `id` = 8 ) LIMIT 1   [ RunTime:0.000278s ]
SQL: SHOW COLUMNS FROM `sp_type` [ RunTime:0.000558s ]
SQL: SELECT * FROM `sp_type`  [ RunTime:0.000249s ]
INFO: [ view_parse ] --START--
INFO: [ template_filter ] --START--
INFO: Run Behavior\ContentReplaceBehavior [ RunTime:0.000134s ]
INFO: [ template_filter ] --END-- [ RunTime:0.000174s ]
INFO: Run Behavior\ParseTemplateBehavior [ RunTime:0.010684s ]
INFO: [ view_parse ] --END-- [ RunTime:0.010724s ]
INFO: [ view_filter ] --START--
INFO: Run Behavior\WriteHtmlCacheBehavior [ RunTime:0.000533s ]
INFO: [ view_filter ] --END-- [ RunTime:0.000564s ]
INFO: [ app_end ] --START--
INFO: Run Behavior\ShowPageTraceBehavior [ RunTime:0.000743s ]
INFO: [ app_end ] --END-- [ RunTime:0.000787s ]

[ 2018-02-18T00:26:52+08:00 ] 127.0.0.1 /admin.php/Attr/attredit/id/8/typeid/3
INFO: [ app_init ] --START--
INFO: Run Behavior\BuildLiteBehavior [ RunTime:0.000012s ]
INFO: [ app_init ] --END-- [ RunTime:0.000504s ]
INFO: [ app_begin ] --START--
INFO: Run Behavior\ReadHtmlCacheBehavior [ RunTime:0.000558s ]
INFO: [ app_begin ] --END-- [ RunTime:0.000599s ]
SQL: SHOW COLUMNS FROM `sp_attr` [ RunTime:0.000596s ]
SQL: SELECT * FROM `sp_attr` WHERE ( `attr_name` = 'CPU' ) AND ( `id` <> '8' ) LIMIT 1   [ RunTime:0.000351s ]
SQL: UPDATE `sp_attr` SET `attr_name`='CPU',`attr_type`='0',`attr_value`='',`type_id`=3 WHERE ( `id` = 8 ) [ RunTime:0.075742s ]
INFO: [ view_parse ] --START--
INFO: [ template_filter ] --START--
INFO: Run Behavior\ContentReplaceBehavior [ RunTime:0.000113s ]
INFO: [ template_filter ] --END-- [ RunTime:0.000287s ]
INFO: Run Behavior\ParseTemplateBehavior [ RunTime:0.019146s ]
INFO: [ view_parse ] --END-- [ RunTime:0.019257s ]
INFO: [ view_filter ] --START--
INFO: Run Behavior\WriteHtmlCacheBehavior [ RunTime:0.001437s ]
INFO: [ view_filter ] --END-- [ RunTime:0.001553s ]
INFO: [ app_end ] --START--
INFO: Run Behavior\ShowPageTraceBehavior [ RunTime:0.001878s ]
INFO: [ app_end ] --END-- [ RunTime:0.001966s ]

[ 2018-02-18T00:26:53+08:00 ] 127.0.0.1 /admin.php/Attr/attrlist/typeid/3.html
INFO: [ app_init ] --START--
INFO: Run Behavior\BuildLiteBehavior [ RunTime:0.000025s ]
INFO: [ app_init ] --END-- [ RunTime:0.000944s ]
INFO: [ app_begin ] --START--
INFO: Run Behavior\ReadHtmlCacheBehavior [ RunTime:0.001789s ]
INFO: [ app_begin ] --END-- [ RunTime:0.001910s ]
SQL: SHOW COLUMNS FROM `sp_attr` [ RunTime:0.000559s ]
SQL: SELECT COUNT(*) AS tp_count FROM `sp_attr` WHERE ( `type_id` = 3 ) LIMIT 1   [ RunTime:0.000297s ]
NOTIC: [8] Undefined offset: 0 E:\myServer\www\nisashop\library\ThinkPHP\Library\Think\Model.class.php 第 207 行.
SQL: SELECT * FROM `sp_attr` WHERE ( `type_id` = 3 ) LIMIT 0,5   [ RunTime:0.000328s ]
SQL: SHOW COLUMNS FROM `sp_type` [ RunTime:0.000515s ]
SQL: SELECT * FROM `sp_type`  [ RunTime:0.000230s ]
INFO: [ view_parse ] --START--
INFO: [ template_filter ] --START--
INFO: Run Behavior\ContentReplaceBehavior [ RunTime:0.000140s ]
INFO: [ template_filter ] --END-- [ RunTime:0.000180s ]
INFO: Run Behavior\ParseTemplateBehavior [ RunTime:0.010370s ]
INFO: [ view_parse ] --END-- [ RunTime:0.010413s ]
INFO: [ view_filter ] --START--
INFO: Run Behavior\WriteHtmlCacheBehavior [ RunTime:0.000534s ]
INFO: [ view_filter ] --END-- [ RunTime:0.000566s ]
INFO: [ app_end ] --START--
INFO: Run Behavior\ShowPageTraceBehavior [ RunTime:0.000792s ]
INFO: [ app_end ] --END-- [ RunTime:0.000840s ]

[ 2018-02-18T00:26:57+08:00 ] 127.0.0.1 /admin.php/goods/goodslist
INFO: [ app_init ] --START--
INFO: Run Behavior\BuildLiteBehavior [ RunTime:0.000011s ]
INFO: [ app_init ] --END-- [ RunTime:0.000521s ]
INFO: [ app_begin ] --START--
INFO: Run Behavior\ReadHtmlCacheBehavior [ RunTime:0.000564s ]
INFO: [ app_begin ] --END-- [ RunTime:0.000602s ]
SQL: SHOW COLUMNS FROM `sp_goods` [ RunTime:0.000618s ]
SQL: SHOW COLUMNS FROM `sp_category` [ RunTime:0.000612s ]
SQL: SHOW COLUMNS FROM `sp_brand` [ RunTime:0.000456s ]
SQL: SELECT COUNT(*) AS tp_count FROM sp_goods Goods  JOIN sp_category Category ON goods.cate_id=category.cateid LEFT JOIN sp_brand Brand ON goods.brand_id=brand.id LIMIT 1   [ RunTime:0.045370s ]
NOTIC: [8] Undefined offset: 0 E:\myServer\www\nisashop\library\ThinkPHP\Library\Think\Model.class.php 第 207 行.
SQL: SELECT Goods.id AS id,Goods.goods_name AS goods_name,Goods.sm_thumb AS sm_thumb,Goods.market_price AS market_price,Goods.shop_price AS shop_price,Goods.onsale AS onsale,Goods.cate_id AS cate_id,Goods.brand_id AS brand_id,Category.catename AS catename,Brand.brand_name AS brand_name FROM sp_goods Goods  JOIN sp_category Category ON goods.cate_id=category.cateid LEFT JOIN sp_brand Brand ON goods.brand_id=brand.id LIMIT 0,2   [ RunTime:0.012932s ]
INFO: [ view_parse ] --START--
INFO: [ template_filter ] --START--
INFO: Run Behavior\ContentReplaceBehavior [ RunTime:0.000429s ]
INFO: [ template_filter ] --END-- [ RunTime:0.000541s ]
INFO: Run Behavior\ParseTemplateBehavior [ RunTime:0.039768s ]
INFO: [ view_parse ] --END-- [ RunTime:0.039887s ]
INFO: [ view_filter ] --START--
INFO: Run Behavior\WriteHtmlCacheBehavior [ RunTime:0.001436s ]
INFO: [ view_filter ] --END-- [ RunTime:0.001538s ]
INFO: [ app_end ] --START--
INFO: Run Behavior\ShowPageTraceBehavior [ RunTime:0.002356s ]
INFO: [ app_end ] --END-- [ RunTime:0.002546s ]

[ 2018-02-18T00:27:03+08:00 ] 127.0.0.1 /admin.php/goods/goodsadd
INFO: [ app_init ] --START--
INFO: Run Behavior\BuildLiteBehavior [ RunTime:0.000012s ]
INFO: [ app_init ] --END-- [ RunTime:0.000529s ]
INFO: [ app_begin ] --START--
INFO: Run Behavior\ReadHtmlCacheBehavior [ RunTime:0.000667s ]
INFO: [ app_begin ] --END-- [ RunTime:0.000705s ]
NOTIC: [2] Declaration of Admin\Model\GoodsModel::_after_insert(&$data, $option) should be compatible with Think\Model::_after_insert($data, $options) E:\myServer\www\nisashop\application\Admin\Model\GoodsModel.class.php 第 6 行.
SQL: SHOW COLUMNS FROM `sp_goods` [ RunTime:0.000667s ]
SQL: SHOW COLUMNS FROM `sp_category` [ RunTime:0.000516s ]
SQL: SELECT * FROM `sp_category`  [ RunTime:0.000295s ]
SQL: SHOW COLUMNS FROM `sp_brand` [ RunTime:0.000713s ]
SQL: SELECT * FROM `sp_brand`  [ RunTime:0.000277s ]
SQL: SHOW COLUMNS FROM `sp_viplevel` [ RunTime:0.000517s ]
SQL: SELECT * FROM `sp_viplevel`  [ RunTime:0.000253s ]
SQL: SHOW COLUMNS FROM `sp_type` [ RunTime:0.000642s ]
SQL: SELECT * FROM `sp_type`  [ RunTime:0.000295s ]
INFO: [ view_parse ] --START--
INFO: [ template_filter ] --START--
INFO: Run Behavior\ContentReplaceBehavior [ RunTime:0.000197s ]
INFO: [ template_filter ] --END-- [ RunTime:0.000238s ]
INFO: Run Behavior\ParseTemplateBehavior [ RunTime:0.010540s ]
INFO: [ view_parse ] --END-- [ RunTime:0.010595s ]
INFO: [ view_filter ] --START--
INFO: Run Behavior\WriteHtmlCacheBehavior [ RunTime:0.000525s ]
INFO: [ view_filter ] --END-- [ RunTime:0.000558s ]
INFO: [ app_end ] --START--
INFO: Run Behavior\ShowPageTraceBehavior [ RunTime:0.000854s ]
INFO: [ app_end ] --END-- [ RunTime:0.000918s ]

[ 2018-02-18T00:27:05+08:00 ] 127.0.0.1 /admin.php/Goods/ajaxgetattr/typeid/3
INFO: [ app_init ] --START--
INFO: Run Behavior\BuildLiteBehavior [ RunTime:0.000011s ]
INFO: [ app_init ] --END-- [ RunTime:0.000482s ]
INFO: [ app_begin ] --START--
INFO: Run Behavior\ReadHtmlCacheBehavior [ RunTime:0.000557s ]
INFO: [ app_begin ] --END-- [ RunTime:0.000589s ]
SQL: SHOW COLUMNS FROM `sp_attr` [ RunTime:0.000583s ]
SQL: SELECT * FROM `sp_attr` WHERE ( `type_id` = 3 )  [ RunTime:0.000389s ]
INFO: [ app_end ] --START--
INFO: Run Behavior\ShowPageTraceBehavior [ RunTime:0.000959s ]
INFO: [ app_end ] --END-- [ RunTime:0.001012s ]

[ 2018-02-18T00:27:20+08:00 ] 127.0.0.1 /admin.php/Goods/ajaxgetattr/typeid/2
INFO: [ app_init ] --START--
INFO: Run Behavior\BuildLiteBehavior [ RunTime:0.000017s ]
INFO: [ app_init ] --END-- [ RunTime:0.000597s ]
INFO: [ app_begin ] --START--
INFO: Run Behavior\ReadHtmlCacheBehavior [ RunTime:0.000661s ]
INFO: [ app_begin ] --END-- [ RunTime:0.000735s ]
SQL: SHOW COLUMNS FROM `sp_attr` [ RunTime:0.000556s ]
SQL: SELECT * FROM `sp_attr` WHERE ( `type_id` = 2 )  [ RunTime:0.000304s ]
INFO: [ app_end ] --START--
INFO: Run Behavior\ShowPageTraceBehavior [ RunTime:0.000832s ]
INFO: [ app_end ] --END-- [ RunTime:0.000866s ]

[ 2018-02-18T00:27:28+08:00 ] 127.0.0.1 /admin.php/Goods/ajaxgetattr/typeid/4
INFO: [ app_init ] --START--
INFO: Run Behavior\BuildLiteBehavior [ RunTime:0.000011s ]
INFO: [ app_init ] --END-- [ RunTime:0.000485s ]
INFO: [ app_begin ] --START--
INFO: Run Behavior\ReadHtmlCacheBehavior [ RunTime:0.000546s ]
INFO: [ app_begin ] --END-- [ RunTime:0.000579s ]
SQL: SHOW COLUMNS FROM `sp_attr` [ RunTime:0.000551s ]
SQL: SELECT * FROM `sp_attr` WHERE ( `type_id` = 4 )  [ RunTime:0.000302s ]
INFO: [ app_end ] --START--
INFO: Run Behavior\ShowPageTraceBehavior [ RunTime:0.000842s ]
INFO: [ app_end ] --END-- [ RunTime:0.000880s ]

[ 2018-02-18T00:27:45+08:00 ] 127.0.0.1 /admin.php/Goods/ajaxgetattr/typeid/2
INFO: [ app_init ] --START--
INFO: Run Behavior\BuildLiteBehavior [ RunTime:0.000020s ]
INFO: [ app_init ] --END-- [ RunTime:0.000643s ]
INFO: [ app_begin ] --START--
INFO: Run Behavior\ReadHtmlCacheBehavior [ RunTime:0.000938s ]
INFO: [ app_begin ] --END-- [ RunTime:0.001015s ]
SQL: SHOW COLUMNS FROM `sp_attr` [ RunTime:0.001554s ]
SQL: SELECT * FROM `sp_attr` WHERE ( `type_id` = 2 )  [ RunTime:0.000384s ]
INFO: [ app_end ] --START--
INFO: Run Behavior\ShowPageTraceBehavior [ RunTime:0.001524s ]
INFO: [ app_end ] --END-- [ RunTime:0.001595s ]

[ 2018-02-18T00:27:49+08:00 ] 127.0.0.1 /admin.php/Goods/ajaxgetattr/typeid/3
INFO: [ app_init ] --START--
INFO: Run Behavior\BuildLiteBehavior [ RunTime:0.000010s ]
INFO: [ app_init ] --END-- [ RunTime:0.000492s ]
INFO: [ app_begin ] --START--
INFO: Run Behavior\ReadHtmlCacheBehavior [ RunTime:0.000556s ]
INFO: [ app_begin ] --END-- [ RunTime:0.000589s ]
SQL: SHOW COLUMNS FROM `sp_attr` [ RunTime:0.000775s ]
SQL: SELECT * FROM `sp_attr` WHERE ( `type_id` = 3 )  [ RunTime:0.000501s ]
INFO: [ app_end ] --START--
INFO: Run Behavior\ShowPageTraceBehavior [ RunTime:0.001389s ]
INFO: [ app_end ] --END-- [ RunTime:0.001558s ]

