[ 2018-02-08T10:07:32+08:00 ] 127.0.0.1 /
INFO: [ app_init ] --START--
INFO: Run Behavior\BuildLiteBehavior [ RunTime:0.000028s ]
INFO: [ app_init ] --END-- [ RunTime:0.034791s ]
INFO: [ app_begin ] --START--
INFO: Run Behavior\ReadHtmlCacheBehavior [ RunTime:0.002145s ]
INFO: [ app_begin ] --END-- [ RunTime:0.002234s ]
INFO: [ view_parse ] --START--
INFO: Run Behavior\ParseTemplateBehavior [ RunTime:0.001498s ]
INFO: [ view_parse ] --END-- [ RunTime:0.001583s ]
INFO: [ view_filter ] --START--
INFO: Run Behavior\WriteHtmlCacheBehavior [ RunTime:0.014734s ]
INFO: [ view_filter ] --END-- [ RunTime:0.014817s ]
INFO: [ app_end ] --START--
INFO: Run Behavior\ShowPageTraceBehavior [ RunTime:0.018061s ]
INFO: [ app_end ] --END-- [ RunTime:0.018126s ]

[ 2018-02-08T10:07:37+08:00 ] 127.0.0.1 /admin.php
INFO: [ app_init ] --START--
INFO: Run Behavior\BuildLiteBehavior [ RunTime:0.000013s ]
INFO: [ app_init ] --END-- [ RunTime:0.000549s ]
INFO: [ app_begin ] --START--
INFO: Run Behavior\ReadHtmlCacheBehavior [ RunTime:0.000513s ]
INFO: [ app_begin ] --END-- [ RunTime:0.000558s ]
INFO: [ view_parse ] --START--
INFO: [ template_filter ] --START--
INFO: Run Behavior\ContentReplaceBehavior [ RunTime:0.000034s ]
INFO: [ template_filter ] --END-- [ RunTime:0.000076s ]
INFO: Run Behavior\ParseTemplateBehavior [ RunTime:0.134504s ]
INFO: [ view_parse ] --END-- [ RunTime:0.134548s ]
INFO: [ view_filter ] --START--
INFO: Run Behavior\WriteHtmlCacheBehavior [ RunTime:0.000297s ]
INFO: [ view_filter ] --END-- [ RunTime:0.000329s ]

[ 2018-02-08T10:07:41+08:00 ] 127.0.0.1 /admin.php/Login/index.html
INFO: [ app_init ] --START--
INFO: Run Behavior\BuildLiteBehavior [ RunTime:0.000014s ]
INFO: [ app_init ] --END-- [ RunTime:0.000671s ]
INFO: [ app_begin ] --START--
INFO: Run Behavior\ReadHtmlCacheBehavior [ RunTime:0.000776s ]
INFO: [ app_begin ] --END-- [ RunTime:0.000827s ]
SQL: SHOW COLUMNS FROM `sp_admin` [ RunTime:0.011215s ]
INFO: [ view_parse ] --START--
INFO: [ template_filter ] --START--
INFO: Run Behavior\ContentReplaceBehavior [ RunTime:0.000041s ]
INFO: [ template_filter ] --END-- [ RunTime:0.000086s ]
INFO: Run Behavior\ParseTemplateBehavior [ RunTime:0.031760s ]
INFO: [ view_parse ] --END-- [ RunTime:0.031824s ]
INFO: [ view_filter ] --START--
INFO: Run Behavior\WriteHtmlCacheBehavior [ RunTime:0.000382s ]
INFO: [ view_filter ] --END-- [ RunTime:0.000413s ]
INFO: [ app_end ] --START--
INFO: Run Behavior\ShowPageTraceBehavior [ RunTime:0.000547s ]
INFO: [ app_end ] --END-- [ RunTime:0.000578s ]

[ 2018-02-08T10:07:41+08:00 ] 127.0.0.1 /admin.php/Login/verify
INFO: [ app_init ] --START--
INFO: Run Behavior\BuildLiteBehavior [ RunTime:0.000015s ]
INFO: [ app_init ] --END-- [ RunTime:0.000607s ]
INFO: [ app_begin ] --START--
INFO: Run Behavior\ReadHtmlCacheBehavior [ RunTime:0.000751s ]
INFO: [ app_begin ] --END-- [ RunTime:0.000813s ]
INFO: [ app_end ] --START--
INFO: Run Behavior\ShowPageTraceBehavior [ RunTime:0.000843s ]
INFO: [ app_end ] --END-- [ RunTime:0.000928s ]

[ 2018-02-08T10:07:53+08:00 ] 127.0.0.1 /admin.php/Login/index.html
INFO: [ app_init ] --START--
INFO: Run Behavior\BuildLiteBehavior [ RunTime:0.000010s ]
INFO: [ app_init ] --END-- [ RunTime:0.000456s ]
INFO: [ app_begin ] --START--
INFO: Run Behavior\ReadHtmlCacheBehavior [ RunTime:0.000917s ]
INFO: [ app_begin ] --END-- [ RunTime:0.000996s ]
SQL: SHOW COLUMNS FROM `sp_admin` [ RunTime:0.001386s ]
SQL: SELECT * FROM `sp_admin` WHERE ( username='nurdun' and password=md5('123456') ) LIMIT 1   [ RunTime:0.057770s ]
INFO: [ view_parse ] --START--
INFO: [ template_filter ] --START--
INFO: Run Behavior\ContentReplaceBehavior [ RunTime:0.000027s ]
INFO: [ template_filter ] --END-- [ RunTime:0.000069s ]
INFO: Run Behavior\ParseTemplateBehavior [ RunTime:0.006643s ]
INFO: [ view_parse ] --END-- [ RunTime:0.006691s ]
INFO: [ view_filter ] --START--
INFO: Run Behavior\WriteHtmlCacheBehavior [ RunTime:0.000428s ]
INFO: [ view_filter ] --END-- [ RunTime:0.000455s ]
INFO: [ app_end ] --START--
INFO: Run Behavior\ShowPageTraceBehavior [ RunTime:0.000635s ]
INFO: [ app_end ] --END-- [ RunTime:0.000665s ]

[ 2018-02-08T10:07:54+08:00 ] 127.0.0.1 /admin.php/Index/index.html
INFO: [ app_init ] --START--
INFO: Run Behavior\BuildLiteBehavior [ RunTime:0.000015s ]
INFO: [ app_init ] --END-- [ RunTime:0.000518s ]
INFO: [ app_begin ] --START--
INFO: Run Behavior\ReadHtmlCacheBehavior [ RunTime:0.000684s ]
INFO: [ app_begin ] --END-- [ RunTime:0.000738s ]
INFO: [ view_parse ] --START--
INFO: [ template_filter ] --START--
INFO: Run Behavior\ContentReplaceBehavior [ RunTime:0.000263s ]
INFO: [ template_filter ] --END-- [ RunTime:0.000866s ]
INFO: Run Behavior\ParseTemplateBehavior [ RunTime:0.077203s ]
INFO: [ view_parse ] --END-- [ RunTime:0.077309s ]
INFO: [ view_filter ] --START--
INFO: Run Behavior\WriteHtmlCacheBehavior [ RunTime:0.001411s ]
INFO: [ view_filter ] --END-- [ RunTime:0.001502s ]
INFO: [ app_end ] --START--
INFO: Run Behavior\ShowPageTraceBehavior [ RunTime:0.001594s ]
INFO: [ app_end ] --END-- [ RunTime:0.001689s ]

[ 2018-02-08T10:07:58+08:00 ] 127.0.0.1 /admin.php/brand/brandlist
INFO: [ app_init ] --START--
INFO: Run Behavior\BuildLiteBehavior [ RunTime:0.000012s ]
INFO: [ app_init ] --END-- [ RunTime:0.000429s ]
INFO: [ app_begin ] --START--
INFO: Run Behavior\ReadHtmlCacheBehavior [ RunTime:0.000536s ]
INFO: [ app_begin ] --END-- [ RunTime:0.000577s ]
SQL: SHOW COLUMNS FROM `sp_brand` [ RunTime:0.001662s ]
SQL: SELECT * FROM `sp_brand`  [ RunTime:0.000273s ]
INFO: [ view_parse ] --START--
INFO: [ template_filter ] --START--
INFO: Run Behavior\ContentReplaceBehavior [ RunTime:0.000093s ]
INFO: [ template_filter ] --END-- [ RunTime:0.000132s ]
NOTIC: [8] Undefined variable: page E:\myServer\www\nisashop\application\Runtime\Cache\Admin\dedeae3b4b323859dab06793cb86aa25.php 第 237 行.
NOTIC: [8] Undefined variable: page E:\myServer\www\nisashop\application\Runtime\Cache\Admin\dedeae3b4b323859dab06793cb86aa25.php 第 242 行.
INFO: Run Behavior\ParseTemplateBehavior [ RunTime:0.007535s ]
INFO: [ view_parse ] --END-- [ RunTime:0.007568s ]
INFO: [ view_filter ] --START--
INFO: Run Behavior\WriteHtmlCacheBehavior [ RunTime:0.000517s ]
INFO: [ view_filter ] --END-- [ RunTime:0.000546s ]
INFO: [ app_end ] --START--
INFO: Run Behavior\ShowPageTraceBehavior [ RunTime:0.000736s ]
INFO: [ app_end ] --END-- [ RunTime:0.000779s ]

[ 2018-02-08T10:15:33+08:00 ] 127.0.0.1 /admin.php/brand/brandlist
INFO: [ app_init ] --START--
INFO: Run Behavior\BuildLiteBehavior [ RunTime:0.000013s ]
INFO: [ app_init ] --END-- [ RunTime:0.000538s ]
INFO: [ app_begin ] --START--
INFO: Run Behavior\ReadHtmlCacheBehavior [ RunTime:0.000669s ]
INFO: [ app_begin ] --END-- [ RunTime:0.000707s ]
SQL: SHOW COLUMNS FROM `sp_brand` [ RunTime:0.001574s ]
SQL: SELECT * FROM `sp_brand`  [ RunTime:0.000243s ]
INFO: [ view_parse ] --START--
INFO: [ template_filter ] --START--
INFO: Run Behavior\ContentReplaceBehavior [ RunTime:0.000097s ]
INFO: [ template_filter ] --END-- [ RunTime:0.000143s ]
NOTIC: [8] Undefined variable: page E:\myServer\www\nisashop\application\Runtime\Cache\Admin\dedeae3b4b323859dab06793cb86aa25.php 第 237 行.
NOTIC: [8] Undefined variable: page E:\myServer\www\nisashop\application\Runtime\Cache\Admin\dedeae3b4b323859dab06793cb86aa25.php 第 242 行.
INFO: Run Behavior\ParseTemplateBehavior [ RunTime:0.009819s ]
INFO: [ view_parse ] --END-- [ RunTime:0.009856s ]
INFO: [ view_filter ] --START--
INFO: Run Behavior\WriteHtmlCacheBehavior [ RunTime:0.000447s ]
INFO: [ view_filter ] --END-- [ RunTime:0.000476s ]
INFO: [ app_end ] --START--
INFO: Run Behavior\ShowPageTraceBehavior [ RunTime:0.000703s ]
INFO: [ app_end ] --END-- [ RunTime:0.000749s ]

[ 2018-02-08T10:15:34+08:00 ] 127.0.0.1 /admin.php/brand/china.nuskin.com
INFO: [ app_init ] --START--
INFO: Run Behavior\BuildLiteBehavior [ RunTime:0.000011s ]
INFO: [ app_init ] --END-- [ RunTime:0.000490s ]
INFO: [ app_begin ] --START--
INFO: Run Behavior\ReadHtmlCacheBehavior [ RunTime:0.000557s ]
INFO: [ app_begin ] --END-- [ RunTime:0.000595s ]
ERR: 非法操作:china.nuskin.com

[ 2018-02-08T10:16:33+08:00 ] 127.0.0.1 /admin.php/brand/china.nuskin.com
INFO: [ app_init ] --START--
INFO: Run Behavior\BuildLiteBehavior [ RunTime:0.000011s ]
INFO: [ app_init ] --END-- [ RunTime:0.000546s ]
INFO: [ app_begin ] --START--
INFO: Run Behavior\ReadHtmlCacheBehavior [ RunTime:0.001844s ]
INFO: [ app_begin ] --END-- [ RunTime:0.001951s ]
ERR: 非法操作:china.nuskin.com

[ 2018-02-08T10:17:14+08:00 ] 127.0.0.1 /admin.php/brand/brandlist
INFO: [ app_init ] --START--
INFO: Run Behavior\BuildLiteBehavior [ RunTime:0.000014s ]
INFO: [ app_init ] --END-- [ RunTime:0.000544s ]
INFO: [ app_begin ] --START--
INFO: Run Behavior\ReadHtmlCacheBehavior [ RunTime:0.000822s ]
INFO: [ app_begin ] --END-- [ RunTime:0.000879s ]
SQL: SHOW COLUMNS FROM `sp_brand` [ RunTime:0.001287s ]
SQL: SELECT * FROM `sp_brand`  [ RunTime:0.000249s ]
INFO: [ view_parse ] --START--
INFO: [ template_filter ] --START--
INFO: Run Behavior\ContentReplaceBehavior [ RunTime:0.000098s ]
INFO: [ template_filter ] --END-- [ RunTime:0.000143s ]
NOTIC: [8] Undefined variable: page E:\myServer\www\nisashop\application\Runtime\Cache\Admin\dedeae3b4b323859dab06793cb86aa25.php 第 237 行.
NOTIC: [8] Undefined variable: page E:\myServer\www\nisashop\application\Runtime\Cache\Admin\dedeae3b4b323859dab06793cb86aa25.php 第 242 行.
INFO: Run Behavior\ParseTemplateBehavior [ RunTime:0.008625s ]
INFO: [ view_parse ] --END-- [ RunTime:0.008657s ]
INFO: [ view_filter ] --START--
INFO: Run Behavior\WriteHtmlCacheBehavior [ RunTime:0.000462s ]
INFO: [ view_filter ] --END-- [ RunTime:0.000492s ]
INFO: [ app_end ] --START--
INFO: Run Behavior\ShowPageTraceBehavior [ RunTime:0.000854s ]
INFO: [ app_end ] --END-- [ RunTime:0.000904s ]

[ 2018-02-08T10:17:15+08:00 ] 127.0.0.1 /admin.php/brand/china.nuskin.com
INFO: [ app_init ] --START--
INFO: Run Behavior\BuildLiteBehavior [ RunTime:0.000011s ]
INFO: [ app_init ] --END-- [ RunTime:0.000493s ]
INFO: [ app_begin ] --START--
INFO: Run Behavior\ReadHtmlCacheBehavior [ RunTime:0.000558s ]
INFO: [ app_begin ] --END-- [ RunTime:0.000594s ]
ERR: 非法操作:china.nuskin.com

[ 2018-02-08T10:18:00+08:00 ] 127.0.0.1 /admin.php/brand/brandlist
INFO: [ app_init ] --START--
INFO: Run Behavior\BuildLiteBehavior [ RunTime:0.000012s ]
INFO: [ app_init ] --END-- [ RunTime:0.000470s ]
INFO: [ app_begin ] --START--
INFO: Run Behavior\ReadHtmlCacheBehavior [ RunTime:0.000726s ]
INFO: [ app_begin ] --END-- [ RunTime:0.000778s ]
SQL: SHOW COLUMNS FROM `sp_brand` [ RunTime:0.001409s ]
SQL: SELECT * FROM `sp_brand`  [ RunTime:0.000229s ]
INFO: [ view_parse ] --START--
INFO: [ template_filter ] --START--
INFO: Run Behavior\ContentReplaceBehavior [ RunTime:0.000097s ]
INFO: [ template_filter ] --END-- [ RunTime:0.000139s ]
NOTIC: [8] Undefined variable: page E:\myServer\www\nisashop\application\Runtime\Cache\Admin\dedeae3b4b323859dab06793cb86aa25.php 第 237 行.
NOTIC: [8] Undefined variable: page E:\myServer\www\nisashop\application\Runtime\Cache\Admin\dedeae3b4b323859dab06793cb86aa25.php 第 242 行.
INFO: Run Behavior\ParseTemplateBehavior [ RunTime:0.009638s ]
INFO: [ view_parse ] --END-- [ RunTime:0.009671s ]
INFO: [ view_filter ] --START--
INFO: Run Behavior\WriteHtmlCacheBehavior [ RunTime:0.000463s ]
INFO: [ view_filter ] --END-- [ RunTime:0.000492s ]
INFO: [ app_end ] --START--
INFO: Run Behavior\ShowPageTraceBehavior [ RunTime:0.000904s ]
INFO: [ app_end ] --END-- [ RunTime:0.000958s ]

[ 2018-02-08T10:18:01+08:00 ] 127.0.0.1 /admin.php/brand/china.nuskin.com
INFO: [ app_init ] --START--
INFO: Run Behavior\BuildLiteBehavior [ RunTime:0.000017s ]
INFO: [ app_init ] --END-- [ RunTime:0.000533s ]
INFO: [ app_begin ] --START--
INFO: Run Behavior\ReadHtmlCacheBehavior [ RunTime:0.000991s ]
INFO: [ app_begin ] --END-- [ RunTime:0.001055s ]
ERR: 非法操作:china.nuskin.com

[ 2018-02-08T10:20:00+08:00 ] 127.0.0.1 /admin.php/brand/brandlist
INFO: [ app_init ] --START--
INFO: Run Behavior\BuildLiteBehavior [ RunTime:0.000011s ]
INFO: [ app_init ] --END-- [ RunTime:0.000543s ]
INFO: [ app_begin ] --START--
INFO: Run Behavior\ReadHtmlCacheBehavior [ RunTime:0.000736s ]
INFO: [ app_begin ] --END-- [ RunTime:0.000785s ]
SQL: SHOW COLUMNS FROM `sp_brand` [ RunTime:0.001528s ]
SQL: SELECT * FROM `sp_brand`  [ RunTime:0.000314s ]
INFO: [ view_parse ] --START--
INFO: [ template_filter ] --START--
INFO: Run Behavior\ContentReplaceBehavior [ RunTime:0.000093s ]
INFO: [ template_filter ] --END-- [ RunTime:0.000132s ]
NOTIC: [8] Undefined variable: page E:\myServer\www\nisashop\application\Runtime\Cache\Admin\dedeae3b4b323859dab06793cb86aa25.php 第 237 行.
NOTIC: [8] Undefined variable: page E:\myServer\www\nisashop\application\Runtime\Cache\Admin\dedeae3b4b323859dab06793cb86aa25.php 第 242 行.
INFO: Run Behavior\ParseTemplateBehavior [ RunTime:0.009310s ]
INFO: [ view_parse ] --END-- [ RunTime:0.009342s ]
INFO: [ view_filter ] --START--
INFO: Run Behavior\WriteHtmlCacheBehavior [ RunTime:0.000523s ]
INFO: [ view_filter ] --END-- [ RunTime:0.000552s ]
INFO: [ app_end ] --START--
INFO: Run Behavior\ShowPageTraceBehavior [ RunTime:0.000868s ]
INFO: [ app_end ] --END-- [ RunTime:0.000926s ]

[ 2018-02-08T10:20:01+08:00 ] 127.0.0.1 /admin.php/brand/china.nuskin.com
INFO: [ app_init ] --START--
INFO: Run Behavior\BuildLiteBehavior [ RunTime:0.000013s ]
INFO: [ app_init ] --END-- [ RunTime:0.000432s ]
INFO: [ app_begin ] --START--
INFO: Run Behavior\ReadHtmlCacheBehavior [ RunTime:0.000569s ]
INFO: [ app_begin ] --END-- [ RunTime:0.000608s ]
ERR: 非法操作:china.nuskin.com

[ 2018-02-08T10:20:14+08:00 ] 127.0.0.1 /admin.php/brand/china.nuskin.com
INFO: [ app_init ] --START--
INFO: Run Behavior\BuildLiteBehavior [ RunTime:0.000013s ]
INFO: [ app_init ] --END-- [ RunTime:0.000512s ]
INFO: [ app_begin ] --START--
INFO: Run Behavior\ReadHtmlCacheBehavior [ RunTime:0.000667s ]
INFO: [ app_begin ] --END-- [ RunTime:0.000704s ]
ERR: 非法操作:china.nuskin.com

[ 2018-02-08T10:20:14+08:00 ] 127.0.0.1 /admin.php/brand/china.nuskin.com
INFO: [ app_init ] --START--
INFO: Run Behavior\BuildLiteBehavior [ RunTime:0.000011s ]
INFO: [ app_init ] --END-- [ RunTime:0.000510s ]
INFO: [ app_begin ] --START--
INFO: Run Behavior\ReadHtmlCacheBehavior [ RunTime:0.000572s ]
INFO: [ app_begin ] --END-- [ RunTime:0.000607s ]
ERR: 非法操作:china.nuskin.com

[ 2018-02-08T10:20:16+08:00 ] 127.0.0.1 /admin.php/brand/china.nuskin.com
INFO: [ app_init ] --START--
INFO: Run Behavior\BuildLiteBehavior [ RunTime:0.000018s ]
INFO: [ app_init ] --END-- [ RunTime:0.000621s ]
INFO: [ app_begin ] --START--
INFO: Run Behavior\ReadHtmlCacheBehavior [ RunTime:0.000607s ]
INFO: [ app_begin ] --END-- [ RunTime:0.000651s ]
ERR: 非法操作:china.nuskin.com

[ 2018-02-08T10:20:16+08:00 ] 127.0.0.1 /admin.php/brand/china.nuskin.com
INFO: [ app_init ] --START--
INFO: Run Behavior\BuildLiteBehavior [ RunTime:0.000014s ]
INFO: [ app_init ] --END-- [ RunTime:0.000981s ]
INFO: [ app_begin ] --START--
INFO: Run Behavior\ReadHtmlCacheBehavior [ RunTime:0.000640s ]
INFO: [ app_begin ] --END-- [ RunTime:0.000690s ]
ERR: 非法操作:china.nuskin.com

[ 2018-02-08T10:20:23+08:00 ] 127.0.0.1 /admin.php/brand/brandlist
INFO: [ app_init ] --START--
INFO: Run Behavior\BuildLiteBehavior [ RunTime:0.000012s ]
INFO: [ app_init ] --END-- [ RunTime:0.000505s ]
INFO: [ app_begin ] --START--
INFO: Run Behavior\ReadHtmlCacheBehavior [ RunTime:0.000545s ]
INFO: [ app_begin ] --END-- [ RunTime:0.000581s ]
SQL: SHOW COLUMNS FROM `sp_brand` [ RunTime:0.001340s ]
SQL: SELECT * FROM `sp_brand`  [ RunTime:0.000253s ]
INFO: [ view_parse ] --START--
INFO: [ template_filter ] --START--
INFO: Run Behavior\ContentReplaceBehavior [ RunTime:0.000094s ]
INFO: [ template_filter ] --END-- [ RunTime:0.000133s ]
NOTIC: [8] Undefined variable: page E:\myServer\www\nisashop\application\Runtime\Cache\Admin\dedeae3b4b323859dab06793cb86aa25.php 第 237 行.
NOTIC: [8] Undefined variable: page E:\myServer\www\nisashop\application\Runtime\Cache\Admin\dedeae3b4b323859dab06793cb86aa25.php 第 242 行.
INFO: Run Behavior\ParseTemplateBehavior [ RunTime:0.008987s ]
INFO: [ view_parse ] --END-- [ RunTime:0.009020s ]
INFO: [ view_filter ] --START--
INFO: Run Behavior\WriteHtmlCacheBehavior [ RunTime:0.000518s ]
INFO: [ view_filter ] --END-- [ RunTime:0.000547s ]
INFO: [ app_end ] --START--
INFO: Run Behavior\ShowPageTraceBehavior [ RunTime:0.000863s ]
INFO: [ app_end ] --END-- [ RunTime:0.000911s ]

[ 2018-02-08T10:26:33+08:00 ] 127.0.0.1 /admin.php/brand/brandlist
INFO: [ app_init ] --START--
INFO: Run Behavior\BuildLiteBehavior [ RunTime:0.000012s ]
INFO: [ app_init ] --END-- [ RunTime:0.000529s ]
INFO: [ app_begin ] --START--
INFO: Run Behavior\ReadHtmlCacheBehavior [ RunTime:0.000604s ]
INFO: [ app_begin ] --END-- [ RunTime:0.000643s ]
SQL: SHOW COLUMNS FROM `sp_brand` [ RunTime:0.001485s ]
SQL: SELECT * FROM `sp_brand`  [ RunTime:0.000247s ]
INFO: [ view_parse ] --START--
INFO: [ template_filter ] --START--
INFO: Run Behavior\ContentReplaceBehavior [ RunTime:0.000093s ]
INFO: [ template_filter ] --END-- [ RunTime:0.000129s ]
NOTIC: [8] Undefined variable: page E:\myServer\www\nisashop\application\Runtime\Cache\Admin\dedeae3b4b323859dab06793cb86aa25.php 第 237 行.
NOTIC: [8] Undefined variable: page E:\myServer\www\nisashop\application\Runtime\Cache\Admin\dedeae3b4b323859dab06793cb86aa25.php 第 242 行.
INFO: Run Behavior\ParseTemplateBehavior [ RunTime:0.009861s ]
INFO: [ view_parse ] --END-- [ RunTime:0.009897s ]
INFO: [ view_filter ] --START--
INFO: Run Behavior\WriteHtmlCacheBehavior [ RunTime:0.000737s ]
INFO: [ view_filter ] --END-- [ RunTime:0.000771s ]
INFO: [ app_end ] --START--
INFO: Run Behavior\ShowPageTraceBehavior [ RunTime:0.000727s ]
INFO: [ app_end ] --END-- [ RunTime:0.000776s ]

[ 2018-02-08T10:26:36+08:00 ] 127.0.0.1 /admin.php/Brand/brandadd
INFO: [ app_init ] --START--
INFO: Run Behavior\BuildLiteBehavior [ RunTime:0.000009s ]
INFO: [ app_init ] --END-- [ RunTime:0.000482s ]
INFO: [ app_begin ] --START--
INFO: Run Behavior\ReadHtmlCacheBehavior [ RunTime:0.000552s ]
INFO: [ app_begin ] --END-- [ RunTime:0.000588s ]
SQL: SHOW COLUMNS FROM `sp_brand` [ RunTime:0.002021s ]
INFO: [ view_parse ] --START--
INFO: [ template_filter ] --START--
INFO: Run Behavior\ContentReplaceBehavior [ RunTime:0.000094s ]
INFO: [ template_filter ] --END-- [ RunTime:0.000137s ]
INFO: Run Behavior\ParseTemplateBehavior [ RunTime:0.068966s ]
INFO: [ view_parse ] --END-- [ RunTime:0.069010s ]
INFO: [ view_filter ] --START--
INFO: Run Behavior\WriteHtmlCacheBehavior [ RunTime:0.000527s ]
INFO: [ view_filter ] --END-- [ RunTime:0.000556s ]
INFO: [ app_end ] --START--
INFO: Run Behavior\ShowPageTraceBehavior [ RunTime:0.000839s ]
INFO: [ app_end ] --END-- [ RunTime:0.000881s ]

[ 2018-02-08T10:27:03+08:00 ] 127.0.0.1 /admin.php/Brand/brandadd
INFO: [ app_init ] --START--
INFO: Run Behavior\BuildLiteBehavior [ RunTime:0.000012s ]
INFO: [ app_init ] --END-- [ RunTime:0.000532s ]
INFO: [ app_begin ] --START--
INFO: Run Behavior\ReadHtmlCacheBehavior [ RunTime:0.000643s ]
INFO: [ app_begin ] --END-- [ RunTime:0.000683s ]
SQL: SHOW COLUMNS FROM `sp_brand` [ RunTime:0.001364s ]
NOTIC: [2] call_user_func() expects parameter 1 to be a valid callback, no array or string given E:\myServer\www\nisashop\library\ThinkPHP\Library\Think\Upload.class.php 第 169 行.
SQL: INSERT INTO `sp_brand` (`brand_name`,`brand_url`,`brand_logo`) VALUES ('NU SKIN','http://china.nuskin.com/','./public/Upload/Brand/5a7bb57795f76.jpg') [ RunTime:0.111678s ]
INFO: [ view_parse ] --START--
INFO: [ template_filter ] --START--
INFO: Run Behavior\ContentReplaceBehavior [ RunTime:0.000070s ]
INFO: [ template_filter ] --END-- [ RunTime:0.000179s ]
INFO: Run Behavior\ParseTemplateBehavior [ RunTime:0.020986s ]
INFO: [ view_parse ] --END-- [ RunTime:0.021090s ]
INFO: [ view_filter ] --START--
INFO: Run Behavior\WriteHtmlCacheBehavior [ RunTime:0.002985s ]
INFO: [ view_filter ] --END-- [ RunTime:0.003065s ]
INFO: [ app_end ] --START--
INFO: Run Behavior\ShowPageTraceBehavior [ RunTime:0.004351s ]
INFO: [ app_end ] --END-- [ RunTime:0.004487s ]

[ 2018-02-08T10:27:05+08:00 ] 127.0.0.1 /admin.php/Brand/brandlist.html
INFO: [ app_init ] --START--
INFO: Run Behavior\BuildLiteBehavior [ RunTime:0.000012s ]
INFO: [ app_init ] --END-- [ RunTime:0.000810s ]
INFO: [ app_begin ] --START--
INFO: Run Behavior\ReadHtmlCacheBehavior [ RunTime:0.001600s ]
INFO: [ app_begin ] --END-- [ RunTime:0.001646s ]
SQL: SHOW COLUMNS FROM `sp_brand` [ RunTime:0.001409s ]
SQL: SELECT * FROM `sp_brand`  [ RunTime:0.000287s ]
INFO: [ view_parse ] --START--
INFO: [ template_filter ] --START--
INFO: Run Behavior\ContentReplaceBehavior [ RunTime:0.000092s ]
INFO: [ template_filter ] --END-- [ RunTime:0.000131s ]
NOTIC: [8] Undefined variable: page E:\myServer\www\nisashop\application\Runtime\Cache\Admin\dedeae3b4b323859dab06793cb86aa25.php 第 237 行.
NOTIC: [8] Undefined variable: page E:\myServer\www\nisashop\application\Runtime\Cache\Admin\dedeae3b4b323859dab06793cb86aa25.php 第 242 行.
INFO: Run Behavior\ParseTemplateBehavior [ RunTime:0.011544s ]
INFO: [ view_parse ] --END-- [ RunTime:0.011717s ]
INFO: [ view_filter ] --START--
INFO: Run Behavior\WriteHtmlCacheBehavior [ RunTime:0.001771s ]
INFO: [ view_filter ] --END-- [ RunTime:0.001818s ]
INFO: [ app_end ] --START--
INFO: Run Behavior\ShowPageTraceBehavior [ RunTime:0.001555s ]
INFO: [ app_end ] --END-- [ RunTime:0.001605s ]

[ 2018-02-08T10:27:31+08:00 ] 127.0.0.1 /admin.php/Brand/brandlist.html
INFO: [ app_init ] --START--
INFO: Run Behavior\BuildLiteBehavior [ RunTime:0.000012s ]
INFO: [ app_init ] --END-- [ RunTime:0.000724s ]
INFO: [ app_begin ] --START--
INFO: Run Behavior\ReadHtmlCacheBehavior [ RunTime:0.001309s ]
INFO: [ app_begin ] --END-- [ RunTime:0.001352s ]
SQL: SHOW COLUMNS FROM `sp_brand` [ RunTime:0.001474s ]
SQL: SELECT * FROM `sp_brand`  [ RunTime:0.000277s ]
INFO: [ view_parse ] --START--
INFO: [ template_filter ] --START--
INFO: Run Behavior\ContentReplaceBehavior [ RunTime:0.000094s ]
INFO: [ template_filter ] --END-- [ RunTime:0.000133s ]
NOTIC: [8] Undefined variable: page E:\myServer\www\nisashop\application\Runtime\Cache\Admin\dedeae3b4b323859dab06793cb86aa25.php 第 237 行.
NOTIC: [8] Undefined variable: page E:\myServer\www\nisashop\application\Runtime\Cache\Admin\dedeae3b4b323859dab06793cb86aa25.php 第 242 行.
INFO: Run Behavior\ParseTemplateBehavior [ RunTime:0.010764s ]
INFO: [ view_parse ] --END-- [ RunTime:0.010797s ]
INFO: [ view_filter ] --START--
INFO: Run Behavior\WriteHtmlCacheBehavior [ RunTime:0.001236s ]
INFO: [ view_filter ] --END-- [ RunTime:0.001277s ]
INFO: [ app_end ] --START--
INFO: Run Behavior\ShowPageTraceBehavior [ RunTime:0.002612s ]
INFO: [ app_end ] --END-- [ RunTime:0.002689s ]

[ 2018-02-08T10:27:31+08:00 ] 127.0.0.1 /admin.php/Brand/brandlist.html
INFO: [ app_init ] --START--
INFO: Run Behavior\BuildLiteBehavior [ RunTime:0.000011s ]
INFO: [ app_init ] --END-- [ RunTime:0.000659s ]
INFO: [ app_begin ] --START--
INFO: Run Behavior\ReadHtmlCacheBehavior [ RunTime:0.001213s ]
INFO: [ app_begin ] --END-- [ RunTime:0.001252s ]
SQL: SHOW COLUMNS FROM `sp_brand` [ RunTime:0.000492s ]
SQL: SELECT * FROM `sp_brand`  [ RunTime:0.000174s ]
INFO: [ view_parse ] --START--
INFO: [ template_filter ] --START--
INFO: Run Behavior\ContentReplaceBehavior [ RunTime:0.000090s ]
INFO: [ template_filter ] --END-- [ RunTime:0.000128s ]
NOTIC: [8] Undefined variable: page E:\myServer\www\nisashop\application\Runtime\Cache\Admin\dedeae3b4b323859dab06793cb86aa25.php 第 237 行.
NOTIC: [8] Undefined variable: page E:\myServer\www\nisashop\application\Runtime\Cache\Admin\dedeae3b4b323859dab06793cb86aa25.php 第 242 行.
INFO: Run Behavior\ParseTemplateBehavior [ RunTime:0.013041s ]
INFO: [ view_parse ] --END-- [ RunTime:0.013077s ]
INFO: [ view_filter ] --START--
INFO: Run Behavior\WriteHtmlCacheBehavior [ RunTime:0.001207s ]
INFO: [ view_filter ] --END-- [ RunTime:0.001254s ]
INFO: [ app_end ] --START--
INFO: Run Behavior\ShowPageTraceBehavior [ RunTime:0.001921s ]
INFO: [ app_end ] --END-- [ RunTime:0.001982s ]

[ 2018-02-08T10:32:26+08:00 ] 127.0.0.1 /admin.php/Brand/brandadd
INFO: [ app_init ] --START--
INFO: Run Behavior\BuildLiteBehavior [ RunTime:0.000012s ]
INFO: [ app_init ] --END-- [ RunTime:0.000543s ]
INFO: [ app_begin ] --START--
INFO: Run Behavior\ReadHtmlCacheBehavior [ RunTime:0.000653s ]
INFO: [ app_begin ] --END-- [ RunTime:0.000690s ]
SQL: SHOW COLUMNS FROM `sp_brand` [ RunTime:0.001183s ]
INFO: [ view_parse ] --START--
INFO: [ template_filter ] --START--
INFO: Run Behavior\ContentReplaceBehavior [ RunTime:0.000092s ]
INFO: [ template_filter ] --END-- [ RunTime:0.000131s ]
INFO: Run Behavior\ParseTemplateBehavior [ RunTime:0.007648s ]
INFO: [ view_parse ] --END-- [ RunTime:0.007695s ]
INFO: [ view_filter ] --START--
INFO: Run Behavior\WriteHtmlCacheBehavior [ RunTime:0.000999s ]
INFO: [ view_filter ] --END-- [ RunTime:0.001086s ]
INFO: [ app_end ] --START--
INFO: Run Behavior\ShowPageTraceBehavior [ RunTime:0.001225s ]
INFO: [ app_end ] --END-- [ RunTime:0.001286s ]

[ 2018-02-08T10:32:50+08:00 ] 127.0.0.1 /admin.php/Brand/brandadd
INFO: [ app_init ] --START--
INFO: Run Behavior\BuildLiteBehavior [ RunTime:0.000016s ]
INFO: [ app_init ] --END-- [ RunTime:0.001266s ]
INFO: [ app_begin ] --START--
INFO: Run Behavior\ReadHtmlCacheBehavior [ RunTime:0.000545s ]
INFO: [ app_begin ] --END-- [ RunTime:0.000599s ]
SQL: SHOW COLUMNS FROM `sp_brand` [ RunTime:0.001290s ]
NOTIC: [2] call_user_func() expects parameter 1 to be a valid callback, no array or string given E:\myServer\www\nisashop\library\ThinkPHP\Library\Think\Upload.class.php 第 169 行.
SQL: INSERT INTO `sp_brand` (`brand_name`,`brand_url`,`brand_logo`) VALUES ('LANCOME','http://www.lancome.com.cn/','./public/Upload/Brand/5a7bb6d24cd97.jpg') [ RunTime:0.092187s ]
INFO: [ view_parse ] --START--
INFO: [ template_filter ] --START--
INFO: Run Behavior\ContentReplaceBehavior [ RunTime:0.000030s ]
INFO: [ template_filter ] --END-- [ RunTime:0.000077s ]
INFO: Run Behavior\ParseTemplateBehavior [ RunTime:0.045718s ]
INFO: [ view_parse ] --END-- [ RunTime:0.045776s ]
INFO: [ view_filter ] --START--
INFO: Run Behavior\WriteHtmlCacheBehavior [ RunTime:0.001207s ]
INFO: [ view_filter ] --END-- [ RunTime:0.001243s ]
INFO: [ app_end ] --START--
INFO: Run Behavior\ShowPageTraceBehavior [ RunTime:0.001495s ]
INFO: [ app_end ] --END-- [ RunTime:0.001527s ]

[ 2018-02-08T10:32:51+08:00 ] 127.0.0.1 /admin.php/Brand/brandlist.html
INFO: [ app_init ] --START--
INFO: Run Behavior\BuildLiteBehavior [ RunTime:0.000012s ]
INFO: [ app_init ] --END-- [ RunTime:0.000687s ]
INFO: [ app_begin ] --START--
INFO: Run Behavior\ReadHtmlCacheBehavior [ RunTime:0.001900s ]
INFO: [ app_begin ] --END-- [ RunTime:0.001952s ]
SQL: SHOW COLUMNS FROM `sp_brand` [ RunTime:0.018010s ]
SQL: SELECT * FROM `sp_brand`  [ RunTime:0.000270s ]
INFO: [ view_parse ] --START--
INFO: [ template_filter ] --START--
INFO: Run Behavior\ContentReplaceBehavior [ RunTime:0.000103s ]
INFO: [ template_filter ] --END-- [ RunTime:0.000154s ]
NOTIC: [8] Undefined variable: page E:\myServer\www\nisashop\application\Runtime\Cache\Admin\dedeae3b4b323859dab06793cb86aa25.php 第 237 行.
NOTIC: [8] Undefined variable: page E:\myServer\www\nisashop\application\Runtime\Cache\Admin\dedeae3b4b323859dab06793cb86aa25.php 第 242 行.
INFO: Run Behavior\ParseTemplateBehavior [ RunTime:0.010625s ]
INFO: [ view_parse ] --END-- [ RunTime:0.010660s ]
INFO: [ view_filter ] --START--
INFO: Run Behavior\WriteHtmlCacheBehavior [ RunTime:0.001188s ]
INFO: [ view_filter ] --END-- [ RunTime:0.001220s ]
INFO: [ app_end ] --START--
INFO: Run Behavior\ShowPageTraceBehavior [ RunTime:0.001595s ]
INFO: [ app_end ] --END-- [ RunTime:0.001641s ]

[ 2018-02-08T10:35:14+08:00 ] 127.0.0.1 /admin.php/Brand/brandadd
INFO: [ app_init ] --START--
INFO: Run Behavior\BuildLiteBehavior [ RunTime:0.000010s ]
INFO: [ app_init ] --END-- [ RunTime:0.000537s ]
INFO: [ app_begin ] --START--
INFO: Run Behavior\ReadHtmlCacheBehavior [ RunTime:0.000665s ]
INFO: [ app_begin ] --END-- [ RunTime:0.000702s ]
SQL: SHOW COLUMNS FROM `sp_brand` [ RunTime:0.001481s ]
INFO: [ view_parse ] --START--
INFO: [ template_filter ] --START--
INFO: Run Behavior\ContentReplaceBehavior [ RunTime:0.000100s ]
INFO: [ template_filter ] --END-- [ RunTime:0.000147s ]
INFO: Run Behavior\ParseTemplateBehavior [ RunTime:0.009235s ]
INFO: [ view_parse ] --END-- [ RunTime:0.009275s ]
INFO: [ view_filter ] --START--
INFO: Run Behavior\WriteHtmlCacheBehavior [ RunTime:0.000524s ]
INFO: [ view_filter ] --END-- [ RunTime:0.000555s ]
INFO: [ app_end ] --START--
INFO: Run Behavior\ShowPageTraceBehavior [ RunTime:0.000729s ]
INFO: [ app_end ] --END-- [ RunTime:0.000770s ]

[ 2018-02-08T10:36:25+08:00 ] 127.0.0.1 /admin.php/Brand/brandadd
INFO: [ app_init ] --START--
INFO: Run Behavior\BuildLiteBehavior [ RunTime:0.000020s ]
INFO: [ app_init ] --END-- [ RunTime:0.002698s ]
INFO: [ app_begin ] --START--
INFO: Run Behavior\ReadHtmlCacheBehavior [ RunTime:0.000885s ]
INFO: [ app_begin ] --END-- [ RunTime:0.000943s ]
SQL: SHOW COLUMNS FROM `sp_brand` [ RunTime:0.003326s ]
NOTIC: [2] call_user_func() expects parameter 1 to be a valid callback, no array or string given E:\myServer\www\nisashop\library\ThinkPHP\Library\Think\Upload.class.php 第 169 行.
SQL: INSERT INTO `sp_brand` (`brand_name`,`brand_url`,`brand_logo`) VALUES ('ESTEELAUDE','https://www.esteelauder.com.cn/','./public/Upload/Brand/5a7bb7a9a90f0.jpg') [ RunTime:0.096402s ]
INFO: [ view_parse ] --START--
INFO: [ template_filter ] --START--
INFO: Run Behavior\ContentReplaceBehavior [ RunTime:0.000029s ]
INFO: [ template_filter ] --END-- [ RunTime:0.000070s ]
INFO: Run Behavior\ParseTemplateBehavior [ RunTime:0.006349s ]
INFO: [ view_parse ] --END-- [ RunTime:0.006396s ]
INFO: [ view_filter ] --START--
INFO: Run Behavior\WriteHtmlCacheBehavior [ RunTime:0.000530s ]
INFO: [ view_filter ] --END-- [ RunTime:0.000559s ]
INFO: [ app_end ] --START--
INFO: Run Behavior\ShowPageTraceBehavior [ RunTime:0.000722s ]
INFO: [ app_end ] --END-- [ RunTime:0.000757s ]

[ 2018-02-08T10:36:26+08:00 ] 127.0.0.1 /admin.php/Brand/brandlist.html
INFO: [ app_init ] --START--
INFO: Run Behavior\BuildLiteBehavior [ RunTime:0.000012s ]
INFO: [ app_init ] --END-- [ RunTime:0.000554s ]
INFO: [ app_begin ] --START--
INFO: Run Behavior\ReadHtmlCacheBehavior [ RunTime:0.000778s ]
INFO: [ app_begin ] --END-- [ RunTime:0.000836s ]
SQL: SHOW COLUMNS FROM `sp_brand` [ RunTime:0.001272s ]
SQL: SELECT * FROM `sp_brand`  [ RunTime:0.000272s ]
INFO: [ view_parse ] --START--
INFO: [ template_filter ] --START--
INFO: Run Behavior\ContentReplaceBehavior [ RunTime:0.000091s ]
INFO: [ template_filter ] --END-- [ RunTime:0.000127s ]
NOTIC: [8] Undefined variable: page E:\myServer\www\nisashop\application\Runtime\Cache\Admin\dedeae3b4b323859dab06793cb86aa25.php 第 237 行.
NOTIC: [8] Undefined variable: page E:\myServer\www\nisashop\application\Runtime\Cache\Admin\dedeae3b4b323859dab06793cb86aa25.php 第 242 行.
INFO: Run Behavior\ParseTemplateBehavior [ RunTime:0.008226s ]
INFO: [ view_parse ] --END-- [ RunTime:0.008259s ]
INFO: [ view_filter ] --START--
INFO: Run Behavior\WriteHtmlCacheBehavior [ RunTime:0.000625s ]
INFO: [ view_filter ] --END-- [ RunTime:0.000655s ]
INFO: [ app_end ] --START--
INFO: Run Behavior\ShowPageTraceBehavior [ RunTime:0.000820s ]
INFO: [ app_end ] --END-- [ RunTime:0.000865s ]

[ 2018-02-08T10:47:59+08:00 ] 127.0.0.1 /admin.php/Brand/brandlist.html
INFO: [ app_init ] --START--
INFO: Run Behavior\BuildLiteBehavior [ RunTime:0.000010s ]
INFO: [ app_init ] --END-- [ RunTime:0.000524s ]
INFO: [ app_begin ] --START--
INFO: Run Behavior\ReadHtmlCacheBehavior [ RunTime:0.001421s ]
INFO: [ app_begin ] --END-- [ RunTime:0.001499s ]
SQL: SHOW COLUMNS FROM `sp_brand` [ RunTime:0.002807s ]
SQL: SELECT COUNT(*) AS tp_count FROM `sp_brand` LIMIT 1   [ RunTime:0.035229s ]
NOTIC: [8] Undefined offset: 0 E:\myServer\www\nisashop\library\ThinkPHP\Library\Think\Model.class.php 第 207 行.
SQL: SELECT * FROM `sp_brand` LIMIT 0,2   [ RunTime:0.000351s ]
INFO: [ view_parse ] --START--
INFO: [ template_filter ] --START--
INFO: Run Behavior\ContentReplaceBehavior [ RunTime:0.000095s ]
INFO: [ template_filter ] --END-- [ RunTime:0.000141s ]
INFO: Run Behavior\ParseTemplateBehavior [ RunTime:0.008932s ]
INFO: [ view_parse ] --END-- [ RunTime:0.008976s ]
INFO: [ view_filter ] --START--
INFO: Run Behavior\WriteHtmlCacheBehavior [ RunTime:0.000628s ]
INFO: [ view_filter ] --END-- [ RunTime:0.000658s ]
INFO: [ app_end ] --START--
INFO: Run Behavior\ShowPageTraceBehavior [ RunTime:0.000836s ]
INFO: [ app_end ] --END-- [ RunTime:0.000882s ]

[ 2018-02-08T10:48:01+08:00 ] 127.0.0.1 /admin.php/Brand/brandlist/p/2.html
INFO: [ app_init ] --START--
INFO: Run Behavior\BuildLiteBehavior [ RunTime:0.000011s ]
INFO: [ app_init ] --END-- [ RunTime:0.000532s ]
INFO: [ app_begin ] --START--
INFO: Run Behavior\ReadHtmlCacheBehavior [ RunTime:0.000765s ]
INFO: [ app_begin ] --END-- [ RunTime:0.000801s ]
SQL: SHOW COLUMNS FROM `sp_brand` [ RunTime:0.001296s ]
SQL: SELECT COUNT(*) AS tp_count FROM `sp_brand` LIMIT 1   [ RunTime:0.000225s ]
NOTIC: [8] Undefined offset: 0 E:\myServer\www\nisashop\library\ThinkPHP\Library\Think\Model.class.php 第 207 行.
SQL: SELECT * FROM `sp_brand` LIMIT 2,2   [ RunTime:0.000301s ]
INFO: [ view_parse ] --START--
INFO: [ template_filter ] --START--
INFO: Run Behavior\ContentReplaceBehavior [ RunTime:0.000110s ]
INFO: [ template_filter ] --END-- [ RunTime:0.000152s ]
INFO: Run Behavior\ParseTemplateBehavior [ RunTime:0.009388s ]
INFO: [ view_parse ] --END-- [ RunTime:0.009442s ]
INFO: [ view_filter ] --START--
INFO: Run Behavior\WriteHtmlCacheBehavior [ RunTime:0.000566s ]
INFO: [ view_filter ] --END-- [ RunTime:0.000599s ]
INFO: [ app_end ] --START--
INFO: Run Behavior\ShowPageTraceBehavior [ RunTime:0.000878s ]
INFO: [ app_end ] --END-- [ RunTime:0.000929s ]

[ 2018-02-08T10:48:04+08:00 ] 127.0.0.1 /admin.php/Brand/brandlist/p/1.html
INFO: [ app_init ] --START--
INFO: Run Behavior\BuildLiteBehavior [ RunTime:0.000010s ]
INFO: [ app_init ] --END-- [ RunTime:0.000524s ]
INFO: [ app_begin ] --START--
INFO: Run Behavior\ReadHtmlCacheBehavior [ RunTime:0.000774s ]
INFO: [ app_begin ] --END-- [ RunTime:0.000811s ]
SQL: SHOW COLUMNS FROM `sp_brand` [ RunTime:0.001705s ]
SQL: SELECT COUNT(*) AS tp_count FROM `sp_brand` LIMIT 1   [ RunTime:0.000239s ]
NOTIC: [8] Undefined offset: 0 E:\myServer\www\nisashop\library\ThinkPHP\Library\Think\Model.class.php 第 207 行.
SQL: SELECT * FROM `sp_brand` LIMIT 0,2   [ RunTime:0.000301s ]
INFO: [ view_parse ] --START--
INFO: [ template_filter ] --START--
INFO: Run Behavior\ContentReplaceBehavior [ RunTime:0.000097s ]
INFO: [ template_filter ] --END-- [ RunTime:0.000136s ]
INFO: Run Behavior\ParseTemplateBehavior [ RunTime:0.008434s ]
INFO: [ view_parse ] --END-- [ RunTime:0.008481s ]
INFO: [ view_filter ] --START--
INFO: Run Behavior\WriteHtmlCacheBehavior [ RunTime:0.000612s ]
INFO: [ view_filter ] --END-- [ RunTime:0.000642s ]
INFO: [ app_end ] --START--
INFO: Run Behavior\ShowPageTraceBehavior [ RunTime:0.000954s ]
INFO: [ app_end ] --END-- [ RunTime:0.000998s ]

[ 2018-02-08T11:00:27+08:00 ] 127.0.0.1 /admin.php/Brand/brandlist/p/1.html
INFO: [ app_init ] --START--
INFO: Run Behavior\BuildLiteBehavior [ RunTime:0.000014s ]
INFO: [ app_init ] --END-- [ RunTime:0.000557s ]
INFO: [ app_begin ] --START--
INFO: Run Behavior\ReadHtmlCacheBehavior [ RunTime:0.000654s ]
INFO: [ app_begin ] --END-- [ RunTime:0.000692s ]
SQL: SHOW COLUMNS FROM `sp_brand` [ RunTime:0.000723s ]
SQL: SELECT COUNT(*) AS tp_count FROM `sp_brand` LIMIT 1   [ RunTime:0.000248s ]
NOTIC: [8] Undefined offset: 0 E:\myServer\www\nisashop\library\ThinkPHP\Library\Think\Model.class.php 第 207 行.
SQL: SELECT * FROM `sp_brand` LIMIT 0,2   [ RunTime:0.000276s ]
INFO: [ view_parse ] --START--
INFO: [ template_filter ] --START--
INFO: Run Behavior\ContentReplaceBehavior [ RunTime:0.000104s ]
INFO: [ template_filter ] --END-- [ RunTime:0.000143s ]
ERR: syntax error, unexpected '<'

[ 2018-02-08T11:01:30+08:00 ] 127.0.0.1 /admin.php/Brand/brandlist/p/1.html
INFO: [ app_init ] --START--
INFO: Run Behavior\BuildLiteBehavior [ RunTime:0.000011s ]
INFO: [ app_init ] --END-- [ RunTime:0.000460s ]
INFO: [ app_begin ] --START--
INFO: Run Behavior\ReadHtmlCacheBehavior [ RunTime:0.000624s ]
INFO: [ app_begin ] --END-- [ RunTime:0.000669s ]
SQL: SHOW COLUMNS FROM `sp_brand` [ RunTime:0.000821s ]
SQL: SELECT COUNT(*) AS tp_count FROM `sp_brand` LIMIT 1   [ RunTime:0.000303s ]
NOTIC: [8] Undefined offset: 0 E:\myServer\www\nisashop\library\ThinkPHP\Library\Think\Model.class.php 第 207 行.
SQL: SELECT * FROM `sp_brand` LIMIT 0,2   [ RunTime:0.000342s ]
INFO: [ view_parse ] --START--
INFO: [ template_filter ] --START--
INFO: Run Behavior\ContentReplaceBehavior [ RunTime:0.000103s ]
INFO: [ template_filter ] --END-- [ RunTime:0.000140s ]
ERR: syntax error, unexpected '<'

[ 2018-02-08T11:01:31+08:00 ] 127.0.0.1 /admin.php/Brand/brandlist/p/1.html
INFO: [ app_init ] --START--
INFO: Run Behavior\BuildLiteBehavior [ RunTime:0.000011s ]
INFO: [ app_init ] --END-- [ RunTime:0.000522s ]
INFO: [ app_begin ] --START--
INFO: Run Behavior\ReadHtmlCacheBehavior [ RunTime:0.000578s ]
INFO: [ app_begin ] --END-- [ RunTime:0.000613s ]
SQL: SHOW COLUMNS FROM `sp_brand` [ RunTime:0.001244s ]
SQL: SELECT COUNT(*) AS tp_count FROM `sp_brand` LIMIT 1   [ RunTime:0.000232s ]
NOTIC: [8] Undefined offset: 0 E:\myServer\www\nisashop\library\ThinkPHP\Library\Think\Model.class.php 第 207 行.
SQL: SELECT * FROM `sp_brand` LIMIT 0,2   [ RunTime:0.000257s ]
INFO: [ view_parse ] --START--
INFO: [ template_filter ] --START--
INFO: Run Behavior\ContentReplaceBehavior [ RunTime:0.000107s ]
INFO: [ template_filter ] --END-- [ RunTime:0.000148s ]
ERR: syntax error, unexpected '<'

[ 2018-02-08T11:01:31+08:00 ] 127.0.0.1 /admin.php/Brand/brandlist/p/1.html
INFO: [ app_init ] --START--
INFO: Run Behavior\BuildLiteBehavior [ RunTime:0.000009s ]
INFO: [ app_init ] --END-- [ RunTime:0.000492s ]
INFO: [ app_begin ] --START--
INFO: Run Behavior\ReadHtmlCacheBehavior [ RunTime:0.000850s ]
INFO: [ app_begin ] --END-- [ RunTime:0.000898s ]
SQL: SHOW COLUMNS FROM `sp_brand` [ RunTime:0.000547s ]
SQL: SELECT COUNT(*) AS tp_count FROM `sp_brand` LIMIT 1   [ RunTime:0.000217s ]
NOTIC: [8] Undefined offset: 0 E:\myServer\www\nisashop\library\ThinkPHP\Library\Think\Model.class.php 第 207 行.
SQL: SELECT * FROM `sp_brand` LIMIT 0,2   [ RunTime:0.000267s ]
INFO: [ view_parse ] --START--
INFO: [ template_filter ] --START--
INFO: Run Behavior\ContentReplaceBehavior [ RunTime:0.000117s ]
INFO: [ template_filter ] --END-- [ RunTime:0.000205s ]
ERR: syntax error, unexpected '<'

[ 2018-02-08T11:01:33+08:00 ] 127.0.0.1 /admin.php/Brand/brandlist/p/2.html
INFO: [ app_init ] --START--
INFO: Run Behavior\BuildLiteBehavior [ RunTime:0.000011s ]
INFO: [ app_init ] --END-- [ RunTime:0.000507s ]
INFO: [ app_begin ] --START--
INFO: Run Behavior\ReadHtmlCacheBehavior [ RunTime:0.000562s ]
INFO: [ app_begin ] --END-- [ RunTime:0.000598s ]
SQL: SHOW COLUMNS FROM `sp_brand` [ RunTime:0.000689s ]
SQL: SELECT COUNT(*) AS tp_count FROM `sp_brand` LIMIT 1   [ RunTime:0.000299s ]
NOTIC: [8] Undefined offset: 0 E:\myServer\www\nisashop\library\ThinkPHP\Library\Think\Model.class.php 第 207 行.
SQL: SELECT * FROM `sp_brand` LIMIT 2,2   [ RunTime:0.000302s ]
INFO: [ view_parse ] --START--
INFO: [ template_filter ] --START--
INFO: Run Behavior\ContentReplaceBehavior [ RunTime:0.000100s ]
INFO: [ template_filter ] --END-- [ RunTime:0.000137s ]
ERR: syntax error, unexpected '<'

[ 2018-02-08T11:02:00+08:00 ] 127.0.0.1 /admin.php/Brand/brandlist/p/2.html
INFO: [ app_init ] --START--
INFO: Run Behavior\BuildLiteBehavior [ RunTime:0.000011s ]
INFO: [ app_init ] --END-- [ RunTime:0.000582s ]
INFO: [ app_begin ] --START--
INFO: Run Behavior\ReadHtmlCacheBehavior [ RunTime:0.000532s ]
INFO: [ app_begin ] --END-- [ RunTime:0.000573s ]
SQL: SHOW COLUMNS FROM `sp_brand` [ RunTime:0.000565s ]
SQL: SELECT COUNT(*) AS tp_count FROM `sp_brand` LIMIT 1   [ RunTime:0.000224s ]
NOTIC: [8] Undefined offset: 0 E:\myServer\www\nisashop\library\ThinkPHP\Library\Think\Model.class.php 第 207 行.
SQL: SELECT * FROM `sp_brand` LIMIT 2,2   [ RunTime:0.000276s ]
INFO: [ view_parse ] --START--
INFO: [ template_filter ] --START--
INFO: Run Behavior\ContentReplaceBehavior [ RunTime:0.000094s ]
INFO: [ template_filter ] --END-- [ RunTime:0.000130s ]
ERR: syntax error, unexpected '<'

[ 2018-02-08T11:02:01+08:00 ] 127.0.0.1 /admin.php/Brand/brandlist/p/2.html
INFO: [ app_init ] --START--
INFO: Run Behavior\BuildLiteBehavior [ RunTime:0.000011s ]
INFO: [ app_init ] --END-- [ RunTime:0.000502s ]
INFO: [ app_begin ] --START--
INFO: Run Behavior\ReadHtmlCacheBehavior [ RunTime:0.000671s ]
INFO: [ app_begin ] --END-- [ RunTime:0.000712s ]
SQL: SHOW COLUMNS FROM `sp_brand` [ RunTime:0.000641s ]
SQL: SELECT COUNT(*) AS tp_count FROM `sp_brand` LIMIT 1   [ RunTime:0.000240s ]
NOTIC: [8] Undefined offset: 0 E:\myServer\www\nisashop\library\ThinkPHP\Library\Think\Model.class.php 第 207 行.
SQL: SELECT * FROM `sp_brand` LIMIT 2,2   [ RunTime:0.000342s ]
INFO: [ view_parse ] --START--
INFO: [ template_filter ] --START--
INFO: Run Behavior\ContentReplaceBehavior [ RunTime:0.000109s ]
INFO: [ template_filter ] --END-- [ RunTime:0.000166s ]
ERR: syntax error, unexpected '<'

[ 2018-02-08T11:02:01+08:00 ] 127.0.0.1 /admin.php/Brand/brandlist/p/2.html
INFO: [ app_init ] --START--
INFO: Run Behavior\BuildLiteBehavior [ RunTime:0.000012s ]
INFO: [ app_init ] --END-- [ RunTime:0.000517s ]
INFO: [ app_begin ] --START--
INFO: Run Behavior\ReadHtmlCacheBehavior [ RunTime:0.000579s ]
INFO: [ app_begin ] --END-- [ RunTime:0.000615s ]
SQL: SHOW COLUMNS FROM `sp_brand` [ RunTime:0.000534s ]
SQL: SELECT COUNT(*) AS tp_count FROM `sp_brand` LIMIT 1   [ RunTime:0.000222s ]
NOTIC: [8] Undefined offset: 0 E:\myServer\www\nisashop\library\ThinkPHP\Library\Think\Model.class.php 第 207 行.
SQL: SELECT * FROM `sp_brand` LIMIT 2,2   [ RunTime:0.000265s ]
INFO: [ view_parse ] --START--
INFO: [ template_filter ] --START--
INFO: Run Behavior\ContentReplaceBehavior [ RunTime:0.000092s ]
INFO: [ template_filter ] --END-- [ RunTime:0.000128s ]
ERR: syntax error, unexpected '<'

[ 2018-02-08T11:02:02+08:00 ] 127.0.0.1 /admin.php/Brand/brandlist/p/2.html
INFO: [ app_init ] --START--
INFO: Run Behavior\BuildLiteBehavior [ RunTime:0.000012s ]
INFO: [ app_init ] --END-- [ RunTime:0.000533s ]
INFO: [ app_begin ] --START--
INFO: Run Behavior\ReadHtmlCacheBehavior [ RunTime:0.000586s ]
INFO: [ app_begin ] --END-- [ RunTime:0.000624s ]
SQL: SHOW COLUMNS FROM `sp_brand` [ RunTime:0.000707s ]
SQL: SELECT COUNT(*) AS tp_count FROM `sp_brand` LIMIT 1   [ RunTime:0.000304s ]
NOTIC: [8] Undefined offset: 0 E:\myServer\www\nisashop\library\ThinkPHP\Library\Think\Model.class.php 第 207 行.
SQL: SELECT * FROM `sp_brand` LIMIT 2,2   [ RunTime:0.000302s ]
INFO: [ view_parse ] --START--
INFO: [ template_filter ] --START--
INFO: Run Behavior\ContentReplaceBehavior [ RunTime:0.000092s ]
INFO: [ template_filter ] --END-- [ RunTime:0.000129s ]
ERR: syntax error, unexpected '<'

[ 2018-02-08T11:02:03+08:00 ] 127.0.0.1 /admin.php/Brand/brandlist.html
INFO: [ app_init ] --START--
INFO: Run Behavior\BuildLiteBehavior [ RunTime:0.000013s ]
INFO: [ app_init ] --END-- [ RunTime:0.000547s ]
INFO: [ app_begin ] --START--
INFO: Run Behavior\ReadHtmlCacheBehavior [ RunTime:0.000810s ]
INFO: [ app_begin ] --END-- [ RunTime:0.000869s ]
SQL: SHOW COLUMNS FROM `sp_brand` [ RunTime:0.000723s ]
SQL: SELECT COUNT(*) AS tp_count FROM `sp_brand` LIMIT 1   [ RunTime:0.000239s ]
NOTIC: [8] Undefined offset: 0 E:\myServer\www\nisashop\library\ThinkPHP\Library\Think\Model.class.php 第 207 行.
SQL: SELECT * FROM `sp_brand` LIMIT 0,2   [ RunTime:0.000274s ]
INFO: [ view_parse ] --START--
INFO: [ template_filter ] --START--
INFO: Run Behavior\ContentReplaceBehavior [ RunTime:0.000094s ]
INFO: [ template_filter ] --END-- [ RunTime:0.000130s ]
ERR: syntax error, unexpected '<'

[ 2018-02-08T11:03:14+08:00 ] 127.0.0.1 /admin.php/Brand/brandlist.html
INFO: [ app_init ] --START--
INFO: Run Behavior\BuildLiteBehavior [ RunTime:0.000017s ]
INFO: [ app_init ] --END-- [ RunTime:0.000792s ]
INFO: [ app_begin ] --START--
INFO: Run Behavior\ReadHtmlCacheBehavior [ RunTime:0.000908s ]
INFO: [ app_begin ] --END-- [ RunTime:0.000971s ]
SQL: SHOW COLUMNS FROM `sp_brand` [ RunTime:0.001270s ]
SQL: SELECT COUNT(*) AS tp_count FROM `sp_brand` LIMIT 1   [ RunTime:0.000415s ]
NOTIC: [8] Undefined offset: 0 E:\myServer\www\nisashop\library\ThinkPHP\Library\Think\Model.class.php 第 207 行.
SQL: SELECT * FROM `sp_brand` LIMIT 0,2   [ RunTime:0.000435s ]
INFO: [ view_parse ] --START--
INFO: [ template_filter ] --START--
INFO: Run Behavior\ContentReplaceBehavior [ RunTime:0.000163s ]
INFO: [ template_filter ] --END-- [ RunTime:0.000225s ]
ERR: syntax error, unexpected '<'

[ 2018-02-08T11:03:16+08:00 ] 127.0.0.1 /admin.php/Brand/brandlist.html
INFO: [ app_init ] --START--
INFO: Run Behavior\BuildLiteBehavior [ RunTime:0.000017s ]
INFO: [ app_init ] --END-- [ RunTime:0.000819s ]
INFO: [ app_begin ] --START--
INFO: Run Behavior\ReadHtmlCacheBehavior [ RunTime:0.001020s ]
INFO: [ app_begin ] --END-- [ RunTime:0.001130s ]
SQL: SHOW COLUMNS FROM `sp_brand` [ RunTime:0.001266s ]
SQL: SELECT COUNT(*) AS tp_count FROM `sp_brand` LIMIT 1   [ RunTime:0.000347s ]
NOTIC: [8] Undefined offset: 0 E:\myServer\www\nisashop\library\ThinkPHP\Library\Think\Model.class.php 第 207 行.
SQL: SELECT * FROM `sp_brand` LIMIT 0,2   [ RunTime:0.000394s ]
INFO: [ view_parse ] --START--
INFO: [ template_filter ] --START--
INFO: Run Behavior\ContentReplaceBehavior [ RunTime:0.000145s ]
INFO: [ template_filter ] --END-- [ RunTime:0.000197s ]
ERR: syntax error, unexpected '<'

[ 2018-02-08T11:03:18+08:00 ] 127.0.0.1 /admin.php/Brand/brandlist.html
INFO: [ app_init ] --START--
INFO: Run Behavior\BuildLiteBehavior [ RunTime:0.000012s ]
INFO: [ app_init ] --END-- [ RunTime:0.000428s ]
INFO: [ app_begin ] --START--
INFO: Run Behavior\ReadHtmlCacheBehavior [ RunTime:0.000616s ]
INFO: [ app_begin ] --END-- [ RunTime:0.000666s ]
SQL: SHOW COLUMNS FROM `sp_brand` [ RunTime:0.000695s ]
SQL: SELECT COUNT(*) AS tp_count FROM `sp_brand` LIMIT 1   [ RunTime:0.000254s ]
NOTIC: [8] Undefined offset: 0 E:\myServer\www\nisashop\library\ThinkPHP\Library\Think\Model.class.php 第 207 行.
SQL: SELECT * FROM `sp_brand` LIMIT 0,2   [ RunTime:0.000278s ]
INFO: [ view_parse ] --START--
INFO: [ template_filter ] --START--
INFO: Run Behavior\ContentReplaceBehavior [ RunTime:0.000094s ]
INFO: [ template_filter ] --END-- [ RunTime:0.000134s ]
ERR: syntax error, unexpected '<'

[ 2018-02-08T11:03:42+08:00 ] 127.0.0.1 /admin.php/Brand/brandlist.html
INFO: [ app_init ] --START--
INFO: Run Behavior\BuildLiteBehavior [ RunTime:0.000012s ]
INFO: [ app_init ] --END-- [ RunTime:0.000457s ]
INFO: [ app_begin ] --START--
INFO: Run Behavior\ReadHtmlCacheBehavior [ RunTime:0.000619s ]
INFO: [ app_begin ] --END-- [ RunTime:0.000659s ]
SQL: SHOW COLUMNS FROM `sp_brand` [ RunTime:0.000612s ]
SQL: SELECT COUNT(*) AS tp_count FROM `sp_brand` LIMIT 1   [ RunTime:0.000313s ]
NOTIC: [8] Undefined offset: 0 E:\myServer\www\nisashop\library\ThinkPHP\Library\Think\Model.class.php 第 207 行.
SQL: SELECT * FROM `sp_brand` LIMIT 0,2   [ RunTime:0.000394s ]
INFO: [ view_parse ] --START--
INFO: [ template_filter ] --START--
INFO: Run Behavior\ContentReplaceBehavior [ RunTime:0.000126s ]
INFO: [ template_filter ] --END-- [ RunTime:0.000198s ]
ERR: syntax error, unexpected '<'

[ 2018-02-08T11:03:43+08:00 ] 127.0.0.1 /admin.php/Brand/brandlist.html
INFO: [ app_init ] --START--
INFO: Run Behavior\BuildLiteBehavior [ RunTime:0.000023s ]
INFO: [ app_init ] --END-- [ RunTime:0.000763s ]
INFO: [ app_begin ] --START--
INFO: Run Behavior\ReadHtmlCacheBehavior [ RunTime:0.000857s ]
INFO: [ app_begin ] --END-- [ RunTime:0.000927s ]
SQL: SHOW COLUMNS FROM `sp_brand` [ RunTime:0.000585s ]
SQL: SELECT COUNT(*) AS tp_count FROM `sp_brand` LIMIT 1   [ RunTime:0.000272s ]
NOTIC: [8] Undefined offset: 0 E:\myServer\www\nisashop\library\ThinkPHP\Library\Think\Model.class.php 第 207 行.
SQL: SELECT * FROM `sp_brand` LIMIT 0,2   [ RunTime:0.000421s ]
INFO: [ view_parse ] --START--
INFO: [ template_filter ] --START--
INFO: Run Behavior\ContentReplaceBehavior [ RunTime:0.000101s ]
INFO: [ template_filter ] --END-- [ RunTime:0.000140s ]
ERR: syntax error, unexpected '<'

[ 2018-02-08T11:03:43+08:00 ] 127.0.0.1 /admin.php/Brand/brandlist.html
INFO: [ app_init ] --START--
INFO: Run Behavior\BuildLiteBehavior [ RunTime:0.000012s ]
INFO: [ app_init ] --END-- [ RunTime:0.000596s ]
INFO: [ app_begin ] --START--
INFO: Run Behavior\ReadHtmlCacheBehavior [ RunTime:0.000727s ]
INFO: [ app_begin ] --END-- [ RunTime:0.000768s ]
SQL: SHOW COLUMNS FROM `sp_brand` [ RunTime:0.000621s ]
SQL: SELECT COUNT(*) AS tp_count FROM `sp_brand` LIMIT 1   [ RunTime:0.000208s ]
NOTIC: [8] Undefined offset: 0 E:\myServer\www\nisashop\library\ThinkPHP\Library\Think\Model.class.php 第 207 行.
SQL: SELECT * FROM `sp_brand` LIMIT 0,2   [ RunTime:0.000613s ]
INFO: [ view_parse ] --START--
INFO: [ template_filter ] --START--
INFO: Run Behavior\ContentReplaceBehavior [ RunTime:0.000108s ]
INFO: [ template_filter ] --END-- [ RunTime:0.000158s ]
ERR: syntax error, unexpected '<'

[ 2018-02-08T11:03:43+08:00 ] 127.0.0.1 /admin.php/Brand/brandlist.html
INFO: [ app_init ] --START--
INFO: Run Behavior\BuildLiteBehavior [ RunTime:0.000010s ]
INFO: [ app_init ] --END-- [ RunTime:0.000491s ]
INFO: [ app_begin ] --START--
INFO: Run Behavior\ReadHtmlCacheBehavior [ RunTime:0.000553s ]
INFO: [ app_begin ] --END-- [ RunTime:0.000588s ]
SQL: SHOW COLUMNS FROM `sp_brand` [ RunTime:0.000645s ]
SQL: SELECT COUNT(*) AS tp_count FROM `sp_brand` LIMIT 1   [ RunTime:0.000229s ]
NOTIC: [8] Undefined offset: 0 E:\myServer\www\nisashop\library\ThinkPHP\Library\Think\Model.class.php 第 207 行.
SQL: SELECT * FROM `sp_brand` LIMIT 0,2   [ RunTime:0.000283s ]
INFO: [ view_parse ] --START--
INFO: [ template_filter ] --START--
INFO: Run Behavior\ContentReplaceBehavior [ RunTime:0.000099s ]
INFO: [ template_filter ] --END-- [ RunTime:0.000134s ]
ERR: syntax error, unexpected '<'

[ 2018-02-08T11:03:43+08:00 ] 127.0.0.1 /admin.php/Brand/brandlist.html
INFO: [ app_init ] --START--
INFO: Run Behavior\BuildLiteBehavior [ RunTime:0.000011s ]
INFO: [ app_init ] --END-- [ RunTime:0.000406s ]
INFO: [ app_begin ] --START--
INFO: Run Behavior\ReadHtmlCacheBehavior [ RunTime:0.000474s ]
INFO: [ app_begin ] --END-- [ RunTime:0.000508s ]
SQL: SHOW COLUMNS FROM `sp_brand` [ RunTime:0.000539s ]
SQL: SELECT COUNT(*) AS tp_count FROM `sp_brand` LIMIT 1   [ RunTime:0.000209s ]
NOTIC: [8] Undefined offset: 0 E:\myServer\www\nisashop\library\ThinkPHP\Library\Think\Model.class.php 第 207 行.
SQL: SELECT * FROM `sp_brand` LIMIT 0,2   [ RunTime:0.000330s ]
INFO: [ view_parse ] --START--
INFO: [ template_filter ] --START--
INFO: Run Behavior\ContentReplaceBehavior [ RunTime:0.000102s ]
INFO: [ template_filter ] --END-- [ RunTime:0.000143s ]
ERR: syntax error, unexpected '<'

[ 2018-02-08T11:03:45+08:00 ] 127.0.0.1 /admin.php/Brand/brandlist.html
INFO: [ app_init ] --START--
INFO: Run Behavior\BuildLiteBehavior [ RunTime:0.000029s ]
INFO: [ app_init ] --END-- [ RunTime:0.000921s ]
INFO: [ app_begin ] --START--
INFO: Run Behavior\ReadHtmlCacheBehavior [ RunTime:0.001057s ]
INFO: [ app_begin ] --END-- [ RunTime:0.001136s ]
SQL: SHOW COLUMNS FROM `sp_brand` [ RunTime:0.000937s ]
SQL: SELECT COUNT(*) AS tp_count FROM `sp_brand` LIMIT 1   [ RunTime:0.000386s ]
NOTIC: [8] Undefined offset: 0 E:\myServer\www\nisashop\library\ThinkPHP\Library\Think\Model.class.php 第 207 行.
SQL: SELECT * FROM `sp_brand` LIMIT 0,2   [ RunTime:0.000479s ]
INFO: [ view_parse ] --START--
INFO: [ template_filter ] --START--
INFO: Run Behavior\ContentReplaceBehavior [ RunTime:0.000183s ]
INFO: [ template_filter ] --END-- [ RunTime:0.000245s ]
ERR: syntax error, unexpected '<'

[ 2018-02-08T11:03:57+08:00 ] 127.0.0.1 /admin.php/Brand/brandlist.html
INFO: [ app_init ] --START--
INFO: Run Behavior\BuildLiteBehavior [ RunTime:0.000011s ]
INFO: [ app_init ] --END-- [ RunTime:0.000518s ]
INFO: [ app_begin ] --START--
INFO: Run Behavior\ReadHtmlCacheBehavior [ RunTime:0.000593s ]
INFO: [ app_begin ] --END-- [ RunTime:0.000628s ]
SQL: SHOW COLUMNS FROM `sp_brand` [ RunTime:0.000579s ]
SQL: SELECT COUNT(*) AS tp_count FROM `sp_brand` LIMIT 1   [ RunTime:0.000221s ]
NOTIC: [8] Undefined offset: 0 E:\myServer\www\nisashop\library\ThinkPHP\Library\Think\Model.class.php 第 207 行.
SQL: SELECT * FROM `sp_brand` LIMIT 0,2   [ RunTime:0.000301s ]
INFO: [ view_parse ] --START--
INFO: [ template_filter ] --START--
INFO: Run Behavior\ContentReplaceBehavior [ RunTime:0.000091s ]
INFO: [ template_filter ] --END-- [ RunTime:0.000125s ]
ERR: syntax error, unexpected '<'

[ 2018-02-08T11:03:57+08:00 ] 127.0.0.1 /admin.php/Brand/brandlist.html
INFO: [ app_init ] --START--
INFO: Run Behavior\BuildLiteBehavior [ RunTime:0.000011s ]
INFO: [ app_init ] --END-- [ RunTime:0.000508s ]
INFO: [ app_begin ] --START--
INFO: Run Behavior\ReadHtmlCacheBehavior [ RunTime:0.000568s ]
INFO: [ app_begin ] --END-- [ RunTime:0.000603s ]
SQL: SHOW COLUMNS FROM `sp_brand` [ RunTime:0.000545s ]
SQL: SELECT COUNT(*) AS tp_count FROM `sp_brand` LIMIT 1   [ RunTime:0.000212s ]
NOTIC: [8] Undefined offset: 0 E:\myServer\www\nisashop\library\ThinkPHP\Library\Think\Model.class.php 第 207 行.
SQL: SELECT * FROM `sp_brand` LIMIT 0,2   [ RunTime:0.000499s ]
INFO: [ view_parse ] --START--
INFO: [ template_filter ] --START--
INFO: Run Behavior\ContentReplaceBehavior [ RunTime:0.000093s ]
INFO: [ template_filter ] --END-- [ RunTime:0.000134s ]
ERR: syntax error, unexpected '<'

[ 2018-02-08T11:03:57+08:00 ] 127.0.0.1 /admin.php/Brand/brandlist.html
INFO: [ app_init ] --START--
INFO: Run Behavior\BuildLiteBehavior [ RunTime:0.000011s ]
INFO: [ app_init ] --END-- [ RunTime:0.000508s ]
INFO: [ app_begin ] --START--
INFO: Run Behavior\ReadHtmlCacheBehavior [ RunTime:0.000568s ]
INFO: [ app_begin ] --END-- [ RunTime:0.000604s ]
SQL: SHOW COLUMNS FROM `sp_brand` [ RunTime:0.000553s ]
SQL: SELECT COUNT(*) AS tp_count FROM `sp_brand` LIMIT 1   [ RunTime:0.001229s ]
NOTIC: [8] Undefined offset: 0 E:\myServer\www\nisashop\library\ThinkPHP\Library\Think\Model.class.php 第 207 行.
SQL: SELECT * FROM `sp_brand` LIMIT 0,2   [ RunTime:0.000422s ]
INFO: [ view_parse ] --START--
INFO: [ template_filter ] --START--
INFO: Run Behavior\ContentReplaceBehavior [ RunTime:0.000092s ]
INFO: [ template_filter ] --END-- [ RunTime:0.000130s ]
ERR: syntax error, unexpected '<'

[ 2018-02-08T11:03:59+08:00 ] 127.0.0.1 /admin.php/Brand/brandlist.html
INFO: [ app_init ] --START--
INFO: Run Behavior\BuildLiteBehavior [ RunTime:0.000013s ]
INFO: [ app_init ] --END-- [ RunTime:0.000637s ]
INFO: [ app_begin ] --START--
INFO: Run Behavior\ReadHtmlCacheBehavior [ RunTime:0.000764s ]
INFO: [ app_begin ] --END-- [ RunTime:0.000815s ]
SQL: SHOW COLUMNS FROM `sp_brand` [ RunTime:0.000762s ]
SQL: SELECT COUNT(*) AS tp_count FROM `sp_brand` LIMIT 1   [ RunTime:0.000304s ]
NOTIC: [8] Undefined offset: 0 E:\myServer\www\nisashop\library\ThinkPHP\Library\Think\Model.class.php 第 207 行.
SQL: SELECT * FROM `sp_brand` LIMIT 0,2   [ RunTime:0.000392s ]
INFO: [ view_parse ] --START--
INFO: [ template_filter ] --START--
INFO: Run Behavior\ContentReplaceBehavior [ RunTime:0.000127s ]
INFO: [ template_filter ] --END-- [ RunTime:0.000174s ]
ERR: syntax error, unexpected '<'

[ 2018-02-08T11:04:08+08:00 ] 127.0.0.1 /admin.php/Brand/brandlist.html
INFO: [ app_init ] --START--
INFO: Run Behavior\BuildLiteBehavior [ RunTime:0.000011s ]
INFO: [ app_init ] --END-- [ RunTime:0.000462s ]
INFO: [ app_begin ] --START--
INFO: Run Behavior\ReadHtmlCacheBehavior [ RunTime:0.000598s ]
INFO: [ app_begin ] --END-- [ RunTime:0.000638s ]
SQL: SHOW COLUMNS FROM `sp_brand` [ RunTime:0.000547s ]
SQL: SELECT COUNT(*) AS tp_count FROM `sp_brand` LIMIT 1   [ RunTime:0.000218s ]
NOTIC: [8] Undefined offset: 0 E:\myServer\www\nisashop\library\ThinkPHP\Library\Think\Model.class.php 第 207 行.
SQL: SELECT * FROM `sp_brand` LIMIT 0,2   [ RunTime:0.000257s ]
INFO: [ view_parse ] --START--
INFO: [ template_filter ] --START--
INFO: Run Behavior\ContentReplaceBehavior [ RunTime:0.000091s ]
INFO: [ template_filter ] --END-- [ RunTime:0.000127s ]
INFO: Run Behavior\ParseTemplateBehavior [ RunTime:0.008260s ]
INFO: [ view_parse ] --END-- [ RunTime:0.008307s ]
INFO: [ view_filter ] --START--
INFO: Run Behavior\WriteHtmlCacheBehavior [ RunTime:0.000443s ]
INFO: [ view_filter ] --END-- [ RunTime:0.000475s ]
INFO: [ app_end ] --START--
INFO: Run Behavior\ShowPageTraceBehavior [ RunTime:0.001434s ]
INFO: [ app_end ] --END-- [ RunTime:0.001509s ]

[ 2018-02-08T11:10:45+08:00 ] 127.0.0.1 /admin.php/Brand/brandlist.html
INFO: [ app_init ] --START--
INFO: Run Behavior\BuildLiteBehavior [ RunTime:0.000012s ]
INFO: [ app_init ] --END-- [ RunTime:0.000570s ]
INFO: [ app_begin ] --START--
INFO: Run Behavior\ReadHtmlCacheBehavior [ RunTime:0.000663s ]
INFO: [ app_begin ] --END-- [ RunTime:0.000702s ]
SQL: SHOW COLUMNS FROM `sp_brand` [ RunTime:0.000637s ]
SQL: SELECT COUNT(*) AS tp_count FROM `sp_brand` LIMIT 1   [ RunTime:0.000221s ]
NOTIC: [8] Undefined offset: 0 E:\myServer\www\nisashop\library\ThinkPHP\Library\Think\Model.class.php 第 207 行.
SQL: SELECT * FROM `sp_brand` LIMIT 0,2   [ RunTime:0.000266s ]
INFO: [ view_parse ] --START--
INFO: [ template_filter ] --START--
INFO: Run Behavior\ContentReplaceBehavior [ RunTime:0.000092s ]
INFO: [ template_filter ] --END-- [ RunTime:0.000132s ]
ERR: syntax error, unexpected '<'

[ 2018-02-08T11:11:12+08:00 ] 127.0.0.1 /admin.php/Brand/brandlist.html
INFO: [ app_init ] --START--
INFO: Run Behavior\BuildLiteBehavior [ RunTime:0.000012s ]
INFO: [ app_init ] --END-- [ RunTime:0.000507s ]
INFO: [ app_begin ] --START--
INFO: Run Behavior\ReadHtmlCacheBehavior [ RunTime:0.000590s ]
INFO: [ app_begin ] --END-- [ RunTime:0.000626s ]
SQL: SHOW COLUMNS FROM `sp_brand` [ RunTime:0.000601s ]
SQL: SELECT COUNT(*) AS tp_count FROM `sp_brand` LIMIT 1   [ RunTime:0.000220s ]
NOTIC: [8] Undefined offset: 0 E:\myServer\www\nisashop\library\ThinkPHP\Library\Think\Model.class.php 第 207 行.
SQL: SELECT * FROM `sp_brand` LIMIT 0,2   [ RunTime:0.000264s ]
INFO: [ view_parse ] --START--
INFO: [ template_filter ] --START--
INFO: Run Behavior\ContentReplaceBehavior [ RunTime:0.000092s ]
INFO: [ template_filter ] --END-- [ RunTime:0.000128s ]
INFO: Run Behavior\ParseTemplateBehavior [ RunTime:0.008146s ]
INFO: [ view_parse ] --END-- [ RunTime:0.008184s ]
INFO: [ view_filter ] --START--
INFO: Run Behavior\WriteHtmlCacheBehavior [ RunTime:0.000471s ]
INFO: [ view_filter ] --END-- [ RunTime:0.000501s ]
INFO: [ app_end ] --START--
INFO: Run Behavior\ShowPageTraceBehavior [ RunTime:0.000712s ]
INFO: [ app_end ] --END-- [ RunTime:0.000762s ]

[ 2018-02-08T11:11:55+08:00 ] 127.0.0.1 /admin.php/Brand/brandlist.html
INFO: [ app_init ] --START--
INFO: Run Behavior\BuildLiteBehavior [ RunTime:0.000011s ]
INFO: [ app_init ] --END-- [ RunTime:0.000493s ]
INFO: [ app_begin ] --START--
INFO: Run Behavior\ReadHtmlCacheBehavior [ RunTime:0.000793s ]
INFO: [ app_begin ] --END-- [ RunTime:0.000851s ]
SQL: SHOW COLUMNS FROM `sp_brand` [ RunTime:0.000562s ]
SQL: SELECT COUNT(*) AS tp_count FROM `sp_brand` LIMIT 1   [ RunTime:0.000233s ]
NOTIC: [8] Undefined offset: 0 E:\myServer\www\nisashop\library\ThinkPHP\Library\Think\Model.class.php 第 207 行.
SQL: SELECT * FROM `sp_brand` LIMIT 0,2   [ RunTime:0.000267s ]
INFO: [ view_parse ] --START--
INFO: [ template_filter ] --START--
INFO: Run Behavior\ContentReplaceBehavior [ RunTime:0.000092s ]
INFO: [ template_filter ] --END-- [ RunTime:0.000130s ]
INFO: Run Behavior\ParseTemplateBehavior [ RunTime:0.009488s ]
INFO: [ view_parse ] --END-- [ RunTime:0.009530s ]
INFO: [ view_filter ] --START--
INFO: Run Behavior\WriteHtmlCacheBehavior [ RunTime:0.000581s ]
INFO: [ view_filter ] --END-- [ RunTime:0.000611s ]
INFO: [ app_end ] --START--
INFO: Run Behavior\ShowPageTraceBehavior [ RunTime:0.000955s ]
INFO: [ app_end ] --END-- [ RunTime:0.001003s ]

[ 2018-02-08T11:12:24+08:00 ] 127.0.0.1 /admin.php/Brand/brandlist.html
INFO: [ app_init ] --START--
INFO: Run Behavior\BuildLiteBehavior [ RunTime:0.000012s ]
INFO: [ app_init ] --END-- [ RunTime:0.000450s ]
INFO: [ app_begin ] --START--
INFO: Run Behavior\ReadHtmlCacheBehavior [ RunTime:0.000493s ]
INFO: [ app_begin ] --END-- [ RunTime:0.000529s ]
SQL: SHOW COLUMNS FROM `sp_brand` [ RunTime:0.000541s ]
SQL: SELECT COUNT(*) AS tp_count FROM `sp_brand` LIMIT 1   [ RunTime:0.000666s ]
NOTIC: [8] Undefined offset: 0 E:\myServer\www\nisashop\library\ThinkPHP\Library\Think\Model.class.php 第 207 行.
SQL: SELECT * FROM `sp_brand` LIMIT 0,2   [ RunTime:0.000319s ]
INFO: [ view_parse ] --START--
INFO: [ template_filter ] --START--
INFO: Run Behavior\ContentReplaceBehavior [ RunTime:0.000139s ]
INFO: [ template_filter ] --END-- [ RunTime:0.000313s ]
INFO: Run Behavior\ParseTemplateBehavior [ RunTime:0.008991s ]
INFO: [ view_parse ] --END-- [ RunTime:0.009039s ]
INFO: [ view_filter ] --START--
INFO: Run Behavior\WriteHtmlCacheBehavior [ RunTime:0.000487s ]
INFO: [ view_filter ] --END-- [ RunTime:0.000515s ]
INFO: [ app_end ] --START--
INFO: Run Behavior\ShowPageTraceBehavior [ RunTime:0.000967s ]
INFO: [ app_end ] --END-- [ RunTime:0.001027s ]

[ 2018-02-08T11:13:04+08:00 ] 127.0.0.1 /admin.php/Brand/brandlist.html
INFO: [ app_init ] --START--
INFO: Run Behavior\BuildLiteBehavior [ RunTime:0.000012s ]
INFO: [ app_init ] --END-- [ RunTime:0.000564s ]
INFO: [ app_begin ] --START--
INFO: Run Behavior\ReadHtmlCacheBehavior [ RunTime:0.000636s ]
INFO: [ app_begin ] --END-- [ RunTime:0.000674s ]
SQL: SHOW COLUMNS FROM `sp_brand` [ RunTime:0.000553s ]
SQL: SELECT COUNT(*) AS tp_count FROM `sp_brand` LIMIT 1   [ RunTime:0.000287s ]
NOTIC: [8] Undefined offset: 0 E:\myServer\www\nisashop\library\ThinkPHP\Library\Think\Model.class.php 第 207 行.
SQL: SELECT * FROM `sp_brand` LIMIT 0,2   [ RunTime:0.000436s ]
INFO: [ view_parse ] --START--
INFO: [ template_filter ] --START--
INFO: Run Behavior\ContentReplaceBehavior [ RunTime:0.000102s ]
INFO: [ template_filter ] --END-- [ RunTime:0.000141s ]
INFO: Run Behavior\ParseTemplateBehavior [ RunTime:0.008570s ]
INFO: [ view_parse ] --END-- [ RunTime:0.008612s ]
INFO: [ view_filter ] --START--
INFO: Run Behavior\WriteHtmlCacheBehavior [ RunTime:0.000524s ]
INFO: [ view_filter ] --END-- [ RunTime:0.000558s ]
INFO: [ app_end ] --START--
INFO: Run Behavior\ShowPageTraceBehavior [ RunTime:0.000727s ]
INFO: [ app_end ] --END-- [ RunTime:0.000770s ]

[ 2018-02-08T11:13:17+08:00 ] 127.0.0.1 /admin.php/Brand/brandlist.html
INFO: [ app_init ] --START--
INFO: Run Behavior\BuildLiteBehavior [ RunTime:0.000012s ]
INFO: [ app_init ] --END-- [ RunTime:0.000519s ]
INFO: [ app_begin ] --START--
INFO: Run Behavior\ReadHtmlCacheBehavior [ RunTime:0.000567s ]
INFO: [ app_begin ] --END-- [ RunTime:0.000602s ]
SQL: SHOW COLUMNS FROM `sp_brand` [ RunTime:0.000560s ]
SQL: SELECT COUNT(*) AS tp_count FROM `sp_brand` LIMIT 1   [ RunTime:0.000221s ]
NOTIC: [8] Undefined offset: 0 E:\myServer\www\nisashop\library\ThinkPHP\Library\Think\Model.class.php 第 207 行.
SQL: SELECT * FROM `sp_brand` LIMIT 0,2   [ RunTime:0.000261s ]
INFO: [ view_parse ] --START--
INFO: [ template_filter ] --START--
INFO: Run Behavior\ContentReplaceBehavior [ RunTime:0.000104s ]
INFO: [ template_filter ] --END-- [ RunTime:0.000139s ]
INFO: Run Behavior\ParseTemplateBehavior [ RunTime:0.007904s ]
INFO: [ view_parse ] --END-- [ RunTime:0.007945s ]
INFO: [ view_filter ] --START--
INFO: Run Behavior\WriteHtmlCacheBehavior [ RunTime:0.000679s ]
INFO: [ view_filter ] --END-- [ RunTime:0.000735s ]
INFO: [ app_end ] --START--
INFO: Run Behavior\ShowPageTraceBehavior [ RunTime:0.001321s ]
INFO: [ app_end ] --END-- [ RunTime:0.001400s ]

[ 2018-02-08T11:13:32+08:00 ] 127.0.0.1 /admin.php/Brand/brandlist/p/2.html
INFO: [ app_init ] --START--
INFO: Run Behavior\BuildLiteBehavior [ RunTime:0.000011s ]
INFO: [ app_init ] --END-- [ RunTime:0.000499s ]
INFO: [ app_begin ] --START--
INFO: Run Behavior\ReadHtmlCacheBehavior [ RunTime:0.000583s ]
INFO: [ app_begin ] --END-- [ RunTime:0.000620s ]
SQL: SHOW COLUMNS FROM `sp_brand` [ RunTime:0.000588s ]
SQL: SELECT COUNT(*) AS tp_count FROM `sp_brand` LIMIT 1   [ RunTime:0.000223s ]
NOTIC: [8] Undefined offset: 0 E:\myServer\www\nisashop\library\ThinkPHP\Library\Think\Model.class.php 第 207 行.
SQL: SELECT * FROM `sp_brand` LIMIT 2,2   [ RunTime:0.000416s ]
INFO: [ view_parse ] --START--
INFO: [ template_filter ] --START--
INFO: Run Behavior\ContentReplaceBehavior [ RunTime:0.000111s ]
INFO: [ template_filter ] --END-- [ RunTime:0.000149s ]
INFO: Run Behavior\ParseTemplateBehavior [ RunTime:0.008331s ]
INFO: [ view_parse ] --END-- [ RunTime:0.008372s ]
INFO: [ view_filter ] --START--
INFO: Run Behavior\WriteHtmlCacheBehavior [ RunTime:0.000518s ]
INFO: [ view_filter ] --END-- [ RunTime:0.000549s ]
INFO: [ app_end ] --START--
INFO: Run Behavior\ShowPageTraceBehavior [ RunTime:0.000752s ]
INFO: [ app_end ] --END-- [ RunTime:0.000796s ]

[ 2018-02-08T11:13:35+08:00 ] 127.0.0.1 /admin.php/Brand/brandlist/p/1.html
INFO: [ app_init ] --START--
INFO: Run Behavior\BuildLiteBehavior [ RunTime:0.000010s ]
INFO: [ app_init ] --END-- [ RunTime:0.000486s ]
INFO: [ app_begin ] --START--
INFO: Run Behavior\ReadHtmlCacheBehavior [ RunTime:0.000559s ]
INFO: [ app_begin ] --END-- [ RunTime:0.000594s ]
SQL: SHOW COLUMNS FROM `sp_brand` [ RunTime:0.000546s ]
SQL: SELECT COUNT(*) AS tp_count FROM `sp_brand` LIMIT 1   [ RunTime:0.000221s ]
NOTIC: [8] Undefined offset: 0 E:\myServer\www\nisashop\library\ThinkPHP\Library\Think\Model.class.php 第 207 行.
SQL: SELECT * FROM `sp_brand` LIMIT 0,2   [ RunTime:0.000267s ]
INFO: [ view_parse ] --START--
INFO: [ template_filter ] --START--
INFO: Run Behavior\ContentReplaceBehavior [ RunTime:0.000100s ]
INFO: [ template_filter ] --END-- [ RunTime:0.000140s ]
INFO: Run Behavior\ParseTemplateBehavior [ RunTime:0.008199s ]
INFO: [ view_parse ] --END-- [ RunTime:0.008241s ]
INFO: [ view_filter ] --START--
INFO: Run Behavior\WriteHtmlCacheBehavior [ RunTime:0.000515s ]
INFO: [ view_filter ] --END-- [ RunTime:0.000547s ]
INFO: [ app_end ] --START--
INFO: Run Behavior\ShowPageTraceBehavior [ RunTime:0.000784s ]
INFO: [ app_end ] --END-- [ RunTime:0.000835s ]

[ 2018-02-08T12:40:54+08:00 ] 127.0.0.1 /admin.php/Brand/brandlist/p/1.html
INFO: [ app_init ] --START--
INFO: Run Behavior\BuildLiteBehavior [ RunTime:0.000012s ]
INFO: [ app_init ] --END-- [ RunTime:0.000443s ]
INFO: [ app_begin ] --START--
INFO: Run Behavior\ReadHtmlCacheBehavior [ RunTime:0.000576s ]
INFO: [ app_begin ] --END-- [ RunTime:0.000611s ]
SQL: SHOW COLUMNS FROM `sp_brand` [ RunTime:0.000699s ]
SQL: SELECT COUNT(*) AS tp_count FROM `sp_brand` LIMIT 1   [ RunTime:0.000216s ]
NOTIC: [8] Undefined offset: 0 E:\myServer\www\nisashop\library\ThinkPHP\Library\Think\Model.class.php 第 207 行.
SQL: SELECT * FROM `sp_brand` LIMIT 0,2   [ RunTime:0.000246s ]
INFO: [ view_parse ] --START--
INFO: [ template_filter ] --START--
INFO: Run Behavior\ContentReplaceBehavior [ RunTime:0.000101s ]
INFO: [ template_filter ] --END-- [ RunTime:0.000135s ]
INFO: Run Behavior\ParseTemplateBehavior [ RunTime:0.007894s ]
INFO: [ view_parse ] --END-- [ RunTime:0.007935s ]
INFO: [ view_filter ] --START--
INFO: Run Behavior\WriteHtmlCacheBehavior [ RunTime:0.000440s ]
INFO: [ view_filter ] --END-- [ RunTime:0.000468s ]
INFO: [ app_end ] --START--
INFO: Run Behavior\ShowPageTraceBehavior [ RunTime:0.001261s ]
INFO: [ app_end ] --END-- [ RunTime:0.001323s ]

[ 2018-02-08T12:40:57+08:00 ] 127.0.0.1 /admin.php/Brand/brandlist/p/2.html
INFO: [ app_init ] --START--
INFO: Run Behavior\BuildLiteBehavior [ RunTime:0.000011s ]
INFO: [ app_init ] --END-- [ RunTime:0.000480s ]
INFO: [ app_begin ] --START--
INFO: Run Behavior\ReadHtmlCacheBehavior [ RunTime:0.000553s ]
INFO: [ app_begin ] --END-- [ RunTime:0.000589s ]
SQL: SHOW COLUMNS FROM `sp_brand` [ RunTime:0.000559s ]
SQL: SELECT COUNT(*) AS tp_count FROM `sp_brand` LIMIT 1   [ RunTime:0.000230s ]
NOTIC: [8] Undefined offset: 0 E:\myServer\www\nisashop\library\ThinkPHP\Library\Think\Model.class.php 第 207 行.
SQL: SELECT * FROM `sp_brand` LIMIT 2,2   [ RunTime:0.000262s ]
INFO: [ view_parse ] --START--
INFO: [ template_filter ] --START--
INFO: Run Behavior\ContentReplaceBehavior [ RunTime:0.000099s ]
INFO: [ template_filter ] --END-- [ RunTime:0.000139s ]
INFO: Run Behavior\ParseTemplateBehavior [ RunTime:0.008468s ]
INFO: [ view_parse ] --END-- [ RunTime:0.008508s ]
INFO: [ view_filter ] --START--
INFO: Run Behavior\WriteHtmlCacheBehavior [ RunTime:0.000509s ]
INFO: [ view_filter ] --END-- [ RunTime:0.000540s ]
INFO: [ app_end ] --START--
INFO: Run Behavior\ShowPageTraceBehavior [ RunTime:0.000729s ]
INFO: [ app_end ] --END-- [ RunTime:0.000772s ]

[ 2018-02-08T12:40:59+08:00 ] 127.0.0.1 /admin.php/Brand/branddelt/id/3
INFO: [ app_init ] --START--
INFO: Run Behavior\BuildLiteBehavior [ RunTime:0.000018s ]
INFO: [ app_init ] --END-- [ RunTime:0.000651s ]
INFO: [ app_begin ] --START--
INFO: Run Behavior\ReadHtmlCacheBehavior [ RunTime:0.000561s ]
INFO: [ app_begin ] --END-- [ RunTime:0.000608s ]
SQL: SHOW COLUMNS FROM `sp_brand` [ RunTime:0.000578s ]

[ 2018-02-08T12:45:19+08:00 ] 127.0.0.1 /admin.php/Brand/branddelt/id/3
INFO: [ app_init ] --START--
INFO: Run Behavior\BuildLiteBehavior [ RunTime:0.000011s ]
INFO: [ app_init ] --END-- [ RunTime:0.000554s ]
INFO: [ app_begin ] --START--
INFO: Run Behavior\ReadHtmlCacheBehavior [ RunTime:0.000717s ]
INFO: [ app_begin ] --END-- [ RunTime:0.000765s ]
SQL: SHOW COLUMNS FROM `sp_brand` [ RunTime:0.000767s ]

[ 2018-02-08T12:49:09+08:00 ] 127.0.0.1 /admin.php/Brand/branddelt/id/3
INFO: [ app_init ] --START--
INFO: Run Behavior\BuildLiteBehavior [ RunTime:0.000018s ]
INFO: [ app_init ] --END-- [ RunTime:0.000874s ]
INFO: [ app_begin ] --START--
INFO: Run Behavior\ReadHtmlCacheBehavior [ RunTime:0.000801s ]
INFO: [ app_begin ] --END-- [ RunTime:0.000852s ]
ERR: syntax error, unexpected ')'

[ 2018-02-08T12:49:19+08:00 ] 127.0.0.1 /admin.php/Brand/branddelt/id/3
INFO: [ app_init ] --START--
INFO: Run Behavior\BuildLiteBehavior [ RunTime:0.000012s ]
INFO: [ app_init ] --END-- [ RunTime:0.000556s ]
INFO: [ app_begin ] --START--
INFO: Run Behavior\ReadHtmlCacheBehavior [ RunTime:0.000665s ]
INFO: [ app_begin ] --END-- [ RunTime:0.000703s ]
SQL: SHOW COLUMNS FROM `sp_brand` [ RunTime:0.000579s ]
SQL: SELECT `brand_logo` FROM `sp_brand` WHERE ( `id` = 3 ) LIMIT 1   [ RunTime:0.000303s ]

[ 2018-02-08T12:56:51+08:00 ] 127.0.0.1 /admin.php/Brand/branddelt/id/3
INFO: [ app_init ] --START--
INFO: Run Behavior\BuildLiteBehavior [ RunTime:0.000010s ]
INFO: [ app_init ] --END-- [ RunTime:0.000537s ]
INFO: [ app_begin ] --START--
INFO: Run Behavior\ReadHtmlCacheBehavior [ RunTime:0.000657s ]
INFO: [ app_begin ] --END-- [ RunTime:0.000694s ]
SQL: SHOW COLUMNS FROM `sp_brand` [ RunTime:0.000589s ]
SQL: SELECT `brand_logo`,`brand_name` FROM `sp_brand` WHERE ( `id` = 3 ) LIMIT 1   [ RunTime:0.000291s ]

[ 2018-02-08T12:57:07+08:00 ] 127.0.0.1 /admin.php/Brand/branddelt/id/3
INFO: [ app_init ] --START--
INFO: Run Behavior\BuildLiteBehavior [ RunTime:0.000011s ]
INFO: [ app_init ] --END-- [ RunTime:0.000520s ]
INFO: [ app_begin ] --START--
INFO: Run Behavior\ReadHtmlCacheBehavior [ RunTime:0.000645s ]
INFO: [ app_begin ] --END-- [ RunTime:0.000682s ]
SQL: SHOW COLUMNS FROM `sp_brand` [ RunTime:0.000594s ]
SQL: SELECT `id`,`brand_url` FROM `sp_brand` WHERE ( `id` = 3 ) LIMIT 1   [ RunTime:0.000273s ]

[ 2018-02-08T13:00:44+08:00 ] 127.0.0.1 /admin.php/Brand/branddelt/id/3
INFO: [ app_init ] --START--
INFO: Run Behavior\BuildLiteBehavior [ RunTime:0.000011s ]
INFO: [ app_init ] --END-- [ RunTime:0.000521s ]
INFO: [ app_begin ] --START--
INFO: Run Behavior\ReadHtmlCacheBehavior [ RunTime:0.000641s ]
INFO: [ app_begin ] --END-- [ RunTime:0.000678s ]
SQL: SHOW COLUMNS FROM `sp_brand` [ RunTime:0.001761s ]
SQL: SELECT `brand_logo` FROM `sp_brand` WHERE ( `id` = 3 ) LIMIT 1   [ RunTime:0.000435s ]
SQL: DELETE FROM `sp_brand` WHERE ( `id` = 3 ) [ RunTime:0.167228s ]
INFO: [ view_parse ] --START--
INFO: [ template_filter ] --START--
INFO: Run Behavior\ContentReplaceBehavior [ RunTime:0.000029s ]
INFO: [ template_filter ] --END-- [ RunTime:0.000072s ]
INFO: Run Behavior\ParseTemplateBehavior [ RunTime:0.094187s ]
INFO: [ view_parse ] --END-- [ RunTime:0.094257s ]
INFO: [ view_filter ] --START--
INFO: Run Behavior\WriteHtmlCacheBehavior [ RunTime:0.000520s ]
INFO: [ view_filter ] --END-- [ RunTime:0.000550s ]
INFO: [ app_end ] --START--
INFO: Run Behavior\ShowPageTraceBehavior [ RunTime:0.000637s ]
INFO: [ app_end ] --END-- [ RunTime:0.000668s ]

[ 2018-02-08T13:00:45+08:00 ] 127.0.0.1 /admin.php/Brand/brandlist.html
INFO: [ app_init ] --START--
INFO: Run Behavior\BuildLiteBehavior [ RunTime:0.000011s ]
INFO: [ app_init ] --END-- [ RunTime:0.000522s ]
INFO: [ app_begin ] --START--
INFO: Run Behavior\ReadHtmlCacheBehavior [ RunTime:0.000653s ]
INFO: [ app_begin ] --END-- [ RunTime:0.000698s ]
SQL: SHOW COLUMNS FROM `sp_brand` [ RunTime:0.000555s ]
SQL: SELECT COUNT(*) AS tp_count FROM `sp_brand` LIMIT 1   [ RunTime:0.000226s ]
NOTIC: [8] Undefined offset: 0 E:\myServer\www\nisashop\library\ThinkPHP\Library\Think\Model.class.php 第 207 行.
SQL: SELECT * FROM `sp_brand` LIMIT 0,2   [ RunTime:0.000264s ]
INFO: [ view_parse ] --START--
INFO: [ template_filter ] --START--
INFO: Run Behavior\ContentReplaceBehavior [ RunTime:0.000103s ]
INFO: [ template_filter ] --END-- [ RunTime:0.000141s ]
INFO: Run Behavior\ParseTemplateBehavior [ RunTime:0.007659s ]
INFO: [ view_parse ] --END-- [ RunTime:0.007701s ]
INFO: [ view_filter ] --START--
INFO: Run Behavior\WriteHtmlCacheBehavior [ RunTime:0.000401s ]
INFO: [ view_filter ] --END-- [ RunTime:0.000432s ]
INFO: [ app_end ] --START--
INFO: Run Behavior\ShowPageTraceBehavior [ RunTime:0.000734s ]
INFO: [ app_end ] --END-- [ RunTime:0.000795s ]

