[ 2018-02-26T00:01:23+08:00 ] 127.0.0.1 /admin.php/goods/goodslist
INFO: [ app_init ] --START--
INFO: Run Behavior\BuildLiteBehavior [ RunTime:0.000037s ]
INFO: [ app_init ] --END-- [ RunTime:0.002377s ]
INFO: [ app_begin ] --START--
INFO: Run Behavior\ReadHtmlCacheBehavior [ RunTime:0.002062s ]
INFO: [ app_begin ] --END-- [ RunTime:0.002174s ]
NOTIC: [2] Declaration of Admin\Model\GoodsModel::_after_insert(&$data, $option) should be compatible with Think\Model::_after_insert($data, $options) E:\myServer\www\nisashop\application\Admin\Model\GoodsModel.class.php 第 6 行.
SQL: SHOW COLUMNS FROM `sp_goods` [ RunTime:0.002990s ]
SQL: SELECT COUNT(*) AS tp_count FROM `sp_goods` LIMIT 1   [ RunTime:0.000799s ]
SQL: SELECT a.*,SUM(b.goods_number) as gn,c.catename,br.brand_name FROM sp_goods a left join sp_product b on a.id=b.goods_id
                               left join sp_category c on a.cate_id=c.cateid
                               left join sp_brand br on .a.brand_id=br.id
                               GROUP BY a.id ORDER BY id desc LIMIT 0,5   [ RunTime:0.002646s ]
INFO: [ view_parse ] --START--
INFO: [ template_filter ] --START--
INFO: Run Behavior\ContentReplaceBehavior [ RunTime:0.000504s ]
INFO: [ template_filter ] --END-- [ RunTime:0.000700s ]
INFO: Run Behavior\ParseTemplateBehavior [ RunTime:0.031008s ]
INFO: [ view_parse ] --END-- [ RunTime:0.031135s ]
INFO: [ view_filter ] --START--
INFO: Run Behavior\WriteHtmlCacheBehavior [ RunTime:0.001600s ]
INFO: [ view_filter ] --END-- [ RunTime:0.001689s ]
INFO: [ app_end ] --START--
INFO: Run Behavior\ShowPageTraceBehavior [ RunTime:0.003879s ]
INFO: [ app_end ] --END-- [ RunTime:0.004044s ]

[ 2018-02-26T00:02:55+08:00 ] 127.0.0.1 /admin.php/Goods/goodsdelt/id/24
INFO: [ app_init ] --START--
INFO: Run Behavior\BuildLiteBehavior [ RunTime:0.000038s ]
INFO: [ app_init ] --END-- [ RunTime:0.002070s ]
INFO: [ app_begin ] --START--
INFO: Run Behavior\ReadHtmlCacheBehavior [ RunTime:0.001688s ]
INFO: [ app_begin ] --END-- [ RunTime:0.001803s ]
NOTIC: [2] Declaration of Admin\Model\GoodsModel::_after_insert(&$data, $option) should be compatible with Think\Model::_after_insert($data, $options) E:\myServer\www\nisashop\application\Admin\Model\GoodsModel.class.php 第 6 行.
SQL: SHOW COLUMNS FROM `sp_goods` [ RunTime:0.002651s ]
SQL: SELECT `original`,`sm_thumb`,`mid_thumb`,`max_thumb` FROM `sp_goods` WHERE ( `id` = 24 ) LIMIT 1   [ RunTime:0.000918s ]
SQL: SHOW COLUMNS FROM `sp_goodspic` [ RunTime:0.002209s ]
SQL: SELECT * FROM `sp_goodspic` WHERE ( `goods_id` = 24 )  [ RunTime:0.000773s ]
SQL: DELETE FROM `sp_goodspic` WHERE ( `goods_id` = 24 ) [ RunTime:0.039949s ]
SQL: SHOW COLUMNS FROM `sp_attrprice` [ RunTime:0.054622s ]
SQL: DELETE FROM `sp_attrprice` WHERE ( `goods_id` = 24 ) [ RunTime:0.029460s ]
SQL: SHOW COLUMNS FROM `sp_vipprice` [ RunTime:0.055585s ]
SQL: DELETE FROM `sp_vipprice` WHERE ( `goods_id` = 24 ) [ RunTime:0.022238s ]
SQL: SHOW COLUMNS FROM `sp_product` [ RunTime:0.054962s ]
SQL: DELETE FROM `sp_product` WHERE ( `goods_id` = 24 ) [ RunTime:0.029504s ]
SQL: DELETE FROM `sp_goods` WHERE ( `id` = 24 ) [ RunTime:0.054498s ]
INFO: [ view_parse ] --START--
INFO: [ template_filter ] --START--
INFO: Run Behavior\ContentReplaceBehavior [ RunTime:0.000081s ]
INFO: [ template_filter ] --END-- [ RunTime:0.000193s ]
INFO: Run Behavior\ParseTemplateBehavior [ RunTime:0.018490s ]
INFO: [ view_parse ] --END-- [ RunTime:0.018605s ]
INFO: [ view_filter ] --START--
INFO: Run Behavior\WriteHtmlCacheBehavior [ RunTime:0.001473s ]
INFO: [ view_filter ] --END-- [ RunTime:0.001583s ]
INFO: [ app_end ] --START--
INFO: Run Behavior\ShowPageTraceBehavior [ RunTime:0.001989s ]
INFO: [ app_end ] --END-- [ RunTime:0.002124s ]

[ 2018-02-26T00:02:56+08:00 ] 127.0.0.1 /admin.php/goods/goodslist
INFO: [ app_init ] --START--
INFO: Run Behavior\BuildLiteBehavior [ RunTime:0.000028s ]
INFO: [ app_init ] --END-- [ RunTime:0.001371s ]
INFO: [ app_begin ] --START--
INFO: Run Behavior\ReadHtmlCacheBehavior [ RunTime:0.001685s ]
INFO: [ app_begin ] --END-- [ RunTime:0.001821s ]
NOTIC: [2] Declaration of Admin\Model\GoodsModel::_after_insert(&$data, $option) should be compatible with Think\Model::_after_insert($data, $options) E:\myServer\www\nisashop\application\Admin\Model\GoodsModel.class.php 第 6 行.
SQL: SHOW COLUMNS FROM `sp_goods` [ RunTime:0.001785s ]
SQL: SELECT COUNT(*) AS tp_count FROM `sp_goods` LIMIT 1   [ RunTime:0.000607s ]
SQL: SELECT a.*,SUM(b.goods_number) as gn,c.catename,br.brand_name FROM sp_goods a left join sp_product b on a.id=b.goods_id
                               left join sp_category c on a.cate_id=c.cateid
                               left join sp_brand br on .a.brand_id=br.id
                               GROUP BY a.id ORDER BY id desc LIMIT 0,5   [ RunTime:0.002509s ]
INFO: [ view_parse ] --START--
INFO: [ template_filter ] --START--
INFO: Run Behavior\ContentReplaceBehavior [ RunTime:0.000419s ]
INFO: [ template_filter ] --END-- [ RunTime:0.000530s ]
INFO: Run Behavior\ParseTemplateBehavior [ RunTime:0.024400s ]
INFO: [ view_parse ] --END-- [ RunTime:0.024519s ]
INFO: [ view_filter ] --START--
INFO: Run Behavior\WriteHtmlCacheBehavior [ RunTime:0.001002s ]
INFO: [ view_filter ] --END-- [ RunTime:0.001097s ]
INFO: [ app_end ] --START--
INFO: Run Behavior\ShowPageTraceBehavior [ RunTime:0.002778s ]
INFO: [ app_end ] --END-- [ RunTime:0.002912s ]

